8.3397 	EXP 	Created window1 = Window(allowGUI=False, allowStencil=False, autoLog=True, bitsMode=UNKNOWN, blendMode='avg', color=u'white', colorSpace='named', fullscr=UNKNOWN, gamma=None, lms=UNKNOWN, monitor=<psychopy.monitors.calibTools.Monitor object at 0x19287890>, multiSample=False, name='window1', numSamples=2, pos=[0, 0], screen=0, size=array([1920, 1080]), stereo=False, units=u'norm', useFBO=True, useRetina=False, viewOri=0.0, viewPos=None, viewScale=None, waitBlanking=True, winType='pyglet')
8.3397 	EXP 	window1: recordFrameIntervals = False
8.4228 	EXP 	window1: recordFrameIntervals = True
8.5396 	EXP 	window1: recordFrameIntervals = False
8.6113 	EXP 	Created start_text = TextStim(alignHoriz='center', alignVert='center', antialias=True, autoLog=True, bold=False, color=u'black', colorSpace='named', contrast=1.0, depth=-1.0, flipHoriz=False, flipVert=False, font=u'Arial', fontFiles=[], height=0.1, italic=False, name='start_text', opacity=1.0, ori=0, pos=array([ 0.,  0.]), rgb=array([ 0.,  0.,  0.]), text=u"Are you ready? Let's get started!", units=u'norm', win=Window(...), wrapWidth=1)
8.6184 	EXP 	Created vreminder_image = ImageStim(autoLog=True, color=array([ 1.,  1.,  1.]), colorSpace='rgb', contrast=1.0, depth=0.0, flipHoriz=False, flipVert=False, image=u'Alien12.BMP', interpolate=True, mask=None, maskParams=None, name='vreminder_image', opacity=1.0, ori=0.0, pos=array([ 0. , -0.3]), size=array([ 0.32916667,  0.55555556]), texRes=128, units=u'norm', win=Window(...))
8.6254 	EXP 	Created vreminder_text = TextStim(alignHoriz='center', alignVert='center', antialias=True, autoLog=True, bold=False, color='black', colorSpace='named', contrast=1.0, depth=0.0, flipHoriz=False, flipVert=False, font='Arial', fontFiles=[], height=0.1, italic=False, name='vreminder_text', opacity=1.0, ori=0, pos=array([ 0. ,  0.2]), rgb=array([ 0.,  0.,  0.]), text=u'Press the button when you see this!', units=u'norm', win=Window(...), wrapWidth=1)
9.5213 	EXP 	Set  sound=C
9.5262 	EXP 	Set  sound=reminder.wav
9.5262 	EXP 	Sound  set volume 1.000
9.5551 	EXP 	Created lreminder_image = ImageStim(autoLog=True, color=array([ 1.,  1.,  1.]), colorSpace='rgb', contrast=1.0, depth=0.0, flipHoriz=False, flipVert=False, image='c.png', interpolate=True, mask=None, maskParams=None, name='lreminder_image', opacity=1.0, ori=0.0, pos=array([ 0. , -0.3]), size=array([ 0.5       ,  1.07407407]), texRes=128, units=u'norm', win=Window(...))
9.5599 	EXP 	Created lreminder_text = TextStim(alignHoriz='center', alignVert='center', antialias=True, autoLog=True, bold=False, color='black', colorSpace='named', contrast=1.0, depth=0.0, flipHoriz=False, flipVert=False, font='Arial', fontFiles=[], height=0.1, italic=False, name='lreminder_text', opacity=1.0, ori=0, pos=array([-0. ,  0.4]), rgb=array([ 0.,  0.,  0.]), text=u'Press the button when you see this!', units=u'norm', win=Window(...), wrapWidth=1)
9.5625 	EXP 	Set  sound=reminder.wav
9.5625 	EXP 	Sound  set volume 1.000
9.5644 	EXP 	Created l_block_trial_image = ImageStim(autoLog=True, color=array([ 1.,  1.,  1.]), colorSpace='rgb', contrast=1.0, depth=0.0, flipHoriz=False, flipVert=False, image='sin', interpolate=True, mask=None, maskParams=None, name='l_block_trial_image', opacity=1.0, ori=0.0, pos=array([ 0.,  0.]), size=array([ 0.5,  0.5]), texRes=128, units=u'norm', win=Window(...))
9.5872 	EXP 	Created l_block_trial_blank = ImageStim(autoLog=True, color=array([ 1.,  1.,  1.]), colorSpace='rgb', contrast=1.0, depth=-1.0, flipHoriz=False, flipVert=False, image=u'blanka.png', interpolate=True, mask=None, maskParams=None, name='l_block_trial_blank', opacity=1.0, ori=0.0, pos=array([ 0.,  0.]), size=array([ 0.5       ,  1.07407407]), texRes=128, units=u'norm', win=Window(...))
9.5890 	EXP 	Created v_block_trial_image = ImageStim(autoLog=True, color=array([ 1.,  1.,  1.]), colorSpace='rgb', contrast=1.0, depth=0.0, flipHoriz=False, flipVert=False, image='sin', interpolate=True, mask=None, maskParams=None, name='v_block_trial_image', opacity=1.0, ori=0.0, pos=array([ 0.,  0.]), size=array([ 0.5,  0.5]), texRes=128, units=u'norm', win=Window(...))
9.5928 	EXP 	Created blank_image = ImageStim(autoLog=True, color=array([ 1.,  1.,  1.]), colorSpace='rgb', contrast=1.0, depth=-2.0, flipHoriz=False, flipVert=False, image=u'blank.PNG', interpolate=True, mask=None, maskParams=None, name='blank_image', opacity=1.0, ori=0.0, pos=array([ 0.,  0.]), size=array([ 0.3       ,  0.26666667]), texRes=128, units=u'norm', win=Window(...))
9.6058 	EXP 	Created end_fam_block_text = TextStim(alignHoriz='center', alignVert='center', antialias=True, autoLog=True, bold=False, color=u'black', colorSpace='named', contrast=1.0, depth=0.0, flipHoriz=False, flipVert=False, font=u'Arial', fontFiles=[], height=0.1, italic=False, name='end_fam_block_text', opacity=1.0, ori=0, pos=array([ 0.,  0.]), rgb=array([ 0.,  0.,  0.]), text=unicode(...), units=u'norm', win=Window(...), wrapWidth=1)
9.6148 	EXP 	Set  sound=pretest.wav
9.6149 	EXP 	Sound  set volume 1.000
9.6395 	EXP 	Created pretest_instr1_image = ImageStim(autoLog=True, color=array([ 1.,  1.,  1.]), colorSpace='rgb', contrast=1.0, depth=0.0, flipHoriz=False, flipVert=False, image=u'Ladder4.bmp', interpolate=True, mask=None, maskParams=None, name='pretest_instr1_image', opacity=1.0, ori=0.0, pos=array([ 0.,  0.]), size=array([ 0.66666667,  0.94814815]), texRes=128, units=u'norm', win=Window(...))
9.6456 	EXP 	Set  sound=pretest_instr1.wav
9.6456 	EXP 	Sound  set volume 1.000
9.6692 	EXP 	Created pretest_instr2_image = ImageStim(autoLog=True, color=array([ 1.,  1.,  1.]), colorSpace='rgb', contrast=1.0, depth=0.0, flipHoriz=False, flipVert=False, image=u'Ladder5.bmp', interpolate=True, mask=None, maskParams=None, name='pretest_instr2_image', opacity=1.0, ori=0.0, pos=array([ 0.,  0.]), size=array([ 0.66666667,  0.94814815]), texRes=128, units=u'norm', win=Window(...))
9.6764 	EXP 	Set  sound=pretest_instr2.wav
9.6764 	EXP 	Sound  set volume 1.000
9.6996 	EXP 	Created pretest_instr3_image = ImageStim(autoLog=True, color=array([ 1.,  1.,  1.]), colorSpace='rgb', contrast=1.0, depth=0.0, flipHoriz=False, flipVert=False, image=u'Ladder7.bmp', interpolate=True, mask=None, maskParams=None, name='pretest_instr3_image', opacity=1.0, ori=0.0, pos=array([ 0.,  0.]), size=array([ 0.66666667,  0.94814815]), texRes=128, units=u'norm', win=Window(...))
9.7047 	EXP 	Set  sound=pretest_instr3.wav
9.7047 	EXP 	Sound  set volume 1.000
9.7282 	EXP 	Created pretest_instr4_image = ImageStim(autoLog=True, color=array([ 1.,  1.,  1.]), colorSpace='rgb', contrast=1.0, depth=0.0, flipHoriz=False, flipVert=False, image=u'Ladder8.bmp', interpolate=True, mask=None, maskParams=None, name='pretest_instr4_image', opacity=1.0, ori=0.0, pos=array([ 0.,  0.]), size=array([ 0.66666667,  0.94814815]), texRes=128, units=u'norm', win=Window(...))
9.7354 	EXP 	Set  sound=pretest_instr4.wav
9.7354 	EXP 	Sound  set volume 1.000
9.7588 	EXP 	Created pretest_instr5_image = ImageStim(autoLog=True, color=array([ 1.,  1.,  1.]), colorSpace='rgb', contrast=1.0, depth=0.0, flipHoriz=False, flipVert=False, image=u'Ladder9.bmp', interpolate=True, mask=None, maskParams=None, name='pretest_instr5_image', opacity=1.0, ori=0.0, pos=array([ 0.,  0.]), size=array([ 0.66666667,  0.94814815]), texRes=128, units=u'norm', win=Window(...))
9.7679 	EXP 	Set  sound=pretest_instr5.wav
9.7679 	EXP 	Sound  set volume 1.000
9.8098 	EXP 	Created pretest_instr6_text = TextStim(alignHoriz='center', alignVert='center', antialias=True, autoLog=True, bold=False, color=u'black', colorSpace='named', contrast=1.0, depth=0.0, flipHoriz=False, flipVert=False, font=u'Arial', fontFiles=[], height=0.1, italic=False, name='pretest_instr6_text', opacity=1.0, ori=0, pos=array([ 0.,  0.]), rgb=array([ 0.,  0.,  0.]), text=unicode(...), units=u'norm', win=Window(...), wrapWidth=1)
9.8284 	EXP 	Set  sound=pretest_instr6.wav
9.8284 	EXP 	Sound  set volume 1.000
9.8304 	EXP 	Created test1_image = ImageStim(autoLog=True, color=array([ 1.,  1.,  1.]), colorSpace='rgb', contrast=1.0, depth=0.0, flipHoriz=False, flipVert=False, image='sin', interpolate=True, mask=None, maskParams=None, name='test1_image', opacity=1.0, ori=0.0, pos=array([ 0.,  0.]), size=array([ 0.5,  0.5]), texRes=128, units=u'norm', win=Window(...))
9.8343 	EXP 	Created test1_blank_image = ImageStim(autoLog=True, color=array([ 1.,  1.,  1.]), colorSpace='rgb', contrast=1.0, depth=-1.0, flipHoriz=False, flipVert=False, image=u'blank.png', interpolate=True, mask=None, maskParams=None, name='test1_blank_image', opacity=1.0, ori=0.0, pos=array([ 0.,  0.]), size=array([ 0.3       ,  0.26666667]), texRes=128, units=u'norm', win=Window(...))
9.8358 	EXP 	Created test2_image = ImageStim(autoLog=True, color=array([ 1.,  1.,  1.]), colorSpace='rgb', contrast=1.0, depth=0.0, flipHoriz=False, flipVert=False, image='sin', interpolate=True, mask=None, maskParams=None, name='test2_image', opacity=1.0, ori=0.0, pos=array([ 0.,  0.]), size=array([ 0.5,  0.5]), texRes=128, units=u'norm', win=Window(...))
9.8403 	EXP 	Created test2_blank_image = ImageStim(autoLog=True, color=array([ 1.,  1.,  1.]), colorSpace='rgb', contrast=1.0, depth=-1.0, flipHoriz=False, flipVert=False, image=u'blank.png', interpolate=True, mask=None, maskParams=None, name='test2_blank_image', opacity=1.0, ori=0.0, pos=array([ 0.,  0.]), size=array([ 0.3       ,  0.26666667]), texRes=128, units=u'norm', win=Window(...))
9.8419 	EXP 	Created test3_image = ImageStim(autoLog=True, color=array([ 1.,  1.,  1.]), colorSpace='rgb', contrast=1.0, depth=0.0, flipHoriz=False, flipVert=False, image='sin', interpolate=True, mask=None, maskParams=None, name='test3_image', opacity=1.0, ori=0.0, pos=array([ 0.,  0.]), size=array([ 0.5,  0.5]), texRes=128, units=u'norm', win=Window(...))
9.8458 	EXP 	Created test3_blank_image = ImageStim(autoLog=True, color=array([ 1.,  1.,  1.]), colorSpace='rgb', contrast=1.0, depth=-1.0, flipHoriz=False, flipVert=False, image=u'blank.png', interpolate=True, mask=None, maskParams=None, name='test3_blank_image', opacity=1.0, ori=0.0, pos=array([ 0.,  0.]), size=array([ 0.3       ,  0.26666667]), texRes=128, units=u'norm', win=Window(...))
9.8496 	EXP 	Created test_pause_image = ImageStim(autoLog=True, color=array([ 1.,  1.,  1.]), colorSpace='rgb', contrast=1.0, depth=0.0, flipHoriz=False, flipVert=False, image=u'blank.png', interpolate=True, mask=None, maskParams=None, name='test_pause_image', opacity=1.0, ori=0.0, pos=array([ 0.,  0.]), size=array([ 0.3       ,  0.26666667]), texRes=128, units=u'norm', win=Window(...))
9.8511 	EXP 	Created test4_image = ImageStim(autoLog=True, color=array([ 1.,  1.,  1.]), colorSpace='rgb', contrast=1.0, depth=0.0, flipHoriz=False, flipVert=False, image='sin', interpolate=True, mask=None, maskParams=None, name='test4_image', opacity=1.0, ori=0.0, pos=array([ 0.,  0.]), size=array([ 0.5,  0.5]), texRes=128, units=u'norm', win=Window(...))
9.8549 	EXP 	Created test4_blank_image = ImageStim(autoLog=True, color=array([ 1.,  1.,  1.]), colorSpace='rgb', contrast=1.0, depth=-1.0, flipHoriz=False, flipVert=False, image=u'blank.png', interpolate=True, mask=None, maskParams=None, name='test4_blank_image', opacity=1.0, ori=0.0, pos=array([ 0.,  0.]), size=array([ 0.3       ,  0.26666667]), texRes=128, units=u'norm', win=Window(...))
9.8564 	EXP 	Created test5_image = ImageStim(autoLog=True, color=array([ 1.,  1.,  1.]), colorSpace='rgb', contrast=1.0, depth=0.0, flipHoriz=False, flipVert=False, image='sin', interpolate=True, mask=None, maskParams=None, name='test5_image', opacity=1.0, ori=0.0, pos=array([ 0.,  0.]), size=array([ 0.5,  0.5]), texRes=128, units=u'norm', win=Window(...))
9.8605 	EXP 	Created test5_blank_image = ImageStim(autoLog=True, color=array([ 1.,  1.,  1.]), colorSpace='rgb', contrast=1.0, depth=-1.0, flipHoriz=False, flipVert=False, image=u'blank.png', interpolate=True, mask=None, maskParams=None, name='test5_blank_image', opacity=1.0, ori=0.0, pos=array([ 0.,  0.]), size=array([ 0.3       ,  0.26666667]), texRes=128, units=u'norm', win=Window(...))
9.8620 	EXP 	Created test6_image = ImageStim(autoLog=True, color=array([ 1.,  1.,  1.]), colorSpace='rgb', contrast=1.0, depth=0.0, flipHoriz=False, flipVert=False, image='sin', interpolate=True, mask=None, maskParams=None, name='test6_image', opacity=1.0, ori=0.0, pos=array([ 0.,  0.]), size=array([ 0.5,  0.5]), texRes=128, units=u'norm', win=Window(...))
9.8657 	EXP 	Created test6_blank_image = ImageStim(autoLog=True, color=array([ 1.,  1.,  1.]), colorSpace='rgb', contrast=1.0, depth=-1.0, flipHoriz=False, flipVert=False, image=u'blank.png', interpolate=True, mask=None, maskParams=None, name='test6_blank_image', opacity=1.0, ori=0.0, pos=array([ 0.,  0.]), size=array([ 0.3       ,  0.26666667]), texRes=128, units=u'norm', win=Window(...))
9.8762 	EXP 	Created question_text = TextStim(alignHoriz='center', alignVert='center', antialias=True, autoLog=True, bold=False, color=u'black', colorSpace='named', contrast=1.0, depth=0.0, flipHoriz=False, flipVert=False, font=u'Arial', fontFiles=[], height=0.1, italic=False, name='question_text', opacity=1.0, ori=0, pos=array([ 0.,  0.]), rgb=array([ 0.,  0.,  0.]), text=unicode(...), units=u'norm', win=Window(...), wrapWidth=1)
9.8878 	EXP 	Created end_text = TextStim(alignHoriz='center', alignVert='center', antialias=True, autoLog=True, bold=False, color=u'black', colorSpace='named', contrast=1.0, depth=0.0, flipHoriz=False, flipVert=False, font=u'Arial', fontFiles=[], height=0.1, italic=False, name='end_text', opacity=1.0, ori=0, pos=array([ 0.,  0.]), rgb=array([ 0.,  0.,  0.]), text=unicode(...), units=u'norm', win=Window(...), wrapWidth=1)
9.8930 	EXP 	Set  sound=instr_22.wav
9.8930 	EXP 	Sound  set volume 1.000
9.8954 	EXP 	Created blank_block_trial_image = ImageStim(autoLog=True, color=array([ 1.,  1.,  1.]), colorSpace='rgb', contrast=1.0, depth=0.0, flipHoriz=False, flipVert=False, image='sin', interpolate=True, mask=None, maskParams=None, name='blank_block_trial_image', opacity=1.0, ori=0.0, pos=array([ 0.,  0.]), size=array([ 0.5,  0.5]), texRes=128, units=u'norm', win=Window(...))
9.8960 	EXP 	window1: blendMode = 'avg'
9.9210 	EXP 	start_text: autoDraw = True
9.9212 	EXP 	window1: blendMode = 'avg'
9.9230 	EXP 	window1: blendMode = 'avg'
9.9276 	EXP 	window1: blendMode = 'avg'
9.9316 	EXP 	window1: blendMode = 'avg'
9.9400 	EXP 	window1: blendMode = 'avg'
9.9483 	EXP 	window1: blendMode = 'avg'
9.9567 	EXP 	window1: blendMode = 'avg'
9.9650 	EXP 	window1: blendMode = 'avg'
9.9734 	EXP 	window1: blendMode = 'avg'
9.9817 	EXP 	window1: blendMode = 'avg'
9.9900 	EXP 	window1: blendMode = 'avg'
9.9983 	EXP 	window1: blendMode = 'avg'
10.0067 	EXP 	window1: blendMode = 'avg'
10.0150 	EXP 	window1: blendMode = 'avg'
10.0234 	EXP 	window1: blendMode = 'avg'
10.0317 	EXP 	window1: blendMode = 'avg'
10.0427 	EXP 	window1: blendMode = 'avg'
10.0484 	EXP 	window1: blendMode = 'avg'
10.0567 	EXP 	window1: blendMode = 'avg'
10.0650 	EXP 	window1: blendMode = 'avg'
10.0734 	EXP 	window1: blendMode = 'avg'
10.0821 	EXP 	window1: blendMode = 'avg'
10.0900 	EXP 	window1: blendMode = 'avg'
10.0984 	EXP 	window1: blendMode = 'avg'
10.1068 	EXP 	window1: blendMode = 'avg'
10.1151 	EXP 	window1: blendMode = 'avg'
10.1234 	EXP 	window1: blendMode = 'avg'
10.1318 	EXP 	window1: blendMode = 'avg'
10.1401 	EXP 	window1: blendMode = 'avg'
10.1485 	EXP 	window1: blendMode = 'avg'
10.1568 	EXP 	window1: blendMode = 'avg'
10.1651 	EXP 	window1: blendMode = 'avg'
10.1735 	EXP 	window1: blendMode = 'avg'
10.1817 	EXP 	window1: blendMode = 'avg'
10.1901 	EXP 	window1: blendMode = 'avg'
10.1985 	EXP 	window1: blendMode = 'avg'
10.2068 	EXP 	window1: blendMode = 'avg'
10.2151 	EXP 	window1: blendMode = 'avg'
10.2235 	EXP 	window1: blendMode = 'avg'
10.2318 	EXP 	window1: blendMode = 'avg'
10.2401 	EXP 	window1: blendMode = 'avg'
10.2535 	EXP 	window1: blendMode = 'avg'
10.2567 	EXP 	window1: blendMode = 'avg'
10.2652 	EXP 	window1: blendMode = 'avg'
10.2734 	EXP 	window1: blendMode = 'avg'
10.2818 	EXP 	window1: blendMode = 'avg'
10.2902 	EXP 	window1: blendMode = 'avg'
10.2984 	EXP 	window1: blendMode = 'avg'
10.3068 	EXP 	window1: blendMode = 'avg'
10.3151 	EXP 	window1: blendMode = 'avg'
10.3235 	EXP 	window1: blendMode = 'avg'
10.3319 	EXP 	window1: blendMode = 'avg'
10.3401 	EXP 	window1: blendMode = 'avg'
10.3485 	EXP 	window1: blendMode = 'avg'
10.3568 	EXP 	window1: blendMode = 'avg'
10.3652 	EXP 	window1: blendMode = 'avg'
10.3735 	EXP 	window1: blendMode = 'avg'
10.3818 	EXP 	window1: blendMode = 'avg'
10.3901 	EXP 	window1: blendMode = 'avg'
10.3985 	EXP 	window1: blendMode = 'avg'
10.4068 	EXP 	window1: blendMode = 'avg'
10.4152 	EXP 	window1: blendMode = 'avg'
10.4235 	EXP 	window1: blendMode = 'avg'
10.4318 	EXP 	window1: blendMode = 'avg'
10.4402 	EXP 	window1: blendMode = 'avg'
10.4485 	EXP 	window1: blendMode = 'avg'
10.4568 	EXP 	window1: blendMode = 'avg'
10.4652 	EXP 	window1: blendMode = 'avg'
10.4735 	EXP 	window1: blendMode = 'avg'
10.4818 	EXP 	window1: blendMode = 'avg'
10.4902 	EXP 	window1: blendMode = 'avg'
10.4985 	EXP 	window1: blendMode = 'avg'
10.5068 	EXP 	window1: blendMode = 'avg'
10.5152 	EXP 	window1: blendMode = 'avg'
10.5235 	EXP 	window1: blendMode = 'avg'
10.5319 	EXP 	window1: blendMode = 'avg'
10.5402 	EXP 	window1: blendMode = 'avg'
10.5485 	EXP 	window1: blendMode = 'avg'
10.5568 	EXP 	window1: blendMode = 'avg'
10.5652 	EXP 	window1: blendMode = 'avg'
10.5735 	EXP 	window1: blendMode = 'avg'
10.5818 	EXP 	window1: blendMode = 'avg'
10.5929 	EXP 	window1: blendMode = 'avg'
10.5985 	EXP 	window1: blendMode = 'avg'
10.6068 	EXP 	window1: blendMode = 'avg'
10.6153 	EXP 	window1: blendMode = 'avg'
10.6235 	EXP 	window1: blendMode = 'avg'
10.6319 	EXP 	window1: blendMode = 'avg'
10.6402 	EXP 	window1: blendMode = 'avg'
10.6485 	EXP 	window1: blendMode = 'avg'
10.6568 	EXP 	window1: blendMode = 'avg'
10.6653 	EXP 	window1: blendMode = 'avg'
10.6735 	EXP 	window1: blendMode = 'avg'
10.6818 	EXP 	window1: blendMode = 'avg'
10.6902 	EXP 	window1: blendMode = 'avg'
10.6985 	EXP 	window1: blendMode = 'avg'
10.7069 	EXP 	window1: blendMode = 'avg'
10.7152 	EXP 	window1: blendMode = 'avg'
10.7235 	EXP 	window1: blendMode = 'avg'
10.7319 	EXP 	window1: blendMode = 'avg'
10.7402 	EXP 	window1: blendMode = 'avg'
10.7485 	EXP 	window1: blendMode = 'avg'
10.7614 	EXP 	window1: blendMode = 'avg'
10.7652 	EXP 	window1: blendMode = 'avg'
10.7736 	EXP 	window1: blendMode = 'avg'
10.7819 	EXP 	window1: blendMode = 'avg'
10.7902 	EXP 	window1: blendMode = 'avg'
10.7986 	EXP 	window1: blendMode = 'avg'
10.8069 	EXP 	window1: blendMode = 'avg'
10.8152 	EXP 	window1: blendMode = 'avg'
10.8235 	EXP 	window1: blendMode = 'avg'
10.8319 	EXP 	window1: blendMode = 'avg'
10.8402 	EXP 	window1: blendMode = 'avg'
10.8486 	EXP 	window1: blendMode = 'avg'
10.8569 	EXP 	window1: blendMode = 'avg'
10.8653 	EXP 	window1: blendMode = 'avg'
10.8736 	EXP 	window1: blendMode = 'avg'
10.8819 	EXP 	window1: blendMode = 'avg'
10.8903 	EXP 	window1: blendMode = 'avg'
10.8986 	EXP 	window1: blendMode = 'avg'
10.9069 	EXP 	window1: blendMode = 'avg'
10.9152 	EXP 	window1: blendMode = 'avg'
10.9236 	EXP 	window1: blendMode = 'avg'
10.9319 	EXP 	window1: blendMode = 'avg'
10.9403 	EXP 	window1: blendMode = 'avg'
10.9485 	EXP 	window1: blendMode = 'avg'
10.9569 	EXP 	window1: blendMode = 'avg'
10.9652 	EXP 	window1: blendMode = 'avg'
10.9735 	EXP 	window1: blendMode = 'avg'
10.9819 	EXP 	window1: blendMode = 'avg'
10.9902 	EXP 	window1: blendMode = 'avg'
10.9985 	EXP 	window1: blendMode = 'avg'
11.0069 	EXP 	window1: blendMode = 'avg'
11.0152 	EXP 	window1: blendMode = 'avg'
11.0236 	EXP 	window1: blendMode = 'avg'
11.0319 	EXP 	window1: blendMode = 'avg'
11.0403 	EXP 	window1: blendMode = 'avg'
11.0485 	EXP 	window1: blendMode = 'avg'
11.0569 	EXP 	window1: blendMode = 'avg'
11.0652 	EXP 	window1: blendMode = 'avg'
11.0736 	EXP 	window1: blendMode = 'avg'
11.0819 	EXP 	window1: blendMode = 'avg'
11.0902 	EXP 	window1: blendMode = 'avg'
11.0996 	EXP 	window1: blendMode = 'avg'
11.1069 	EXP 	window1: blendMode = 'avg'
11.1152 	EXP 	window1: blendMode = 'avg'
11.1236 	EXP 	window1: blendMode = 'avg'
11.1319 	EXP 	window1: blendMode = 'avg'
11.1402 	EXP 	window1: blendMode = 'avg'
11.1485 	EXP 	window1: blendMode = 'avg'
11.1569 	EXP 	window1: blendMode = 'avg'
11.1652 	EXP 	window1: blendMode = 'avg'
11.1736 	EXP 	window1: blendMode = 'avg'
11.1819 	EXP 	window1: blendMode = 'avg'
11.1902 	EXP 	window1: blendMode = 'avg'
11.1986 	EXP 	window1: blendMode = 'avg'
11.2069 	EXP 	window1: blendMode = 'avg'
11.2152 	EXP 	window1: blendMode = 'avg'
11.2236 	EXP 	window1: blendMode = 'avg'
11.2319 	EXP 	window1: blendMode = 'avg'
11.2402 	EXP 	window1: blendMode = 'avg'
11.2485 	EXP 	window1: blendMode = 'avg'
11.2569 	EXP 	window1: blendMode = 'avg'
11.2685 	EXP 	window1: blendMode = 'avg'
11.2735 	EXP 	window1: blendMode = 'avg'
11.2819 	EXP 	window1: blendMode = 'avg'
11.2902 	EXP 	window1: blendMode = 'avg'
11.2986 	EXP 	window1: blendMode = 'avg'
11.3069 	EXP 	window1: blendMode = 'avg'
11.3152 	EXP 	window1: blendMode = 'avg'
11.3236 	EXP 	window1: blendMode = 'avg'
11.3320 	EXP 	window1: blendMode = 'avg'
11.3403 	EXP 	window1: blendMode = 'avg'
11.3487 	EXP 	window1: blendMode = 'avg'
11.3569 	EXP 	window1: blendMode = 'avg'
11.3653 	EXP 	window1: blendMode = 'avg'
11.3736 	EXP 	window1: blendMode = 'avg'
11.3819 	EXP 	window1: blendMode = 'avg'
11.3902 	EXP 	window1: blendMode = 'avg'
11.3986 	EXP 	window1: blendMode = 'avg'
11.4070 	EXP 	window1: blendMode = 'avg'
11.4179 	EXP 	window1: blendMode = 'avg'
11.4236 	EXP 	window1: blendMode = 'avg'
11.4319 	EXP 	window1: blendMode = 'avg'
11.4403 	EXP 	window1: blendMode = 'avg'
11.4486 	EXP 	window1: blendMode = 'avg'
11.4569 	EXP 	window1: blendMode = 'avg'
11.4653 	EXP 	window1: blendMode = 'avg'
11.4737 	EXP 	window1: blendMode = 'avg'
11.4820 	EXP 	window1: blendMode = 'avg'
11.4903 	EXP 	window1: blendMode = 'avg'
11.4986 	EXP 	window1: blendMode = 'avg'
11.5070 	EXP 	window1: blendMode = 'avg'
11.5153 	EXP 	window1: blendMode = 'avg'
11.5236 	EXP 	window1: blendMode = 'avg'
11.5319 	EXP 	window1: blendMode = 'avg'
11.5403 	EXP 	window1: blendMode = 'avg'
11.5487 	EXP 	window1: blendMode = 'avg'
11.5569 	EXP 	window1: blendMode = 'avg'
11.5654 	EXP 	window1: blendMode = 'avg'
11.5736 	EXP 	window1: blendMode = 'avg'
11.5820 	EXP 	window1: blendMode = 'avg'
11.5903 	EXP 	window1: blendMode = 'avg'
11.5986 	EXP 	window1: blendMode = 'avg'
11.6090 	EXP 	window1: blendMode = 'avg'
11.6153 	EXP 	window1: blendMode = 'avg'
11.6236 	EXP 	window1: blendMode = 'avg'
11.6320 	EXP 	window1: blendMode = 'avg'
11.6403 	EXP 	window1: blendMode = 'avg'
11.6486 	EXP 	window1: blendMode = 'avg'
11.6570 	EXP 	window1: blendMode = 'avg'
11.6654 	EXP 	window1: blendMode = 'avg'
11.6737 	EXP 	window1: blendMode = 'avg'
11.6820 	EXP 	window1: blendMode = 'avg'
11.6904 	EXP 	window1: blendMode = 'avg'
11.6987 	EXP 	window1: blendMode = 'avg'
11.7070 	EXP 	window1: blendMode = 'avg'
11.7153 	EXP 	window1: blendMode = 'avg'
11.7236 	EXP 	window1: blendMode = 'avg'
11.7320 	EXP 	window1: blendMode = 'avg'
11.7403 	EXP 	window1: blendMode = 'avg'
11.7486 	EXP 	window1: blendMode = 'avg'
11.7570 	EXP 	window1: blendMode = 'avg'
11.7653 	EXP 	window1: blendMode = 'avg'
11.7765 	EXP 	window1: blendMode = 'avg'
11.7820 	EXP 	window1: blendMode = 'avg'
11.7903 	EXP 	window1: blendMode = 'avg'
11.7987 	EXP 	window1: blendMode = 'avg'
11.8070 	EXP 	window1: blendMode = 'avg'
11.8154 	EXP 	window1: blendMode = 'avg'
11.8237 	EXP 	window1: blendMode = 'avg'
11.8321 	EXP 	window1: blendMode = 'avg'
11.8404 	EXP 	window1: blendMode = 'avg'
11.8487 	EXP 	window1: blendMode = 'avg'
11.8570 	EXP 	window1: blendMode = 'avg'
11.8653 	EXP 	window1: blendMode = 'avg'
11.8737 	EXP 	window1: blendMode = 'avg'
11.8820 	EXP 	window1: blendMode = 'avg'
11.8903 	EXP 	window1: blendMode = 'avg'
11.8987 	EXP 	window1: blendMode = 'avg'
11.9070 	EXP 	window1: blendMode = 'avg'
11.9154 	EXP 	window1: blendMode = 'avg'
11.9237 	EXP 	window1: blendMode = 'avg'
11.9320 	EXP 	window1: blendMode = 'avg'
11.9404 	EXP 	window1: blendMode = 'avg'
11.9487 	EXP 	window1: blendMode = 'avg'
11.9570 	EXP 	window1: blendMode = 'avg'
11.9654 	EXP 	window1: blendMode = 'avg'
11.9737 	EXP 	window1: blendMode = 'avg'
11.9821 	EXP 	window1: blendMode = 'avg'
11.9904 	EXP 	window1: blendMode = 'avg'
11.9987 	EXP 	window1: blendMode = 'avg'
12.0070 	EXP 	window1: blendMode = 'avg'
12.0154 	EXP 	window1: blendMode = 'avg'
12.0237 	EXP 	window1: blendMode = 'avg'
12.0320 	EXP 	window1: blendMode = 'avg'
12.0404 	EXP 	window1: blendMode = 'avg'
12.0487 	EXP 	window1: blendMode = 'avg'
12.0570 	EXP 	window1: blendMode = 'avg'
12.0654 	EXP 	window1: blendMode = 'avg'
12.0737 	EXP 	window1: blendMode = 'avg'
12.0820 	EXP 	window1: blendMode = 'avg'
12.0904 	EXP 	window1: blendMode = 'avg'
12.0987 	EXP 	window1: blendMode = 'avg'
12.1070 	EXP 	window1: blendMode = 'avg'
12.1167 	EXP 	window1: blendMode = 'avg'
12.1237 	EXP 	window1: blendMode = 'avg'
12.1321 	EXP 	window1: blendMode = 'avg'
12.1404 	EXP 	window1: blendMode = 'avg'
12.1487 	EXP 	window1: blendMode = 'avg'
12.1573 	EXP 	window1: blendMode = 'avg'
12.1654 	EXP 	window1: blendMode = 'avg'
12.1737 	EXP 	window1: blendMode = 'avg'
12.1820 	EXP 	window1: blendMode = 'avg'
12.1904 	EXP 	window1: blendMode = 'avg'
12.1987 	EXP 	window1: blendMode = 'avg'
12.2071 	EXP 	window1: blendMode = 'avg'
12.2154 	EXP 	window1: blendMode = 'avg'
12.2237 	EXP 	window1: blendMode = 'avg'
12.2320 	EXP 	window1: blendMode = 'avg'
12.2404 	EXP 	window1: blendMode = 'avg'
12.2487 	EXP 	window1: blendMode = 'avg'
12.2571 	EXP 	window1: blendMode = 'avg'
12.2654 	EXP 	window1: blendMode = 'avg'
12.2737 	EXP 	window1: blendMode = 'avg'
12.2841 	EXP 	window1: blendMode = 'avg'
12.2904 	EXP 	window1: blendMode = 'avg'
12.2988 	EXP 	window1: blendMode = 'avg'
12.3071 	EXP 	window1: blendMode = 'avg'
12.3154 	EXP 	window1: blendMode = 'avg'
12.3238 	EXP 	window1: blendMode = 'avg'
12.3321 	EXP 	window1: blendMode = 'avg'
12.3404 	EXP 	window1: blendMode = 'avg'
12.3488 	EXP 	window1: blendMode = 'avg'
12.3571 	EXP 	window1: blendMode = 'avg'
12.3654 	EXP 	window1: blendMode = 'avg'
12.3737 	EXP 	window1: blendMode = 'avg'
12.3821 	EXP 	window1: blendMode = 'avg'
12.3904 	EXP 	window1: blendMode = 'avg'
12.3987 	EXP 	window1: blendMode = 'avg'
12.4071 	EXP 	window1: blendMode = 'avg'
12.4155 	EXP 	window1: blendMode = 'avg'
12.4238 	EXP 	window1: blendMode = 'avg'
12.4321 	EXP 	window1: blendMode = 'avg'
12.4404 	EXP 	window1: blendMode = 'avg'
12.4488 	EXP 	window1: blendMode = 'avg'
12.4572 	EXP 	window1: blendMode = 'avg'
12.4655 	EXP 	window1: blendMode = 'avg'
12.4738 	EXP 	window1: blendMode = 'avg'
12.4822 	EXP 	window1: blendMode = 'avg'
12.4904 	EXP 	window1: blendMode = 'avg'
12.4988 	EXP 	window1: blendMode = 'avg'
12.5071 	EXP 	window1: blendMode = 'avg'
12.5154 	EXP 	window1: blendMode = 'avg'
12.5238 	EXP 	window1: blendMode = 'avg'
12.5321 	EXP 	window1: blendMode = 'avg'
12.5404 	EXP 	window1: blendMode = 'avg'
12.5488 	EXP 	window1: blendMode = 'avg'
12.5571 	EXP 	window1: blendMode = 'avg'
12.5655 	EXP 	window1: blendMode = 'avg'
12.5738 	EXP 	window1: blendMode = 'avg'
12.5822 	EXP 	window1: blendMode = 'avg'
12.5905 	EXP 	window1: blendMode = 'avg'
12.5988 	EXP 	window1: blendMode = 'avg'
12.6071 	EXP 	window1: blendMode = 'avg'
12.6155 	EXP 	window1: blendMode = 'avg'
12.6241 	EXP 	window1: blendMode = 'avg'
12.6322 	EXP 	window1: blendMode = 'avg'
12.6404 	EXP 	window1: blendMode = 'avg'
12.6488 	EXP 	window1: blendMode = 'avg'
12.6571 	EXP 	window1: blendMode = 'avg'
12.6656 	EXP 	window1: blendMode = 'avg'
12.6738 	EXP 	window1: blendMode = 'avg'
12.6821 	EXP 	window1: blendMode = 'avg'
12.6904 	EXP 	window1: blendMode = 'avg'
12.6988 	EXP 	window1: blendMode = 'avg'
12.7071 	EXP 	window1: blendMode = 'avg'
12.7155 	EXP 	window1: blendMode = 'avg'
12.7238 	EXP 	window1: blendMode = 'avg'
12.7321 	EXP 	window1: blendMode = 'avg'
12.7404 	EXP 	window1: blendMode = 'avg'
12.7488 	EXP 	window1: blendMode = 'avg'
12.7571 	EXP 	window1: blendMode = 'avg'
12.7654 	EXP 	window1: blendMode = 'avg'
12.7738 	EXP 	window1: blendMode = 'avg'
12.7822 	EXP 	window1: blendMode = 'avg'
12.7905 	EXP 	window1: blendMode = 'avg'
12.7988 	EXP 	window1: blendMode = 'avg'
12.8071 	EXP 	window1: blendMode = 'avg'
12.8155 	EXP 	window1: blendMode = 'avg'
12.8238 	EXP 	window1: blendMode = 'avg'
12.8321 	EXP 	window1: blendMode = 'avg'
12.8405 	EXP 	window1: blendMode = 'avg'
12.8488 	EXP 	window1: blendMode = 'avg'
12.8571 	EXP 	window1: blendMode = 'avg'
12.8655 	EXP 	window1: blendMode = 'avg'
12.8738 	EXP 	window1: blendMode = 'avg'
12.8822 	EXP 	window1: blendMode = 'avg'
12.8905 	EXP 	window1: blendMode = 'avg'
12.8988 	EXP 	window1: blendMode = 'avg'
12.9072 	EXP 	window1: blendMode = 'avg'
12.9155 	EXP 	window1: blendMode = 'avg'
12.9238 	EXP 	window1: blendMode = 'avg'
12.9321 	EXP 	window1: blendMode = 'avg'
12.9405 	EXP 	window1: blendMode = 'avg'
12.9488 	EXP 	window1: blendMode = 'avg'
12.9572 	EXP 	window1: blendMode = 'avg'
12.9655 	EXP 	window1: blendMode = 'avg'
12.9738 	EXP 	window1: blendMode = 'avg'
12.9822 	EXP 	window1: blendMode = 'avg'
12.9905 	EXP 	window1: blendMode = 'avg'
12.9988 	EXP 	window1: blendMode = 'avg'
13.0072 	EXP 	window1: blendMode = 'avg'
13.0155 	EXP 	window1: blendMode = 'avg'
13.0238 	EXP 	window1: blendMode = 'avg'
13.0322 	EXP 	window1: blendMode = 'avg'
13.0406 	EXP 	window1: blendMode = 'avg'
13.0488 	EXP 	window1: blendMode = 'avg'
13.0572 	EXP 	window1: blendMode = 'avg'
13.0655 	EXP 	window1: blendMode = 'avg'
13.0739 	EXP 	window1: blendMode = 'avg'
13.0822 	EXP 	window1: blendMode = 'avg'
13.0905 	EXP 	window1: blendMode = 'avg'
13.0989 	EXP 	window1: blendMode = 'avg'
13.1072 	EXP 	window1: blendMode = 'avg'
13.1155 	EXP 	window1: blendMode = 'avg'
13.1238 	EXP 	window1: blendMode = 'avg'
13.1322 	EXP 	window1: blendMode = 'avg'
13.1405 	EXP 	window1: blendMode = 'avg'
13.1489 	EXP 	window1: blendMode = 'avg'
13.1572 	EXP 	window1: blendMode = 'avg'
13.1655 	EXP 	window1: blendMode = 'avg'
13.1739 	EXP 	window1: blendMode = 'avg'
13.1822 	EXP 	window1: blendMode = 'avg'
13.1905 	EXP 	window1: blendMode = 'avg'
13.1989 	EXP 	window1: blendMode = 'avg'
13.2072 	EXP 	window1: blendMode = 'avg'
13.2155 	EXP 	window1: blendMode = 'avg'
13.2239 	EXP 	window1: blendMode = 'avg'
13.2322 	EXP 	window1: blendMode = 'avg'
13.2405 	EXP 	window1: blendMode = 'avg'
13.2489 	EXP 	window1: blendMode = 'avg'
13.2573 	EXP 	window1: blendMode = 'avg'
13.2655 	EXP 	window1: blendMode = 'avg'
13.2739 	EXP 	window1: blendMode = 'avg'
13.2822 	EXP 	window1: blendMode = 'avg'
13.2905 	EXP 	window1: blendMode = 'avg'
13.2990 	EXP 	window1: blendMode = 'avg'
13.3072 	EXP 	window1: blendMode = 'avg'
13.3156 	EXP 	window1: blendMode = 'avg'
13.3239 	EXP 	window1: blendMode = 'avg'
13.3322 	EXP 	window1: blendMode = 'avg'
13.3406 	EXP 	window1: blendMode = 'avg'
13.3489 	EXP 	window1: blendMode = 'avg'
13.3573 	EXP 	window1: blendMode = 'avg'
13.3656 	EXP 	window1: blendMode = 'avg'
13.3739 	EXP 	window1: blendMode = 'avg'
13.3822 	EXP 	window1: blendMode = 'avg'
13.3905 	EXP 	window1: blendMode = 'avg'
13.3989 	EXP 	window1: blendMode = 'avg'
13.4073 	EXP 	window1: blendMode = 'avg'
13.4157 	EXP 	window1: blendMode = 'avg'
13.4239 	EXP 	window1: blendMode = 'avg'
13.4323 	EXP 	window1: blendMode = 'avg'
13.4406 	EXP 	window1: blendMode = 'avg'
13.4490 	EXP 	window1: blendMode = 'avg'
13.4573 	EXP 	window1: blendMode = 'avg'
13.4656 	EXP 	window1: blendMode = 'avg'
13.4739 	EXP 	window1: blendMode = 'avg'
13.4823 	EXP 	window1: blendMode = 'avg'
13.4906 	EXP 	window1: blendMode = 'avg'
13.4990 	EXP 	window1: blendMode = 'avg'
13.5072 	EXP 	window1: blendMode = 'avg'
13.5156 	EXP 	window1: blendMode = 'avg'
13.5239 	EXP 	window1: blendMode = 'avg'
13.5323 	EXP 	window1: blendMode = 'avg'
13.5406 	EXP 	window1: blendMode = 'avg'
13.5489 	EXP 	window1: blendMode = 'avg'
13.5573 	EXP 	window1: blendMode = 'avg'
13.5656 	EXP 	window1: blendMode = 'avg'
13.5739 	EXP 	window1: blendMode = 'avg'
13.5823 	EXP 	window1: blendMode = 'avg'
13.5906 	EXP 	window1: blendMode = 'avg'
13.5990 	EXP 	window1: blendMode = 'avg'
13.6073 	EXP 	window1: blendMode = 'avg'
13.6156 	EXP 	window1: blendMode = 'avg'
13.6239 	EXP 	window1: blendMode = 'avg'
13.6323 	EXP 	window1: blendMode = 'avg'
13.6406 	EXP 	window1: blendMode = 'avg'
13.6490 	EXP 	window1: blendMode = 'avg'
13.6573 	EXP 	window1: blendMode = 'avg'
13.6656 	EXP 	window1: blendMode = 'avg'
13.6740 	EXP 	window1: blendMode = 'avg'
13.6823 	EXP 	window1: blendMode = 'avg'
13.6906 	EXP 	window1: blendMode = 'avg'
13.6990 	EXP 	window1: blendMode = 'avg'
13.7073 	EXP 	window1: blendMode = 'avg'
13.7156 	EXP 	window1: blendMode = 'avg'
13.7240 	EXP 	window1: blendMode = 'avg'
13.7323 	EXP 	window1: blendMode = 'avg'
13.7407 	EXP 	window1: blendMode = 'avg'
13.7490 	EXP 	window1: blendMode = 'avg'
13.7573 	EXP 	window1: blendMode = 'avg'
13.7656 	EXP 	window1: blendMode = 'avg'
13.7740 	EXP 	window1: blendMode = 'avg'
13.7823 	EXP 	window1: blendMode = 'avg'
13.7906 	EXP 	window1: blendMode = 'avg'
13.7990 	EXP 	window1: blendMode = 'avg'
13.8073 	EXP 	window1: blendMode = 'avg'
13.8156 	EXP 	window1: blendMode = 'avg'
13.8240 	EXP 	window1: blendMode = 'avg'
13.8323 	EXP 	window1: blendMode = 'avg'
13.8406 	EXP 	window1: blendMode = 'avg'
13.8490 	EXP 	window1: blendMode = 'avg'
13.8573 	EXP 	window1: blendMode = 'avg'
13.8657 	EXP 	window1: blendMode = 'avg'
13.8740 	EXP 	window1: blendMode = 'avg'
13.8823 	EXP 	window1: blendMode = 'avg'
13.8907 	EXP 	window1: blendMode = 'avg'
13.8990 	EXP 	window1: blendMode = 'avg'
13.9074 	EXP 	window1: blendMode = 'avg'
13.9157 	EXP 	window1: blendMode = 'avg'
13.9240 	EXP 	window1: blendMode = 'avg'
13.9323 	EXP 	window1: blendMode = 'avg'
13.9407 	EXP 	window1: blendMode = 'avg'
13.9490 	EXP 	window1: blendMode = 'avg'
13.9573 	EXP 	window1: blendMode = 'avg'
13.9657 	EXP 	window1: blendMode = 'avg'
13.9740 	EXP 	window1: blendMode = 'avg'
13.9823 	EXP 	window1: blendMode = 'avg'
13.9907 	EXP 	window1: blendMode = 'avg'
13.9990 	EXP 	window1: blendMode = 'avg'
14.0074 	EXP 	window1: blendMode = 'avg'
14.0157 	EXP 	window1: blendMode = 'avg'
14.0240 	EXP 	window1: blendMode = 'avg'
14.0323 	EXP 	window1: blendMode = 'avg'
14.0407 	EXP 	window1: blendMode = 'avg'
14.0491 	EXP 	window1: blendMode = 'avg'
14.0574 	EXP 	window1: blendMode = 'avg'
14.0657 	EXP 	window1: blendMode = 'avg'
14.0740 	EXP 	window1: blendMode = 'avg'
14.0823 	EXP 	window1: blendMode = 'avg'
14.0907 	EXP 	window1: blendMode = 'avg'
14.0991 	EXP 	window1: blendMode = 'avg'
14.1074 	EXP 	window1: blendMode = 'avg'
14.1157 	EXP 	window1: blendMode = 'avg'
14.1240 	EXP 	window1: blendMode = 'avg'
14.1324 	EXP 	window1: blendMode = 'avg'
14.1407 	EXP 	window1: blendMode = 'avg'
14.1491 	EXP 	window1: blendMode = 'avg'
14.1574 	EXP 	window1: blendMode = 'avg'
14.1657 	EXP 	window1: blendMode = 'avg'
14.1741 	EXP 	window1: blendMode = 'avg'
14.1824 	EXP 	window1: blendMode = 'avg'
14.1908 	EXP 	window1: blendMode = 'avg'
14.1991 	EXP 	window1: blendMode = 'avg'
14.2074 	EXP 	window1: blendMode = 'avg'
14.2157 	EXP 	window1: blendMode = 'avg'
14.2241 	EXP 	window1: blendMode = 'avg'
14.2324 	EXP 	window1: blendMode = 'avg'
14.2407 	EXP 	window1: blendMode = 'avg'
14.2490 	EXP 	window1: blendMode = 'avg'
14.2574 	EXP 	window1: blendMode = 'avg'
14.2657 	EXP 	window1: blendMode = 'avg'
14.2741 	EXP 	window1: blendMode = 'avg'
14.2824 	EXP 	window1: blendMode = 'avg'
14.2907 	EXP 	window1: blendMode = 'avg'
14.2991 	EXP 	window1: blendMode = 'avg'
14.3074 	EXP 	window1: blendMode = 'avg'
14.3158 	EXP 	window1: blendMode = 'avg'
14.3241 	EXP 	window1: blendMode = 'avg'
14.3324 	EXP 	window1: blendMode = 'avg'
14.3407 	EXP 	window1: blendMode = 'avg'
14.3491 	EXP 	window1: blendMode = 'avg'
14.3574 	EXP 	window1: blendMode = 'avg'
14.3657 	EXP 	window1: blendMode = 'avg'
14.3741 	EXP 	window1: blendMode = 'avg'
14.3824 	EXP 	window1: blendMode = 'avg'
14.3907 	EXP 	window1: blendMode = 'avg'
14.3992 	EXP 	window1: blendMode = 'avg'
14.4074 	EXP 	window1: blendMode = 'avg'
14.4158 	EXP 	window1: blendMode = 'avg'
14.4241 	EXP 	window1: blendMode = 'avg'
14.4324 	EXP 	window1: blendMode = 'avg'
14.4408 	EXP 	window1: blendMode = 'avg'
14.4491 	EXP 	window1: blendMode = 'avg'
14.4574 	EXP 	window1: blendMode = 'avg'
14.4658 	EXP 	window1: blendMode = 'avg'
14.4741 	EXP 	window1: blendMode = 'avg'
14.4824 	EXP 	window1: blendMode = 'avg'
14.4907 	EXP 	window1: blendMode = 'avg'
14.4991 	EXP 	window1: blendMode = 'avg'
14.5074 	EXP 	window1: blendMode = 'avg'
14.5158 	EXP 	window1: blendMode = 'avg'
14.5241 	EXP 	window1: blendMode = 'avg'
14.5325 	EXP 	window1: blendMode = 'avg'
14.5408 	EXP 	window1: blendMode = 'avg'
14.5491 	EXP 	window1: blendMode = 'avg'
14.5574 	EXP 	window1: blendMode = 'avg'
14.5658 	EXP 	window1: blendMode = 'avg'
14.5741 	EXP 	window1: blendMode = 'avg'
14.5824 	EXP 	window1: blendMode = 'avg'
14.5908 	EXP 	window1: blendMode = 'avg'
14.5991 	EXP 	window1: blendMode = 'avg'
14.6075 	EXP 	window1: blendMode = 'avg'
14.6158 	EXP 	window1: blendMode = 'avg'
14.6241 	EXP 	window1: blendMode = 'avg'
14.6325 	EXP 	window1: blendMode = 'avg'
14.6408 	EXP 	window1: blendMode = 'avg'
14.6491 	EXP 	window1: blendMode = 'avg'
14.6575 	EXP 	window1: blendMode = 'avg'
14.6658 	EXP 	window1: blendMode = 'avg'
14.6741 	EXP 	window1: blendMode = 'avg'
14.6825 	EXP 	window1: blendMode = 'avg'
14.6908 	EXP 	window1: blendMode = 'avg'
14.6992 	EXP 	window1: blendMode = 'avg'
14.7075 	EXP 	window1: blendMode = 'avg'
14.7158 	EXP 	window1: blendMode = 'avg'
14.7242 	EXP 	window1: blendMode = 'avg'
14.7325 	EXP 	window1: blendMode = 'avg'
14.7408 	EXP 	window1: blendMode = 'avg'
14.7491 	EXP 	window1: blendMode = 'avg'
14.7575 	EXP 	window1: blendMode = 'avg'
14.7658 	EXP 	window1: blendMode = 'avg'
14.7742 	EXP 	window1: blendMode = 'avg'
14.7825 	EXP 	window1: blendMode = 'avg'
14.7908 	EXP 	window1: blendMode = 'avg'
14.7991 	EXP 	window1: blendMode = 'avg'
14.8076 	EXP 	window1: blendMode = 'avg'
14.8159 	EXP 	window1: blendMode = 'avg'
14.8242 	EXP 	window1: blendMode = 'avg'
14.8326 	EXP 	window1: blendMode = 'avg'
14.8409 	EXP 	window1: blendMode = 'avg'
14.8493 	EXP 	window1: blendMode = 'avg'
14.8576 	EXP 	window1: blendMode = 'avg'
14.8660 	EXP 	window1: blendMode = 'avg'
14.8743 	EXP 	window1: blendMode = 'avg'
14.8826 	EXP 	window1: blendMode = 'avg'
14.8909 	EXP 	window1: blendMode = 'avg'
14.8993 	EXP 	window1: blendMode = 'avg'
14.9075 	EXP 	window1: blendMode = 'avg'
14.9159 	EXP 	window1: blendMode = 'avg'
14.9242 	EXP 	window1: blendMode = 'avg'
14.9325 	EXP 	window1: blendMode = 'avg'
14.9408 	EXP 	window1: blendMode = 'avg'
14.9492 	EXP 	window1: blendMode = 'avg'
14.9575 	EXP 	window1: blendMode = 'avg'
14.9658 	EXP 	window1: blendMode = 'avg'
14.9742 	EXP 	window1: blendMode = 'avg'
14.9825 	EXP 	window1: blendMode = 'avg'
14.9909 	EXP 	window1: blendMode = 'avg'
14.9992 	EXP 	window1: blendMode = 'avg'
15.0075 	EXP 	window1: blendMode = 'avg'
15.0159 	EXP 	window1: blendMode = 'avg'
15.0242 	EXP 	window1: blendMode = 'avg'
15.0325 	EXP 	window1: blendMode = 'avg'
15.0408 	EXP 	window1: blendMode = 'avg'
15.0492 	EXP 	window1: blendMode = 'avg'
15.0575 	EXP 	window1: blendMode = 'avg'
15.0659 	EXP 	window1: blendMode = 'avg'
15.0744 	EXP 	window1: blendMode = 'avg'
15.0826 	EXP 	window1: blendMode = 'avg'
15.0909 	EXP 	window1: blendMode = 'avg'
15.0993 	EXP 	window1: blendMode = 'avg'
15.1075 	EXP 	window1: blendMode = 'avg'
15.1159 	EXP 	window1: blendMode = 'avg'
15.1242 	EXP 	window1: blendMode = 'avg'
15.1325 	EXP 	window1: blendMode = 'avg'
15.1409 	EXP 	window1: blendMode = 'avg'
15.1493 	EXP 	window1: blendMode = 'avg'
15.1576 	EXP 	window1: blendMode = 'avg'
15.1659 	EXP 	window1: blendMode = 'avg'
15.1743 	EXP 	window1: blendMode = 'avg'
15.1826 	EXP 	window1: blendMode = 'avg'
15.1909 	EXP 	window1: blendMode = 'avg'
15.1993 	EXP 	window1: blendMode = 'avg'
15.2076 	EXP 	window1: blendMode = 'avg'
15.2159 	EXP 	window1: blendMode = 'avg'
15.2243 	EXP 	window1: blendMode = 'avg'
15.2326 	EXP 	window1: blendMode = 'avg'
15.2409 	EXP 	window1: blendMode = 'avg'
15.2493 	EXP 	window1: blendMode = 'avg'
15.2576 	EXP 	window1: blendMode = 'avg'
15.2659 	EXP 	window1: blendMode = 'avg'
15.2743 	EXP 	window1: blendMode = 'avg'
15.2826 	EXP 	window1: blendMode = 'avg'
15.2909 	EXP 	window1: blendMode = 'avg'
15.2993 	EXP 	window1: blendMode = 'avg'
15.3076 	EXP 	window1: blendMode = 'avg'
15.3159 	EXP 	window1: blendMode = 'avg'
15.3243 	EXP 	window1: blendMode = 'avg'
15.3326 	EXP 	window1: blendMode = 'avg'
15.3410 	EXP 	window1: blendMode = 'avg'
15.3493 	EXP 	window1: blendMode = 'avg'
15.3576 	EXP 	window1: blendMode = 'avg'
15.3659 	EXP 	window1: blendMode = 'avg'
15.3743 	EXP 	window1: blendMode = 'avg'
15.3826 	EXP 	window1: blendMode = 'avg'
15.3909 	EXP 	window1: blendMode = 'avg'
15.3994 	EXP 	window1: blendMode = 'avg'
15.4076 	EXP 	window1: blendMode = 'avg'
15.4159 	EXP 	window1: blendMode = 'avg'
15.4243 	EXP 	window1: blendMode = 'avg'
15.4326 	EXP 	window1: blendMode = 'avg'
15.4410 	EXP 	window1: blendMode = 'avg'
15.4493 	EXP 	window1: blendMode = 'avg'
15.4576 	EXP 	window1: blendMode = 'avg'
15.4659 	EXP 	window1: blendMode = 'avg'
15.4743 	EXP 	window1: blendMode = 'avg'
15.4826 	EXP 	window1: blendMode = 'avg'
15.4910 	EXP 	window1: blendMode = 'avg'
15.4993 	EXP 	window1: blendMode = 'avg'
15.5076 	EXP 	window1: blendMode = 'avg'
15.5160 	EXP 	window1: blendMode = 'avg'
15.5243 	EXP 	window1: blendMode = 'avg'
15.5327 	EXP 	window1: blendMode = 'avg'
15.5409 	EXP 	window1: blendMode = 'avg'
15.5493 	EXP 	window1: blendMode = 'avg'
15.5576 	EXP 	window1: blendMode = 'avg'
15.5660 	EXP 	window1: blendMode = 'avg'
15.5743 	EXP 	window1: blendMode = 'avg'
15.5826 	EXP 	window1: blendMode = 'avg'
15.5909 	EXP 	window1: blendMode = 'avg'
15.5993 	EXP 	window1: blendMode = 'avg'
15.6076 	EXP 	window1: blendMode = 'avg'
15.6160 	EXP 	window1: blendMode = 'avg'
15.6243 	EXP 	window1: blendMode = 'avg'
15.6327 	EXP 	window1: blendMode = 'avg'
15.6410 	EXP 	window1: blendMode = 'avg'
15.6493 	EXP 	window1: blendMode = 'avg'
15.6577 	EXP 	window1: blendMode = 'avg'
15.6660 	EXP 	window1: blendMode = 'avg'
15.6743 	EXP 	window1: blendMode = 'avg'
15.6826 	EXP 	window1: blendMode = 'avg'
15.6910 	EXP 	window1: blendMode = 'avg'
15.6993 	EXP 	window1: blendMode = 'avg'
15.7076 	DATA 	Keypress: escape
