15.5338 	EXP 	Created window1 = Window(allowGUI=False, allowStencil=False, autoLog=True, bitsMode=UNKNOWN, blendMode='avg', color=u'white', colorSpace='named', fullscr=UNKNOWN, gamma=None, lms=UNKNOWN, monitor=<psychopy.monitors.calibTools.Monitor object at 0x156AA630>, multiSample=False, name='window1', numSamples=2, pos=[0, 0], screen=0, size=array([1366,  768]), stereo=False, units=u'norm', useFBO=True, useRetina=False, viewOri=0.0, viewPos=None, viewScale=None, waitBlanking=True, winType='pyglet')
15.5339 	EXP 	window1: recordFrameIntervals = False
15.6994 	EXP 	window1: recordFrameIntervals = True
15.8831 	EXP 	window1: recordFrameIntervals = False
19.3764 	EXP 	Set  sound=C
19.4688 	EXP 	Set  sound=lsl_instr1.wav
19.4716 	EXP 	Sound  set volume 1.000
19.9838 	EXP 	Created instr1_text = TextStim(alignHoriz='center', alignVert='center', antialias=True, autoLog=True, bold=False, color=u'black', colorSpace='named', contrast=1.0, depth=-1.0, flipHoriz=False, flipVert=False, font=u'Arial', fontFiles=[], height=0.1, italic=False, name='instr1_text', opacity=1.0, ori=0, pos=array([ 0.,  0.]), rgb=array([ 0.,  0.,  0.]), text=unicode(...), units=u'norm', win=Window(...), wrapWidth=1)
20.0015 	EXP 	Set  sound=lsl_instr2.wav
20.0018 	EXP 	Sound  set volume 1.000
20.0664 	EXP 	Created instr2_text = TextStim(alignHoriz='center', alignVert='center', antialias=True, autoLog=True, bold=False, color=u'black', colorSpace='named', contrast=1.0, depth=-1.0, flipHoriz=False, flipVert=False, font=u'Arial', fontFiles=[], height=0.1, italic=False, name='instr2_text', opacity=1.0, ori=0, pos=array([ 0.,  0.]), rgb=array([ 0.,  0.,  0.]), text=unicode(...), units=u'norm', win=Window(...), wrapWidth=1)
20.0755 	EXP 	Set  sound=lsl_instr3.wav
20.0755 	EXP 	Sound  set volume 1.000
20.1117 	EXP 	Created instr3_text = TextStim(alignHoriz='center', alignVert='center', antialias=True, autoLog=True, bold=False, color=u'black', colorSpace='named', contrast=1.0, depth=-1.0, flipHoriz=False, flipVert=False, font=u'Arial', fontFiles=[], height=0.1, italic=False, name='instr3_text', opacity=1.0, ori=0, pos=array([ 0. , -0.3]), rgb=array([ 0.,  0.,  0.]), text=u'This is Klaptoo!', units=u'norm', win=Window(...), wrapWidth=1)
20.1136 	ERROR 	Couldn't find image Alien9.BMP; check path? (tried: D:\work\work1\fmri for lsl\Alien9.BMP)
12.3962 	DATA 	Mouse: Left button down, pos=(808,1)
12.3969 	DATA 	Mouse:  Left button up, pos=(808,1)
12.9329 	EXP 	Created window1 = Window(allowGUI=False, allowStencil=False, autoLog=True, bitsMode=UNKNOWN, blendMode='avg', color=u'white', colorSpace='named', fullscr=UNKNOWN, gamma=None, lms=UNKNOWN, monitor=<psychopy.monitors.calibTools.Monitor object at 0x1561B630>, multiSample=False, name='window1', numSamples=2, pos=[0, 0], screen=0, size=array([1366,  768]), stereo=False, units=u'norm', useFBO=True, useRetina=False, viewOri=0.0, viewPos=None, viewScale=None, waitBlanking=True, winType='pyglet')
12.9330 	EXP 	window1: recordFrameIntervals = False
13.0984 	EXP 	window1: recordFrameIntervals = True
13.2821 	EXP 	window1: recordFrameIntervals = False
16.3528 	EXP 	Set  sound=C
14.1169 	EXP 	Created window1 = Window(allowGUI=False, allowStencil=False, autoLog=True, bitsMode=UNKNOWN, blendMode='avg', color=u'white', colorSpace='named', fullscr=UNKNOWN, gamma=None, lms=UNKNOWN, monitor=<psychopy.monitors.calibTools.Monitor object at 0x15570630>, multiSample=False, name='window1', numSamples=2, pos=[0, 0], screen=0, size=array([1366,  768]), stereo=False, units=u'norm', useFBO=True, useRetina=False, viewOri=0.0, viewPos=None, viewScale=None, waitBlanking=True, winType='pyglet')
14.1171 	EXP 	window1: recordFrameIntervals = False
14.2829 	EXP 	window1: recordFrameIntervals = True
14.4669 	EXP 	window1: recordFrameIntervals = False
17.4041 	EXP 	Set  sound=C
17.4814 	EXP 	Set  sound=lsl_instr1.wav
17.4818 	EXP 	Sound  set volume 1.000
17.9897 	EXP 	Created instr1_text = TextStim(alignHoriz='center', alignVert='center', antialias=True, autoLog=True, bold=False, color=u'black', colorSpace='named', contrast=1.0, depth=-1.0, flipHoriz=False, flipVert=False, font=u'Arial', fontFiles=[], height=0.1, italic=False, name='instr1_text', opacity=1.0, ori=0, pos=array([ 0.,  0.]), rgb=array([ 0.,  0.,  0.]), text=unicode(...), units=u'norm', win=Window(...), wrapWidth=1)
18.0089 	EXP 	Set  sound=lsl_instr2.wav
18.0091 	EXP 	Sound  set volume 1.000
18.0736 	EXP 	Created instr2_text = TextStim(alignHoriz='center', alignVert='center', antialias=True, autoLog=True, bold=False, color=u'black', colorSpace='named', contrast=1.0, depth=-1.0, flipHoriz=False, flipVert=False, font=u'Arial', fontFiles=[], height=0.1, italic=False, name='instr2_text', opacity=1.0, ori=0, pos=array([ 0.,  0.]), rgb=array([ 0.,  0.,  0.]), text=unicode(...), units=u'norm', win=Window(...), wrapWidth=1)
18.0810 	EXP 	Set  sound=lsl_instr3.wav
18.0811 	EXP 	Sound  set volume 1.000
18.1228 	EXP 	Created instr3_text = TextStim(alignHoriz='center', alignVert='center', antialias=True, autoLog=True, bold=False, color=u'black', colorSpace='named', contrast=1.0, depth=-1.0, flipHoriz=False, flipVert=False, font=u'Arial', fontFiles=[], height=0.1, italic=False, name='instr3_text', opacity=1.0, ori=0, pos=array([ 0. , -0.3]), rgb=array([ 0.,  0.,  0.]), text=u'This is Klaptoo!', units=u'norm', win=Window(...), wrapWidth=1)
18.1398 	EXP 	Created instr3_image = ImageStim(autoLog=True, color=array([ 1.,  1.,  1.]), colorSpace='rgb', contrast=1.0, depth=-2.0, flipHoriz=False, flipVert=False, image=u'klaptoo.png', interpolate=True, mask=None, maskParams=None, name='instr3_image', opacity=1.0, ori=0.0, pos=array([ 0. ,  0.3]), size=array([ 0.28111274,  0.69010417]), texRes=128, units=u'norm', win=Window(...))
18.1918 	EXP 	Set  sound=lsl_instr4.wav
18.1921 	EXP 	Sound  set volume 1.000
18.3333 	EXP 	Created instr4_text = TextStim(alignHoriz='center', alignVert='center', antialias=True, autoLog=True, bold=False, color=u'black', colorSpace='named', contrast=1.0, depth=-1.0, flipHoriz=False, flipVert=False, font=u'Arial', fontFiles=[], height=0.1, italic=False, name='instr4_text', opacity=1.0, ori=0, pos=array([ 0. , -0.4]), rgb=array([ 0.,  0.,  0.]), text=unicode(...), units=u'norm', win=Window(...), wrapWidth=1)
18.3504 	EXP 	Created instr4_image = ImageStim(autoLog=True, color=array([ 1.,  1.,  1.]), colorSpace='rgb', contrast=1.0, depth=-2.0, flipHoriz=False, flipVert=False, image=u'klaptoo.png', interpolate=True, mask=None, maskParams=None, name='instr4_image', opacity=1.0, ori=0.0, pos=array([ 0. ,  0.3]), size=array([ 0.28111274,  0.69010417]), texRes=128, units=u'norm', win=Window(...))
18.4095 	EXP 	Created target_letter_image = ImageStim(autoLog=True, color=array([ 1.,  1.,  1.]), colorSpace='rgb', contrast=1.0, depth=0.0, flipHoriz=False, flipVert=False, image='K.png', interpolate=True, mask=None, maskParams=None, name='target_letter_image', opacity=1.0, ori=0.0, pos=array([ 0.,  0.]), size=array([ 0.70278184,  1.51041667]), texRes=128, units=u'norm', win=Window(...))
18.5091 	EXP 	Set  sound=lsl_instr5.wav
18.5094 	EXP 	Sound  set volume 1.000
18.7140 	EXP 	Created instr5_text = TextStim(alignHoriz='center', alignVert='center', antialias=True, autoLog=True, bold=False, color=u'black', colorSpace='named', contrast=1.0, depth=-1.0, flipHoriz=False, flipVert=False, font=u'Arial', fontFiles=[], height=0.1, italic=False, name='instr5_text', opacity=1.0, ori=0, pos=array([-0.4,  0. ]), rgb=array([ 0.,  0.,  0.]), text=unicode(...), units=u'norm', win=Window(...), wrapWidth=1)
18.7704 	EXP 	Created instr5_image = ImageStim(autoLog=True, color=array([ 1.,  1.,  1.]), colorSpace='rgb', contrast=1.0, depth=-2.0, flipHoriz=False, flipVert=False, image='K.png', interpolate=True, mask=None, maskParams=None, name='instr5_image', opacity=1.0, ori=0.0, pos=array([ 0.5,  0. ]), size=array([ 0.70278184,  1.51041667]), texRes=128, units=u'norm', win=Window(...))
18.7798 	EXP 	Created fam_trials_image = ImageStim(autoLog=True, color=array([ 1.,  1.,  1.]), colorSpace='rgb', contrast=1.0, depth=0.0, flipHoriz=False, flipVert=False, image='sin', interpolate=True, mask=None, maskParams=None, name='fam_trials_image', opacity=1.0, ori=0.0, pos=array([ 0.,  0.]), size=array([ 0.5,  0.5]), texRes=128, units=u'norm', win=Window(...))
18.8347 	EXP 	Created fam_trials_blank = ImageStim(autoLog=True, color=array([ 1.,  1.,  1.]), colorSpace='rgb', contrast=1.0, depth=-1.0, flipHoriz=False, flipVert=False, image=u'blank.png', interpolate=True, mask=None, maskParams=None, name='fam_trials_blank', opacity=1.0, ori=0.0, pos=array([ 0.,  0.]), size=array([ 0.70278184,  1.51041667]), texRes=128, units=u'norm', win=Window(...))
18.8419 	EXP 	Set  sound=ssl_instr8.wav
18.8419 	EXP 	Sound  set volume 1.000
18.8823 	EXP 	Created instr6_text = TextStim(alignHoriz='center', alignVert='center', antialias=True, autoLog=True, bold=False, color=u'black', colorSpace='named', contrast=1.0, depth=-1.0, flipHoriz=False, flipVert=False, font=u'Arial', fontFiles=[], height=0.1, italic=False, name='instr6_text', opacity=1.0, ori=0, pos=array([ 0.,  0.]), rgb=array([ 0.,  0.,  0.]), text=u'Great! You did it!', units=u'norm', win=Window(...), wrapWidth=1)
18.8843 	EXP 	Sound  started
18.8956 	EXP 	window1: blendMode = 'avg'
18.9205 	EXP 	instr1_text: autoDraw = True
18.9225 	EXP 	window1: blendMode = 'avg'
18.9341 	EXP 	window1: blendMode = 'avg'
18.9510 	EXP 	window1: blendMode = 'avg'
18.9672 	EXP 	window1: blendMode = 'avg'
18.9839 	EXP 	window1: blendMode = 'avg'
19.0013 	EXP 	window1: blendMode = 'avg'
19.0171 	EXP 	window1: blendMode = 'avg'
19.0350 	EXP 	window1: blendMode = 'avg'
19.0506 	EXP 	window1: blendMode = 'avg'
19.0674 	EXP 	window1: blendMode = 'avg'
19.0837 	EXP 	window1: blendMode = 'avg'
19.1005 	EXP 	window1: blendMode = 'avg'
19.1177 	EXP 	window1: blendMode = 'avg'
19.1352 	EXP 	window1: blendMode = 'avg'
19.1516 	EXP 	window1: blendMode = 'avg'
19.1688 	EXP 	window1: blendMode = 'avg'
19.1855 	EXP 	window1: blendMode = 'avg'
19.2015 	EXP 	window1: blendMode = 'avg'
19.2180 	EXP 	window1: blendMode = 'avg'
19.2350 	EXP 	window1: blendMode = 'avg'
19.2517 	EXP 	window1: blendMode = 'avg'
19.2681 	EXP 	window1: blendMode = 'avg'
19.2850 	EXP 	window1: blendMode = 'avg'
19.3015 	EXP 	window1: blendMode = 'avg'
19.3179 	EXP 	window1: blendMode = 'avg'
19.3350 	EXP 	window1: blendMode = 'avg'
19.3529 	EXP 	window1: blendMode = 'avg'
19.3680 	EXP 	window1: blendMode = 'avg'
19.3853 	EXP 	window1: blendMode = 'avg'
19.4017 	EXP 	window1: blendMode = 'avg'
19.4177 	EXP 	window1: blendMode = 'avg'
19.4360 	EXP 	window1: blendMode = 'avg'
19.4519 	EXP 	window1: blendMode = 'avg'
19.4689 	EXP 	window1: blendMode = 'avg'
19.4849 	EXP 	window1: blendMode = 'avg'
19.5019 	EXP 	window1: blendMode = 'avg'
19.5184 	EXP 	window1: blendMode = 'avg'
19.5349 	EXP 	window1: blendMode = 'avg'
19.5519 	EXP 	window1: blendMode = 'avg'
19.5680 	EXP 	window1: blendMode = 'avg'
19.5857 	EXP 	window1: blendMode = 'avg'
19.6023 	EXP 	window1: blendMode = 'avg'
19.6184 	EXP 	window1: blendMode = 'avg'
19.6357 	EXP 	window1: blendMode = 'avg'
19.6518 	EXP 	window1: blendMode = 'avg'
19.6679 	EXP 	window1: blendMode = 'avg'
19.6915 	EXP 	window1: blendMode = 'avg'
19.7182 	EXP 	window1: blendMode = 'avg'
19.7365 	EXP 	window1: blendMode = 'avg'
19.7514 	EXP 	window1: blendMode = 'avg'
19.7682 	EXP 	window1: blendMode = 'avg'
19.7851 	EXP 	window1: blendMode = 'avg'
19.7884 	DATA 	Keypress: space
19.8005 	EXP 	Sound  stopped
19.8038 	EXP 	Sound  started
19.8075 	EXP 	window1: blendMode = 'avg'
19.8330 	EXP 	instr1_text: autoDraw = False
19.8330 	EXP 	instr2_text: autoDraw = True
19.8349 	EXP 	window1: blendMode = 'avg'
19.8525 	EXP 	window1: blendMode = 'avg'
19.8694 	EXP 	window1: blendMode = 'avg'
19.8850 	EXP 	window1: blendMode = 'avg'
19.9016 	EXP 	window1: blendMode = 'avg'
19.9182 	EXP 	window1: blendMode = 'avg'
19.9349 	EXP 	window1: blendMode = 'avg'
19.9515 	EXP 	window1: blendMode = 'avg'
19.9686 	EXP 	window1: blendMode = 'avg'
19.9850 	EXP 	window1: blendMode = 'avg'
20.0017 	EXP 	window1: blendMode = 'avg'
20.0184 	EXP 	window1: blendMode = 'avg'
20.0355 	EXP 	window1: blendMode = 'avg'
20.0524 	EXP 	window1: blendMode = 'avg'
20.0681 	EXP 	window1: blendMode = 'avg'
20.0851 	EXP 	window1: blendMode = 'avg'
20.1016 	EXP 	window1: blendMode = 'avg'
20.1182 	EXP 	window1: blendMode = 'avg'
20.1361 	EXP 	window1: blendMode = 'avg'
20.1517 	EXP 	window1: blendMode = 'avg'
20.1686 	EXP 	window1: blendMode = 'avg'
20.1852 	EXP 	window1: blendMode = 'avg'
20.2025 	EXP 	window1: blendMode = 'avg'
20.2179 	EXP 	window1: blendMode = 'avg'
20.2352 	EXP 	window1: blendMode = 'avg'
20.2518 	EXP 	window1: blendMode = 'avg'
20.2674 	DATA 	Keypress: space
20.2679 	EXP 	Sound  stopped
20.2717 	EXP 	Sound  started
20.2760 	EXP 	window1: blendMode = 'avg'
20.3166 	EXP 	instr2_text: autoDraw = False
20.3166 	EXP 	instr3_text: autoDraw = True
20.3166 	EXP 	instr3_image: autoDraw = True
20.3185 	EXP 	window1: blendMode = 'avg'
20.3351 	EXP 	window1: blendMode = 'avg'
20.3527 	EXP 	window1: blendMode = 'avg'
20.3684 	EXP 	window1: blendMode = 'avg'
20.3849 	EXP 	window1: blendMode = 'avg'
20.4027 	EXP 	window1: blendMode = 'avg'
20.4183 	EXP 	window1: blendMode = 'avg'
20.4353 	EXP 	window1: blendMode = 'avg'
20.4525 	EXP 	window1: blendMode = 'avg'
20.4690 	EXP 	window1: blendMode = 'avg'
20.4868 	EXP 	window1: blendMode = 'avg'
20.5016 	EXP 	window1: blendMode = 'avg'
20.5189 	EXP 	window1: blendMode = 'avg'
20.5351 	EXP 	window1: blendMode = 'avg'
20.5513 	EXP 	window1: blendMode = 'avg'
20.5699 	EXP 	window1: blendMode = 'avg'
20.5849 	EXP 	window1: blendMode = 'avg'
20.6021 	EXP 	window1: blendMode = 'avg'
20.6180 	EXP 	window1: blendMode = 'avg'
20.6349 	EXP 	window1: blendMode = 'avg'
20.6514 	EXP 	window1: blendMode = 'avg'
20.6681 	EXP 	window1: blendMode = 'avg'
20.6863 	EXP 	window1: blendMode = 'avg'
20.7019 	EXP 	window1: blendMode = 'avg'
20.7180 	EXP 	window1: blendMode = 'avg'
20.7350 	EXP 	window1: blendMode = 'avg'
20.7521 	EXP 	window1: blendMode = 'avg'
20.7680 	EXP 	window1: blendMode = 'avg'
20.7851 	EXP 	window1: blendMode = 'avg'
20.8017 	EXP 	window1: blendMode = 'avg'
20.8179 	EXP 	window1: blendMode = 'avg'
20.8371 	EXP 	window1: blendMode = 'avg'
20.8515 	EXP 	window1: blendMode = 'avg'
20.8684 	EXP 	window1: blendMode = 'avg'
20.8843 	DATA 	Keypress: space
20.8849 	EXP 	Sound  stopped
20.8879 	EXP 	Sound  started
20.8931 	EXP 	window1: blendMode = 'avg'
20.9163 	EXP 	instr3_text: autoDraw = False
20.9163 	EXP 	instr3_image: autoDraw = False
20.9163 	EXP 	instr4_text: autoDraw = True
20.9163 	EXP 	instr4_image: autoDraw = True
20.9183 	EXP 	window1: blendMode = 'avg'
20.9350 	EXP 	window1: blendMode = 'avg'
20.9518 	EXP 	window1: blendMode = 'avg'
20.9684 	EXP 	window1: blendMode = 'avg'
20.9853 	EXP 	window1: blendMode = 'avg'
21.0028 	EXP 	window1: blendMode = 'avg'
21.0186 	EXP 	window1: blendMode = 'avg'
21.0347 	EXP 	window1: blendMode = 'avg'
21.0514 	EXP 	window1: blendMode = 'avg'
21.0683 	EXP 	window1: blendMode = 'avg'
21.0851 	EXP 	window1: blendMode = 'avg'
21.1023 	EXP 	window1: blendMode = 'avg'
21.1181 	EXP 	window1: blendMode = 'avg'
21.1354 	EXP 	window1: blendMode = 'avg'
21.1515 	EXP 	window1: blendMode = 'avg'
21.1683 	EXP 	window1: blendMode = 'avg'
21.1857 	EXP 	window1: blendMode = 'avg'
21.2016 	EXP 	window1: blendMode = 'avg'
21.2195 	EXP 	window1: blendMode = 'avg'
21.2346 	EXP 	window1: blendMode = 'avg'
21.2517 	EXP 	window1: blendMode = 'avg'
21.2680 	EXP 	window1: blendMode = 'avg'
21.2852 	EXP 	window1: blendMode = 'avg'
21.3017 	EXP 	window1: blendMode = 'avg'
21.3181 	EXP 	window1: blendMode = 'avg'
21.3355 	EXP 	window1: blendMode = 'avg'
21.3518 	EXP 	window1: blendMode = 'avg'
21.3687 	EXP 	window1: blendMode = 'avg'
21.3858 	EXP 	window1: blendMode = 'avg'
21.3893 	DATA 	Keypress: space
21.4002 	EXP 	Sound  stopped
21.4163 	EXP 	instr4_text: autoDraw = False
21.4163 	EXP 	instr4_image: autoDraw = False
21.4163 	EXP 	target_letter_image: autoDraw = True
21.9012 	DATA 	Keypress: space
21.9044 	EXP 	Sound  started
21.9076 	EXP 	window1: blendMode = 'avg'
21.9336 	EXP 	target_letter_image: autoDraw = False
21.9336 	EXP 	instr5_text: autoDraw = True
21.9336 	EXP 	instr5_image: autoDraw = True
21.9356 	EXP 	window1: blendMode = 'avg'
21.9518 	EXP 	window1: blendMode = 'avg'
21.9701 	EXP 	window1: blendMode = 'avg'
22.0020 	EXP 	window1: blendMode = 'avg'
22.0199 	EXP 	window1: blendMode = 'avg'
22.0540 	EXP 	window1: blendMode = 'avg'
22.0682 	EXP 	window1: blendMode = 'avg'
22.0853 	EXP 	window1: blendMode = 'avg'
22.1015 	EXP 	window1: blendMode = 'avg'
22.1203 	EXP 	window1: blendMode = 'avg'
22.1362 	EXP 	window1: blendMode = 'avg'
22.1686 	EXP 	window1: blendMode = 'avg'
22.1862 	EXP 	window1: blendMode = 'avg'
22.2020 	EXP 	window1: blendMode = 'avg'
22.2184 	EXP 	window1: blendMode = 'avg'
22.2371 	EXP 	window1: blendMode = 'avg'
22.2522 	EXP 	window1: blendMode = 'avg'
22.2698 	EXP 	window1: blendMode = 'avg'
22.2854 	EXP 	window1: blendMode = 'avg'
22.3023 	EXP 	window1: blendMode = 'avg'
22.3195 	EXP 	window1: blendMode = 'avg'
22.3350 	EXP 	window1: blendMode = 'avg'
22.3530 	EXP 	window1: blendMode = 'avg'
22.3683 	EXP 	window1: blendMode = 'avg'
22.3853 	EXP 	window1: blendMode = 'avg'
22.4025 	EXP 	window1: blendMode = 'avg'
22.4187 	EXP 	window1: blendMode = 'avg'
22.4354 	EXP 	window1: blendMode = 'avg'
22.4517 	EXP 	window1: blendMode = 'avg'
22.4688 	DATA 	Keypress: space
22.4717 	EXP 	window1: blendMode = 'avg'
22.5022 	EXP 	window1: blendMode = 'avg'
22.5194 	EXP 	window1: blendMode = 'avg'
22.5360 	EXP 	window1: blendMode = 'avg'
22.5519 	EXP 	window1: blendMode = 'avg'
22.5689 	EXP 	window1: blendMode = 'avg'
22.5879 	EXP 	window1: blendMode = 'avg'
22.6029 	EXP 	window1: blendMode = 'avg'
22.6191 	EXP 	window1: blendMode = 'avg'
22.6370 	EXP 	window1: blendMode = 'avg'
22.6524 	EXP 	window1: blendMode = 'avg'
22.6689 	EXP 	window1: blendMode = 'avg'
22.6860 	EXP 	window1: blendMode = 'avg'
22.7024 	EXP 	window1: blendMode = 'avg'
22.7212 	EXP 	window1: blendMode = 'avg'
22.7526 	EXP 	window1: blendMode = 'avg'
22.7692 	EXP 	window1: blendMode = 'avg'
22.7858 	EXP 	window1: blendMode = 'avg'
22.8029 	EXP 	window1: blendMode = 'avg'
22.8189 	EXP 	window1: blendMode = 'avg'
22.8361 	EXP 	window1: blendMode = 'avg'
22.8523 	EXP 	window1: blendMode = 'avg'
22.8692 	EXP 	window1: blendMode = 'avg'
22.8857 	EXP 	window1: blendMode = 'avg'
22.9028 	EXP 	window1: blendMode = 'avg'
22.9188 	EXP 	window1: blendMode = 'avg'
22.9360 	EXP 	window1: blendMode = 'avg'
22.9527 	EXP 	window1: blendMode = 'avg'
22.9692 	EXP 	window1: blendMode = 'avg'
22.9859 	EXP 	window1: blendMode = 'avg'
23.0024 	EXP 	window1: blendMode = 'avg'
23.0202 	EXP 	window1: blendMode = 'avg'
23.0355 	EXP 	window1: blendMode = 'avg'
23.0525 	EXP 	window1: blendMode = 'avg'
23.0689 	EXP 	window1: blendMode = 'avg'
23.0854 	EXP 	window1: blendMode = 'avg'
23.1032 	EXP 	window1: blendMode = 'avg'
23.1197 	EXP 	window1: blendMode = 'avg'
23.1364 	EXP 	window1: blendMode = 'avg'
23.1524 	EXP 	window1: blendMode = 'avg'
23.1690 	EXP 	window1: blendMode = 'avg'
23.1854 	EXP 	window1: blendMode = 'avg'
23.2025 	EXP 	window1: blendMode = 'avg'
23.2194 	EXP 	window1: blendMode = 'avg'
23.2355 	EXP 	window1: blendMode = 'avg'
23.2527 	EXP 	window1: blendMode = 'avg'
23.2687 	EXP 	window1: blendMode = 'avg'
23.2861 	EXP 	window1: blendMode = 'avg'
23.3027 	EXP 	window1: blendMode = 'avg'
23.3188 	EXP 	window1: blendMode = 'avg'
23.3356 	EXP 	window1: blendMode = 'avg'
23.3524 	EXP 	window1: blendMode = 'avg'
23.3694 	EXP 	window1: blendMode = 'avg'
23.3855 	EXP 	window1: blendMode = 'avg'
23.4035 	EXP 	window1: blendMode = 'avg'
23.4190 	EXP 	window1: blendMode = 'avg'
23.4421 	EXP 	window1: blendMode = 'avg'
23.4687 	EXP 	window1: blendMode = 'avg'
23.4856 	EXP 	window1: blendMode = 'avg'
23.5022 	EXP 	window1: blendMode = 'avg'
23.5214 	EXP 	window1: blendMode = 'avg'
23.5364 	EXP 	window1: blendMode = 'avg'
23.5700 	EXP 	window1: blendMode = 'avg'
23.5873 	EXP 	window1: blendMode = 'avg'
23.6026 	EXP 	window1: blendMode = 'avg'
23.6199 	EXP 	window1: blendMode = 'avg'
23.6365 	EXP 	window1: blendMode = 'avg'
23.6526 	EXP 	window1: blendMode = 'avg'
23.6704 	EXP 	window1: blendMode = 'avg'
23.6864 	EXP 	window1: blendMode = 'avg'
23.7030 	EXP 	window1: blendMode = 'avg'
23.7212 	EXP 	window1: blendMode = 'avg'
23.7363 	EXP 	window1: blendMode = 'avg'
23.7536 	EXP 	window1: blendMode = 'avg'
23.7709 	EXP 	window1: blendMode = 'avg'
23.7873 	EXP 	window1: blendMode = 'avg'
23.8042 	EXP 	window1: blendMode = 'avg'
23.8206 	EXP 	window1: blendMode = 'avg'
23.8367 	EXP 	window1: blendMode = 'avg'
23.8544 	EXP 	window1: blendMode = 'avg'
23.8705 	EXP 	window1: blendMode = 'avg'
23.8860 	EXP 	window1: blendMode = 'avg'
23.9038 	EXP 	window1: blendMode = 'avg'
23.9193 	EXP 	window1: blendMode = 'avg'
23.9377 	EXP 	window1: blendMode = 'avg'
23.9534 	EXP 	window1: blendMode = 'avg'
23.9698 	EXP 	window1: blendMode = 'avg'
23.9876 	EXP 	window1: blendMode = 'avg'
24.0034 	EXP 	window1: blendMode = 'avg'
24.0198 	EXP 	window1: blendMode = 'avg'
24.0380 	EXP 	window1: blendMode = 'avg'
24.0541 	EXP 	window1: blendMode = 'avg'
24.0703 	EXP 	window1: blendMode = 'avg'
24.0862 	EXP 	window1: blendMode = 'avg'
24.1029 	EXP 	window1: blendMode = 'avg'
24.1200 	EXP 	window1: blendMode = 'avg'
24.1370 	EXP 	window1: blendMode = 'avg'
24.1528 	EXP 	window1: blendMode = 'avg'
24.1712 	EXP 	window1: blendMode = 'avg'
24.1867 	EXP 	window1: blendMode = 'avg'
24.2027 	EXP 	window1: blendMode = 'avg'
24.2202 	EXP 	window1: blendMode = 'avg'
24.2378 	EXP 	window1: blendMode = 'avg'
24.2529 	EXP 	window1: blendMode = 'avg'
24.2702 	EXP 	window1: blendMode = 'avg'
24.2867 	EXP 	window1: blendMode = 'avg'
24.3035 	EXP 	window1: blendMode = 'avg'
24.3211 	EXP 	window1: blendMode = 'avg'
24.3362 	EXP 	window1: blendMode = 'avg'
24.3535 	EXP 	window1: blendMode = 'avg'
24.3707 	EXP 	window1: blendMode = 'avg'
24.3860 	EXP 	window1: blendMode = 'avg'
24.4033 	EXP 	window1: blendMode = 'avg'
24.4213 	EXP 	window1: blendMode = 'avg'
24.4370 	EXP 	window1: blendMode = 'avg'
24.4534 	EXP 	window1: blendMode = 'avg'
24.4694 	EXP 	window1: blendMode = 'avg'
24.5046 	EXP 	window1: blendMode = 'avg'
24.5210 	EXP 	window1: blendMode = 'avg'
24.5362 	EXP 	window1: blendMode = 'avg'
24.5532 	EXP 	window1: blendMode = 'avg'
24.5699 	EXP 	window1: blendMode = 'avg'
24.5879 	EXP 	window1: blendMode = 'avg'
24.6036 	EXP 	window1: blendMode = 'avg'
24.6207 	EXP 	window1: blendMode = 'avg'
24.6372 	EXP 	window1: blendMode = 'avg'
24.6529 	EXP 	window1: blendMode = 'avg'
24.6700 	EXP 	window1: blendMode = 'avg'
24.6869 	EXP 	window1: blendMode = 'avg'
24.7032 	EXP 	window1: blendMode = 'avg'
24.7200 	EXP 	window1: blendMode = 'avg'
24.7379 	EXP 	window1: blendMode = 'avg'
24.7532 	EXP 	window1: blendMode = 'avg'
24.7701 	EXP 	window1: blendMode = 'avg'
24.7868 	EXP 	window1: blendMode = 'avg'
24.8030 	EXP 	window1: blendMode = 'avg'
24.8196 	EXP 	window1: blendMode = 'avg'
24.8369 	EXP 	window1: blendMode = 'avg'
24.8531 	EXP 	window1: blendMode = 'avg'
24.8708 	EXP 	window1: blendMode = 'avg'
24.8865 	EXP 	window1: blendMode = 'avg'
24.9030 	EXP 	window1: blendMode = 'avg'
24.9207 	EXP 	window1: blendMode = 'avg'
24.9371 	EXP 	window1: blendMode = 'avg'
24.9531 	EXP 	window1: blendMode = 'avg'
24.9712 	EXP 	window1: blendMode = 'avg'
24.9861 	EXP 	window1: blendMode = 'avg'
25.0041 	EXP 	window1: blendMode = 'avg'
25.0199 	EXP 	window1: blendMode = 'avg'
25.0364 	EXP 	window1: blendMode = 'avg'
25.0543 	EXP 	window1: blendMode = 'avg'
25.0699 	EXP 	window1: blendMode = 'avg'
25.0871 	EXP 	window1: blendMode = 'avg'
25.1045 	EXP 	window1: blendMode = 'avg'
25.1201 	EXP 	window1: blendMode = 'avg'
25.1362 	EXP 	window1: blendMode = 'avg'
25.1538 	EXP 	window1: blendMode = 'avg'
25.1701 	EXP 	window1: blendMode = 'avg'
25.1863 	EXP 	window1: blendMode = 'avg'
25.2047 	EXP 	window1: blendMode = 'avg'
25.2200 	EXP 	window1: blendMode = 'avg'
25.2388 	EXP 	window1: blendMode = 'avg'
25.2537 	EXP 	window1: blendMode = 'avg'
25.2700 	EXP 	window1: blendMode = 'avg'
25.2888 	EXP 	window1: blendMode = 'avg'
25.3035 	EXP 	window1: blendMode = 'avg'
25.3214 	EXP 	window1: blendMode = 'avg'
25.3365 	EXP 	window1: blendMode = 'avg'
25.3542 	EXP 	window1: blendMode = 'avg'
25.3700 	EXP 	window1: blendMode = 'avg'
25.3876 	EXP 	window1: blendMode = 'avg'
25.4031 	EXP 	window1: blendMode = 'avg'
25.4204 	EXP 	window1: blendMode = 'avg'
25.4369 	EXP 	window1: blendMode = 'avg'
25.4534 	EXP 	window1: blendMode = 'avg'
25.4713 	EXP 	window1: blendMode = 'avg'
25.4872 	EXP 	window1: blendMode = 'avg'
25.5032 	EXP 	window1: blendMode = 'avg'
25.5224 	EXP 	window1: blendMode = 'avg'
25.5373 	EXP 	window1: blendMode = 'avg'
25.5537 	EXP 	window1: blendMode = 'avg'
25.5710 	EXP 	window1: blendMode = 'avg'
25.5890 	EXP 	window1: blendMode = 'avg'
25.6031 	EXP 	window1: blendMode = 'avg'
25.6203 	EXP 	window1: blendMode = 'avg'
25.6392 	EXP 	window1: blendMode = 'avg'
25.6538 	EXP 	window1: blendMode = 'avg'
25.6710 	EXP 	window1: blendMode = 'avg'
25.6864 	EXP 	window1: blendMode = 'avg'
25.7040 	EXP 	window1: blendMode = 'avg'
25.7212 	EXP 	window1: blendMode = 'avg'
25.7364 	EXP 	window1: blendMode = 'avg'
25.7542 	EXP 	window1: blendMode = 'avg'
25.7713 	EXP 	window1: blendMode = 'avg'
25.7861 	EXP 	window1: blendMode = 'avg'
25.8037 	EXP 	window1: blendMode = 'avg'
25.8197 	EXP 	window1: blendMode = 'avg'
25.8380 	EXP 	window1: blendMode = 'avg'
25.8540 	EXP 	window1: blendMode = 'avg'
25.8713 	EXP 	window1: blendMode = 'avg'
25.8883 	EXP 	window1: blendMode = 'avg'
25.9041 	EXP 	window1: blendMode = 'avg'
25.9200 	EXP 	window1: blendMode = 'avg'
25.9373 	EXP 	window1: blendMode = 'avg'
25.9534 	EXP 	window1: blendMode = 'avg'
25.9707 	EXP 	window1: blendMode = 'avg'
25.9877 	EXP 	window1: blendMode = 'avg'
26.0031 	EXP 	window1: blendMode = 'avg'
26.0219 	EXP 	window1: blendMode = 'avg'
26.0373 	EXP 	window1: blendMode = 'avg'
26.0533 	EXP 	window1: blendMode = 'avg'
26.0702 	EXP 	window1: blendMode = 'avg'
26.0865 	EXP 	window1: blendMode = 'avg'
26.1031 	EXP 	window1: blendMode = 'avg'
26.1210 	EXP 	window1: blendMode = 'avg'
26.1371 	EXP 	window1: blendMode = 'avg'
26.1531 	EXP 	window1: blendMode = 'avg'
26.1711 	EXP 	window1: blendMode = 'avg'
26.1878 	EXP 	window1: blendMode = 'avg'
26.2031 	EXP 	window1: blendMode = 'avg'
26.2204 	EXP 	window1: blendMode = 'avg'
26.2363 	EXP 	window1: blendMode = 'avg'
26.2543 	EXP 	window1: blendMode = 'avg'
26.2700 	EXP 	window1: blendMode = 'avg'
26.2892 	EXP 	window1: blendMode = 'avg'
26.3044 	EXP 	window1: blendMode = 'avg'
26.3197 	EXP 	window1: blendMode = 'avg'
26.3386 	EXP 	window1: blendMode = 'avg'
26.3542 	EXP 	window1: blendMode = 'avg'
26.3701 	EXP 	window1: blendMode = 'avg'
26.3900 	EXP 	window1: blendMode = 'avg'
26.4205 	EXP 	window1: blendMode = 'avg'
26.4367 	EXP 	window1: blendMode = 'avg'
26.4545 	EXP 	window1: blendMode = 'avg'
26.4700 	EXP 	window1: blendMode = 'avg'
26.4874 	EXP 	window1: blendMode = 'avg'
26.5063 	EXP 	window1: blendMode = 'avg'
26.5370 	EXP 	window1: blendMode = 'avg'
26.5537 	EXP 	window1: blendMode = 'avg'
26.5696 	EXP 	window1: blendMode = 'avg'
26.5876 	EXP 	window1: blendMode = 'avg'
26.6043 	EXP 	window1: blendMode = 'avg'
26.6196 	EXP 	window1: blendMode = 'avg'
26.6370 	EXP 	window1: blendMode = 'avg'
26.6542 	EXP 	window1: blendMode = 'avg'
26.6704 	EXP 	window1: blendMode = 'avg'
26.6878 	EXP 	window1: blendMode = 'avg'
26.7071 	EXP 	window1: blendMode = 'avg'
26.7367 	EXP 	window1: blendMode = 'avg'
26.7551 	EXP 	window1: blendMode = 'avg'
26.7882 	EXP 	window1: blendMode = 'avg'
26.8057 	EXP 	window1: blendMode = 'avg'
26.8214 	EXP 	window1: blendMode = 'avg'
26.8545 	EXP 	window1: blendMode = 'avg'
26.8724 	EXP 	window1: blendMode = 'avg'
26.8877 	EXP 	window1: blendMode = 'avg'
26.9050 	EXP 	window1: blendMode = 'avg'
26.9241 	EXP 	window1: blendMode = 'avg'
26.9544 	EXP 	window1: blendMode = 'avg'
26.9712 	EXP 	window1: blendMode = 'avg'
26.9880 	EXP 	window1: blendMode = 'avg'
27.0046 	EXP 	window1: blendMode = 'avg'
27.0215 	EXP 	window1: blendMode = 'avg'
27.0382 	EXP 	window1: blendMode = 'avg'
27.0543 	EXP 	window1: blendMode = 'avg'
27.0712 	EXP 	window1: blendMode = 'avg'
27.0881 	EXP 	window1: blendMode = 'avg'
27.1044 	EXP 	window1: blendMode = 'avg'
27.1220 	EXP 	window1: blendMode = 'avg'
27.1381 	EXP 	window1: blendMode = 'avg'
27.1547 	EXP 	window1: blendMode = 'avg'
27.1720 	EXP 	window1: blendMode = 'avg'
27.1883 	EXP 	window1: blendMode = 'avg'
27.2050 	EXP 	window1: blendMode = 'avg'
27.2212 	EXP 	window1: blendMode = 'avg'
27.2379 	EXP 	window1: blendMode = 'avg'
27.2547 	EXP 	window1: blendMode = 'avg'
27.2714 	EXP 	window1: blendMode = 'avg'
27.2881 	EXP 	window1: blendMode = 'avg'
27.3047 	EXP 	window1: blendMode = 'avg'
27.3218 	EXP 	window1: blendMode = 'avg'
27.3380 	EXP 	window1: blendMode = 'avg'
27.3547 	EXP 	window1: blendMode = 'avg'
27.3711 	EXP 	window1: blendMode = 'avg'
27.3893 	EXP 	window1: blendMode = 'avg'
27.4045 	EXP 	window1: blendMode = 'avg'
27.4212 	EXP 	window1: blendMode = 'avg'
27.4384 	EXP 	window1: blendMode = 'avg'
27.4545 	EXP 	window1: blendMode = 'avg'
27.4720 	EXP 	window1: blendMode = 'avg'
27.4884 	EXP 	window1: blendMode = 'avg'
27.5051 	EXP 	window1: blendMode = 'avg'
27.5220 	EXP 	window1: blendMode = 'avg'
27.5392 	EXP 	window1: blendMode = 'avg'
27.5542 	EXP 	window1: blendMode = 'avg'
27.5718 	EXP 	window1: blendMode = 'avg'
27.5895 	EXP 	window1: blendMode = 'avg'
27.6042 	EXP 	window1: blendMode = 'avg'
27.6219 	EXP 	window1: blendMode = 'avg'
27.6390 	EXP 	window1: blendMode = 'avg'
27.6544 	EXP 	window1: blendMode = 'avg'
27.6708 	EXP 	window1: blendMode = 'avg'
27.6884 	EXP 	window1: blendMode = 'avg'
27.7053 	EXP 	window1: blendMode = 'avg'
27.7215 	EXP 	window1: blendMode = 'avg'
27.7393 	EXP 	window1: blendMode = 'avg'
27.7564 	EXP 	window1: blendMode = 'avg'
27.7897 	EXP 	window1: blendMode = 'avg'
27.8054 	EXP 	window1: blendMode = 'avg'
27.8222 	EXP 	window1: blendMode = 'avg'
27.8389 	EXP 	window1: blendMode = 'avg'
27.8546 	EXP 	window1: blendMode = 'avg'
27.8725 	EXP 	window1: blendMode = 'avg'
27.8884 	EXP 	window1: blendMode = 'avg'
27.9060 	EXP 	window1: blendMode = 'avg'
27.9215 	EXP 	window1: blendMode = 'avg'
27.9382 	EXP 	window1: blendMode = 'avg'
27.9543 	EXP 	window1: blendMode = 'avg'
27.9723 	EXP 	window1: blendMode = 'avg'
27.9893 	EXP 	window1: blendMode = 'avg'
28.0048 	EXP 	window1: blendMode = 'avg'
28.0221 	EXP 	window1: blendMode = 'avg'
28.0385 	EXP 	window1: blendMode = 'avg'
28.0548 	EXP 	window1: blendMode = 'avg'
28.0718 	EXP 	window1: blendMode = 'avg'
28.0886 	EXP 	window1: blendMode = 'avg'
28.1044 	EXP 	window1: blendMode = 'avg'
28.1216 	EXP 	window1: blendMode = 'avg'
28.1381 	EXP 	window1: blendMode = 'avg'
28.1548 	EXP 	window1: blendMode = 'avg'
28.1720 	EXP 	window1: blendMode = 'avg'
28.1894 	EXP 	window1: blendMode = 'avg'
28.2054 	EXP 	window1: blendMode = 'avg'
28.2217 	EXP 	window1: blendMode = 'avg'
28.2381 	EXP 	window1: blendMode = 'avg'
28.2551 	EXP 	window1: blendMode = 'avg'
28.2718 	EXP 	window1: blendMode = 'avg'
28.2884 	EXP 	window1: blendMode = 'avg'
28.3209 	EXP 	window1: blendMode = 'avg'
28.3388 	EXP 	window1: blendMode = 'avg'
28.3552 	EXP 	window1: blendMode = 'avg'
28.3718 	EXP 	window1: blendMode = 'avg'
28.3875 	EXP 	window1: blendMode = 'avg'
28.4043 	EXP 	window1: blendMode = 'avg'
28.4221 	EXP 	window1: blendMode = 'avg'
28.4400 	EXP 	window1: blendMode = 'avg'
28.4550 	EXP 	window1: blendMode = 'avg'
28.4723 	EXP 	window1: blendMode = 'avg'
28.4883 	EXP 	window1: blendMode = 'avg'
28.5050 	EXP 	window1: blendMode = 'avg'
28.5220 	EXP 	window1: blendMode = 'avg'
28.5388 	EXP 	window1: blendMode = 'avg'
28.5550 	EXP 	window1: blendMode = 'avg'
28.5718 	EXP 	window1: blendMode = 'avg'
28.5891 	EXP 	window1: blendMode = 'avg'
28.6060 	EXP 	window1: blendMode = 'avg'
28.6225 	EXP 	window1: blendMode = 'avg'
28.6385 	EXP 	window1: blendMode = 'avg'
28.6550 	EXP 	window1: blendMode = 'avg'
28.6718 	EXP 	window1: blendMode = 'avg'
28.6938 	EXP 	window1: blendMode = 'avg'
28.7241 	EXP 	window1: blendMode = 'avg'
28.7419 	EXP 	window1: blendMode = 'avg'
28.7571 	EXP 	window1: blendMode = 'avg'
28.7747 	EXP 	window1: blendMode = 'avg'
28.7922 	EXP 	window1: blendMode = 'avg'
28.8079 	EXP 	window1: blendMode = 'avg'
28.8240 	EXP 	window1: blendMode = 'avg'
28.8410 	EXP 	window1: blendMode = 'avg'
28.8578 	EXP 	window1: blendMode = 'avg'
28.8741 	EXP 	window1: blendMode = 'avg'
28.8916 	EXP 	window1: blendMode = 'avg'
28.9072 	EXP 	window1: blendMode = 'avg'
28.9242 	EXP 	window1: blendMode = 'avg'
28.9418 	EXP 	window1: blendMode = 'avg'
28.9574 	EXP 	window1: blendMode = 'avg'
28.9742 	EXP 	window1: blendMode = 'avg'
28.9910 	EXP 	window1: blendMode = 'avg'
29.0071 	EXP 	window1: blendMode = 'avg'
29.0240 	EXP 	window1: blendMode = 'avg'
29.0424 	EXP 	window1: blendMode = 'avg'
29.0587 	EXP 	window1: blendMode = 'avg'
29.0740 	EXP 	window1: blendMode = 'avg'
29.0906 	EXP 	window1: blendMode = 'avg'
29.1076 	EXP 	window1: blendMode = 'avg'
29.1249 	EXP 	window1: blendMode = 'avg'
29.1414 	EXP 	window1: blendMode = 'avg'
29.1591 	EXP 	window1: blendMode = 'avg'
29.1739 	EXP 	window1: blendMode = 'avg'
29.1905 	EXP 	window1: blendMode = 'avg'
29.2097 	EXP 	window1: blendMode = 'avg'
29.2241 	EXP 	window1: blendMode = 'avg'
29.2424 	EXP 	window1: blendMode = 'avg'
29.2576 	EXP 	window1: blendMode = 'avg'
29.2747 	EXP 	window1: blendMode = 'avg'
29.2912 	EXP 	window1: blendMode = 'avg'
29.3075 	EXP 	window1: blendMode = 'avg'
29.3244 	EXP 	window1: blendMode = 'avg'
29.3416 	EXP 	window1: blendMode = 'avg'
29.3577 	EXP 	window1: blendMode = 'avg'
29.3740 	EXP 	window1: blendMode = 'avg'
29.3921 	EXP 	window1: blendMode = 'avg'
29.4076 	EXP 	window1: blendMode = 'avg'
29.4246 	EXP 	window1: blendMode = 'avg'
29.4416 	EXP 	window1: blendMode = 'avg'
29.4581 	EXP 	window1: blendMode = 'avg'
29.4745 	EXP 	window1: blendMode = 'avg'
29.4916 	EXP 	window1: blendMode = 'avg'
29.5083 	EXP 	window1: blendMode = 'avg'
29.5244 	EXP 	window1: blendMode = 'avg'
29.5411 	EXP 	window1: blendMode = 'avg'
29.5583 	EXP 	window1: blendMode = 'avg'
29.5742 	EXP 	window1: blendMode = 'avg'
29.5912 	EXP 	window1: blendMode = 'avg'
29.6071 	EXP 	window1: blendMode = 'avg'
29.6240 	EXP 	window1: blendMode = 'avg'
29.6422 	EXP 	window1: blendMode = 'avg'
29.6581 	EXP 	window1: blendMode = 'avg'
29.6760 	EXP 	window1: blendMode = 'avg'
29.6915 	EXP 	window1: blendMode = 'avg'
29.7097 	EXP 	window1: blendMode = 'avg'
29.7246 	EXP 	window1: blendMode = 'avg'
29.7427 	EXP 	window1: blendMode = 'avg'
29.7582 	EXP 	window1: blendMode = 'avg'
29.7744 	EXP 	window1: blendMode = 'avg'
29.7916 	EXP 	window1: blendMode = 'avg'
29.8075 	EXP 	window1: blendMode = 'avg'
29.8247 	EXP 	window1: blendMode = 'avg'
29.8412 	EXP 	window1: blendMode = 'avg'
29.8573 	EXP 	window1: blendMode = 'avg'
29.8747 	EXP 	window1: blendMode = 'avg'
29.8916 	EXP 	window1: blendMode = 'avg'
29.9095 	EXP 	window1: blendMode = 'avg'
29.9239 	EXP 	window1: blendMode = 'avg'
29.9412 	EXP 	window1: blendMode = 'avg'
29.9579 	EXP 	window1: blendMode = 'avg'
29.9738 	EXP 	window1: blendMode = 'avg'
29.9918 	EXP 	window1: blendMode = 'avg'
30.0073 	EXP 	window1: blendMode = 'avg'
30.0247 	EXP 	window1: blendMode = 'avg'
30.0415 	EXP 	window1: blendMode = 'avg'
30.0574 	EXP 	window1: blendMode = 'avg'
30.0746 	EXP 	window1: blendMode = 'avg'
30.0919 	EXP 	window1: blendMode = 'avg'
30.1076 	EXP 	window1: blendMode = 'avg'
30.1240 	EXP 	window1: blendMode = 'avg'
30.1416 	EXP 	window1: blendMode = 'avg'
30.1582 	EXP 	window1: blendMode = 'avg'
30.1752 	EXP 	window1: blendMode = 'avg'
30.1922 	EXP 	window1: blendMode = 'avg'
30.2087 	EXP 	window1: blendMode = 'avg'
30.2254 	EXP 	window1: blendMode = 'avg'
30.2417 	EXP 	window1: blendMode = 'avg'
30.2614 	EXP 	window1: blendMode = 'avg'
30.2913 	EXP 	window1: blendMode = 'avg'
30.3072 	EXP 	window1: blendMode = 'avg'
30.3248 	EXP 	window1: blendMode = 'avg'
30.3417 	EXP 	window1: blendMode = 'avg'
30.3754 	EXP 	window1: blendMode = 'avg'
30.3921 	EXP 	window1: blendMode = 'avg'
30.4259 	EXP 	window1: blendMode = 'avg'
30.4425 	EXP 	window1: blendMode = 'avg'
30.4633 	EXP 	window1: blendMode = 'avg'
30.4926 	EXP 	window1: blendMode = 'avg'
30.5096 	EXP 	window1: blendMode = 'avg'
30.5262 	EXP 	window1: blendMode = 'avg'
30.5427 	EXP 	window1: blendMode = 'avg'
30.5590 	EXP 	window1: blendMode = 'avg'
30.5751 	EXP 	window1: blendMode = 'avg'
30.5924 	EXP 	window1: blendMode = 'avg'
30.6089 	EXP 	window1: blendMode = 'avg'
30.6251 	EXP 	window1: blendMode = 'avg'
30.6414 	EXP 	window1: blendMode = 'avg'
30.6591 	EXP 	window1: blendMode = 'avg'
30.6746 	EXP 	window1: blendMode = 'avg'
30.6935 	EXP 	window1: blendMode = 'avg'
30.7089 	EXP 	window1: blendMode = 'avg'
30.7253 	EXP 	window1: blendMode = 'avg'
30.7418 	EXP 	window1: blendMode = 'avg'
30.7588 	EXP 	window1: blendMode = 'avg'
30.7751 	EXP 	window1: blendMode = 'avg'
30.7917 	EXP 	window1: blendMode = 'avg'
30.8090 	EXP 	window1: blendMode = 'avg'
30.8252 	EXP 	window1: blendMode = 'avg'
30.8419 	EXP 	window1: blendMode = 'avg'
30.8587 	EXP 	window1: blendMode = 'avg'
30.8748 	EXP 	window1: blendMode = 'avg'
30.8921 	EXP 	window1: blendMode = 'avg'
30.9088 	EXP 	window1: blendMode = 'avg'
30.9252 	EXP 	window1: blendMode = 'avg'
30.9423 	EXP 	window1: blendMode = 'avg'
30.9587 	EXP 	window1: blendMode = 'avg'
30.9748 	EXP 	window1: blendMode = 'avg'
30.9918 	EXP 	window1: blendMode = 'avg'
31.0090 	EXP 	window1: blendMode = 'avg'
31.0251 	EXP 	window1: blendMode = 'avg'
31.0419 	EXP 	window1: blendMode = 'avg'
31.0586 	EXP 	window1: blendMode = 'avg'
31.0755 	EXP 	window1: blendMode = 'avg'
31.0918 	EXP 	window1: blendMode = 'avg'
31.1085 	EXP 	window1: blendMode = 'avg'
31.1255 	EXP 	window1: blendMode = 'avg'
31.1418 	EXP 	window1: blendMode = 'avg'
31.1589 	EXP 	window1: blendMode = 'avg'
31.1753 	EXP 	window1: blendMode = 'avg'
31.1921 	EXP 	window1: blendMode = 'avg'
31.2089 	EXP 	window1: blendMode = 'avg'
31.2253 	EXP 	window1: blendMode = 'avg'
31.2750 	EXP 	window1: blendMode = 'avg'
31.2918 	EXP 	window1: blendMode = 'avg'
31.3087 	EXP 	window1: blendMode = 'avg'
31.3253 	EXP 	window1: blendMode = 'avg'
31.3425 	EXP 	window1: blendMode = 'avg'
31.3588 	EXP 	window1: blendMode = 'avg'
31.3760 	EXP 	window1: blendMode = 'avg'
31.3917 	EXP 	window1: blendMode = 'avg'
31.4090 	EXP 	window1: blendMode = 'avg'
31.4252 	EXP 	window1: blendMode = 'avg'
31.4425 	EXP 	window1: blendMode = 'avg'
31.4589 	EXP 	window1: blendMode = 'avg'
31.4749 	EXP 	window1: blendMode = 'avg'
31.4917 	EXP 	window1: blendMode = 'avg'
31.5089 	EXP 	window1: blendMode = 'avg'
31.5252 	EXP 	window1: blendMode = 'avg'
31.5417 	EXP 	window1: blendMode = 'avg'
31.5597 	EXP 	window1: blendMode = 'avg'
31.5757 	EXP 	window1: blendMode = 'avg'
31.5931 	EXP 	window1: blendMode = 'avg'
31.6086 	EXP 	window1: blendMode = 'avg'
31.6250 	EXP 	window1: blendMode = 'avg'
31.6424 	EXP 	window1: blendMode = 'avg'
31.6587 	EXP 	window1: blendMode = 'avg'
31.6752 	EXP 	window1: blendMode = 'avg'
31.6931 	EXP 	window1: blendMode = 'avg'
31.7092 	EXP 	window1: blendMode = 'avg'
31.7266 	EXP 	window1: blendMode = 'avg'
31.7423 	EXP 	window1: blendMode = 'avg'
31.7589 	EXP 	window1: blendMode = 'avg'
31.7751 	EXP 	window1: blendMode = 'avg'
31.7916 	EXP 	window1: blendMode = 'avg'
31.8090 	EXP 	window1: blendMode = 'avg'
31.8254 	EXP 	window1: blendMode = 'avg'
31.8416 	EXP 	window1: blendMode = 'avg'
31.8587 	EXP 	window1: blendMode = 'avg'
31.8755 	EXP 	window1: blendMode = 'avg'
31.8922 	EXP 	window1: blendMode = 'avg'
31.9094 	EXP 	window1: blendMode = 'avg'
31.9251 	EXP 	window1: blendMode = 'avg'
31.9423 	EXP 	window1: blendMode = 'avg'
31.9589 	EXP 	window1: blendMode = 'avg'
31.9752 	EXP 	window1: blendMode = 'avg'
31.9920 	EXP 	window1: blendMode = 'avg'
32.0095 	EXP 	window1: blendMode = 'avg'
32.0257 	EXP 	window1: blendMode = 'avg'
32.0422 	EXP 	window1: blendMode = 'avg'
32.0592 	EXP 	window1: blendMode = 'avg'
32.0752 	EXP 	window1: blendMode = 'avg'
32.0918 	EXP 	window1: blendMode = 'avg'
32.1086 	EXP 	window1: blendMode = 'avg'
32.1253 	EXP 	window1: blendMode = 'avg'
32.1428 	EXP 	window1: blendMode = 'avg'
32.1591 	EXP 	window1: blendMode = 'avg'
32.1752 	EXP 	window1: blendMode = 'avg'
32.1918 	EXP 	window1: blendMode = 'avg'
32.2090 	EXP 	window1: blendMode = 'avg'
32.2247 	EXP 	window1: blendMode = 'avg'
32.2419 	EXP 	window1: blendMode = 'avg'
32.2588 	EXP 	window1: blendMode = 'avg'
32.2752 	EXP 	window1: blendMode = 'avg'
32.2919 	EXP 	window1: blendMode = 'avg'
32.3090 	EXP 	window1: blendMode = 'avg'
32.3250 	EXP 	window1: blendMode = 'avg'
32.3420 	EXP 	window1: blendMode = 'avg'
32.3587 	EXP 	window1: blendMode = 'avg'
32.3760 	EXP 	window1: blendMode = 'avg'
32.3921 	EXP 	window1: blendMode = 'avg'
32.4086 	EXP 	window1: blendMode = 'avg'
32.4251 	EXP 	window1: blendMode = 'avg'
32.4421 	EXP 	window1: blendMode = 'avg'
32.4589 	EXP 	window1: blendMode = 'avg'
32.4750 	EXP 	window1: blendMode = 'avg'
32.4921 	EXP 	window1: blendMode = 'avg'
32.5093 	EXP 	window1: blendMode = 'avg'
32.5256 	EXP 	window1: blendMode = 'avg'
32.5428 	EXP 	window1: blendMode = 'avg'
32.5587 	EXP 	window1: blendMode = 'avg'
32.5758 	EXP 	window1: blendMode = 'avg'
32.5921 	EXP 	window1: blendMode = 'avg'
32.6094 	EXP 	window1: blendMode = 'avg'
32.6253 	EXP 	window1: blendMode = 'avg'
32.6427 	EXP 	window1: blendMode = 'avg'
32.6589 	EXP 	window1: blendMode = 'avg'
32.6751 	EXP 	window1: blendMode = 'avg'
32.6937 	EXP 	window1: blendMode = 'avg'
32.7093 	EXP 	window1: blendMode = 'avg'
32.7256 	EXP 	window1: blendMode = 'avg'
32.7426 	EXP 	window1: blendMode = 'avg'
32.7592 	EXP 	window1: blendMode = 'avg'
32.7754 	EXP 	window1: blendMode = 'avg'
32.7924 	EXP 	window1: blendMode = 'avg'
32.8095 	EXP 	window1: blendMode = 'avg'
32.8249 	EXP 	window1: blendMode = 'avg'
32.8418 	EXP 	window1: blendMode = 'avg'
32.8584 	EXP 	window1: blendMode = 'avg'
32.8751 	EXP 	window1: blendMode = 'avg'
32.8926 	EXP 	window1: blendMode = 'avg'
32.9086 	EXP 	window1: blendMode = 'avg'
32.9247 	EXP 	window1: blendMode = 'avg'
32.9421 	EXP 	window1: blendMode = 'avg'
32.9588 	EXP 	window1: blendMode = 'avg'
32.9754 	EXP 	window1: blendMode = 'avg'
32.9921 	EXP 	window1: blendMode = 'avg'
33.0088 	EXP 	window1: blendMode = 'avg'
33.0252 	EXP 	window1: blendMode = 'avg'
33.0421 	EXP 	window1: blendMode = 'avg'
33.0597 	EXP 	window1: blendMode = 'avg'
33.0762 	EXP 	window1: blendMode = 'avg'
33.0923 	EXP 	window1: blendMode = 'avg'
33.1096 	EXP 	window1: blendMode = 'avg'
33.1258 	EXP 	window1: blendMode = 'avg'
33.1425 	EXP 	window1: blendMode = 'avg'
33.1588 	EXP 	window1: blendMode = 'avg'
33.1754 	EXP 	window1: blendMode = 'avg'
33.1922 	EXP 	window1: blendMode = 'avg'
33.2090 	EXP 	window1: blendMode = 'avg'
33.2257 	EXP 	window1: blendMode = 'avg'
33.2422 	EXP 	window1: blendMode = 'avg'
33.2591 	EXP 	window1: blendMode = 'avg'
33.2753 	EXP 	window1: blendMode = 'avg'
33.2917 	EXP 	window1: blendMode = 'avg'
33.3100 	EXP 	window1: blendMode = 'avg'
33.3252 	EXP 	window1: blendMode = 'avg'
33.3425 	EXP 	window1: blendMode = 'avg'
33.3592 	EXP 	window1: blendMode = 'avg'
33.3757 	EXP 	window1: blendMode = 'avg'
33.3922 	EXP 	window1: blendMode = 'avg'
33.4090 	EXP 	window1: blendMode = 'avg'
33.4263 	EXP 	window1: blendMode = 'avg'
33.4427 	EXP 	window1: blendMode = 'avg'
33.4592 	EXP 	window1: blendMode = 'avg'
33.4750 	EXP 	window1: blendMode = 'avg'
33.4928 	EXP 	window1: blendMode = 'avg'
33.5097 	EXP 	window1: blendMode = 'avg'
33.5254 	EXP 	window1: blendMode = 'avg'
33.5419 	EXP 	window1: blendMode = 'avg'
33.5596 	EXP 	window1: blendMode = 'avg'
33.5757 	EXP 	window1: blendMode = 'avg'
33.5917 	EXP 	window1: blendMode = 'avg'
33.6089 	EXP 	window1: blendMode = 'avg'
33.6254 	EXP 	window1: blendMode = 'avg'
33.6416 	EXP 	window1: blendMode = 'avg'
33.6592 	EXP 	window1: blendMode = 'avg'
33.6751 	EXP 	window1: blendMode = 'avg'
33.6967 	EXP 	window1: blendMode = 'avg'
33.7254 	EXP 	window1: blendMode = 'avg'
33.7419 	EXP 	window1: blendMode = 'avg'
33.7594 	EXP 	window1: blendMode = 'avg'
33.7752 	EXP 	window1: blendMode = 'avg'
33.7916 	EXP 	window1: blendMode = 'avg'
33.8090 	EXP 	window1: blendMode = 'avg'
33.8251 	EXP 	window1: blendMode = 'avg'
33.8428 	EXP 	window1: blendMode = 'avg'
33.8586 	EXP 	window1: blendMode = 'avg'
33.8750 	EXP 	window1: blendMode = 'avg'
33.8920 	EXP 	window1: blendMode = 'avg'
33.9088 	EXP 	window1: blendMode = 'avg'
33.9268 	EXP 	window1: blendMode = 'avg'
33.9440 	EXP 	window1: blendMode = 'avg'
33.9600 	EXP 	window1: blendMode = 'avg'
33.9767 	EXP 	window1: blendMode = 'avg'
33.9936 	EXP 	window1: blendMode = 'avg'
34.0110 	EXP 	window1: blendMode = 'avg'
34.0264 	EXP 	window1: blendMode = 'avg'
34.0439 	EXP 	window1: blendMode = 'avg'
34.0599 	EXP 	window1: blendMode = 'avg'
34.0762 	EXP 	window1: blendMode = 'avg'
34.0946 	EXP 	window1: blendMode = 'avg'
34.1109 	EXP 	window1: blendMode = 'avg'
34.1278 	EXP 	window1: blendMode = 'avg'
34.1437 	EXP 	window1: blendMode = 'avg'
34.1616 	EXP 	window1: blendMode = 'avg'
34.1768 	EXP 	window1: blendMode = 'avg'
34.1941 	EXP 	window1: blendMode = 'avg'
34.2105 	EXP 	window1: blendMode = 'avg'
34.2274 	EXP 	window1: blendMode = 'avg'
34.2440 	EXP 	window1: blendMode = 'avg'
34.2621 	EXP 	window1: blendMode = 'avg'
34.2766 	EXP 	window1: blendMode = 'avg'
34.2935 	EXP 	window1: blendMode = 'avg'
34.3102 	EXP 	window1: blendMode = 'avg'
34.3279 	EXP 	window1: blendMode = 'avg'
34.3442 	EXP 	window1: blendMode = 'avg'
34.3615 	EXP 	window1: blendMode = 'avg'
34.3769 	EXP 	window1: blendMode = 'avg'
34.3943 	EXP 	window1: blendMode = 'avg'
34.4106 	EXP 	window1: blendMode = 'avg'
34.4272 	EXP 	window1: blendMode = 'avg'
34.4451 	EXP 	window1: blendMode = 'avg'
34.4609 	EXP 	window1: blendMode = 'avg'
34.4768 	EXP 	window1: blendMode = 'avg'
34.4944 	EXP 	window1: blendMode = 'avg'
34.5113 	EXP 	window1: blendMode = 'avg'
34.5288 	EXP 	window1: blendMode = 'avg'
34.5615 	EXP 	window1: blendMode = 'avg'
34.5770 	EXP 	window1: blendMode = 'avg'
34.5945 	EXP 	window1: blendMode = 'avg'
34.6122 	EXP 	window1: blendMode = 'avg'
34.6283 	EXP 	window1: blendMode = 'avg'
34.6449 	EXP 	window1: blendMode = 'avg'
34.6644 	EXP 	window1: blendMode = 'avg'
34.6956 	EXP 	window1: blendMode = 'avg'
34.7122 	EXP 	window1: blendMode = 'avg'
34.7272 	EXP 	window1: blendMode = 'avg'
34.7441 	EXP 	window1: blendMode = 'avg'
34.7615 	EXP 	window1: blendMode = 'avg'
34.7775 	EXP 	window1: blendMode = 'avg'
34.7953 	EXP 	window1: blendMode = 'avg'
34.8117 	EXP 	window1: blendMode = 'avg'
34.8279 	EXP 	window1: blendMode = 'avg'
34.8441 	EXP 	window1: blendMode = 'avg'
34.8618 	EXP 	window1: blendMode = 'avg'
34.8776 	EXP 	window1: blendMode = 'avg'
34.8946 	EXP 	window1: blendMode = 'avg'
34.9123 	EXP 	window1: blendMode = 'avg'
34.9273 	EXP 	window1: blendMode = 'avg'
34.9445 	EXP 	window1: blendMode = 'avg'
34.9627 	EXP 	window1: blendMode = 'avg'
34.9775 	EXP 	window1: blendMode = 'avg'
34.9948 	EXP 	window1: blendMode = 'avg'
35.0117 	EXP 	window1: blendMode = 'avg'
35.0277 	EXP 	window1: blendMode = 'avg'
35.0443 	EXP 	window1: blendMode = 'avg'
35.0618 	EXP 	window1: blendMode = 'avg'
35.0771 	EXP 	window1: blendMode = 'avg'
35.0941 	EXP 	window1: blendMode = 'avg'
35.1114 	EXP 	window1: blendMode = 'avg'
35.1271 	EXP 	window1: blendMode = 'avg'
35.1447 	EXP 	window1: blendMode = 'avg'
35.1611 	EXP 	window1: blendMode = 'avg'
35.1771 	EXP 	window1: blendMode = 'avg'
35.1944 	EXP 	window1: blendMode = 'avg'
35.2115 	EXP 	window1: blendMode = 'avg'
35.2283 	EXP 	window1: blendMode = 'avg'
35.2445 	EXP 	window1: blendMode = 'avg'
35.2616 	EXP 	window1: blendMode = 'avg'
35.2769 	EXP 	window1: blendMode = 'avg'
35.2938 	EXP 	window1: blendMode = 'avg'
35.3125 	EXP 	window1: blendMode = 'avg'
35.3274 	EXP 	window1: blendMode = 'avg'
35.3444 	EXP 	window1: blendMode = 'avg'
35.3618 	EXP 	window1: blendMode = 'avg'
35.3771 	EXP 	window1: blendMode = 'avg'
35.3950 	EXP 	window1: blendMode = 'avg'
35.4125 	EXP 	window1: blendMode = 'avg'
35.4282 	EXP 	window1: blendMode = 'avg'
35.4444 	EXP 	window1: blendMode = 'avg'
35.4617 	EXP 	window1: blendMode = 'avg'
35.4771 	EXP 	window1: blendMode = 'avg'
35.4943 	EXP 	window1: blendMode = 'avg'
35.5114 	EXP 	window1: blendMode = 'avg'
35.5282 	EXP 	window1: blendMode = 'avg'
35.5446 	EXP 	window1: blendMode = 'avg'
35.5614 	EXP 	window1: blendMode = 'avg'
35.5784 	EXP 	window1: blendMode = 'avg'
35.5947 	EXP 	window1: blendMode = 'avg'
35.6123 	EXP 	window1: blendMode = 'avg'
35.6277 	EXP 	window1: blendMode = 'avg'
35.6443 	EXP 	window1: blendMode = 'avg'
35.6616 	EXP 	window1: blendMode = 'avg'
35.6777 	EXP 	window1: blendMode = 'avg'
35.6968 	EXP 	window1: blendMode = 'avg'
35.7314 	EXP 	window1: blendMode = 'avg'
35.7463 	EXP 	window1: blendMode = 'avg'
35.7635 	EXP 	window1: blendMode = 'avg'
35.7796 	EXP 	window1: blendMode = 'avg'
35.7968 	EXP 	window1: blendMode = 'avg'
35.8135 	EXP 	window1: blendMode = 'avg'
35.8298 	EXP 	window1: blendMode = 'avg'
35.8460 	EXP 	window1: blendMode = 'avg'
35.8629 	EXP 	window1: blendMode = 'avg'
35.8802 	EXP 	window1: blendMode = 'avg'
35.8969 	EXP 	window1: blendMode = 'avg'
35.9136 	EXP 	window1: blendMode = 'avg'
35.9297 	EXP 	window1: blendMode = 'avg'
35.9460 	EXP 	window1: blendMode = 'avg'
35.9637 	EXP 	window1: blendMode = 'avg'
35.9799 	EXP 	window1: blendMode = 'avg'
35.9973 	EXP 	window1: blendMode = 'avg'
36.0127 	EXP 	window1: blendMode = 'avg'
36.0302 	EXP 	window1: blendMode = 'avg'
36.0461 	EXP 	window1: blendMode = 'avg'
36.0634 	EXP 	window1: blendMode = 'avg'
36.0801 	EXP 	window1: blendMode = 'avg'
36.0960 	EXP 	window1: blendMode = 'avg'
36.1132 	EXP 	window1: blendMode = 'avg'
36.1310 	EXP 	window1: blendMode = 'avg'
36.1458 	EXP 	window1: blendMode = 'avg'
36.1644 	EXP 	window1: blendMode = 'avg'
36.1805 	EXP 	window1: blendMode = 'avg'
36.1960 	EXP 	window1: blendMode = 'avg'
36.2133 	EXP 	window1: blendMode = 'avg'
36.2297 	EXP 	window1: blendMode = 'avg'
36.2461 	EXP 	window1: blendMode = 'avg'
36.2639 	EXP 	window1: blendMode = 'avg'
36.2798 	EXP 	window1: blendMode = 'avg'
36.2962 	EXP 	window1: blendMode = 'avg'
36.3141 	EXP 	window1: blendMode = 'avg'
36.3297 	EXP 	window1: blendMode = 'avg'
36.3474 	EXP 	window1: blendMode = 'avg'
36.3632 	EXP 	window1: blendMode = 'avg'
36.3803 	EXP 	window1: blendMode = 'avg'
36.3965 	EXP 	window1: blendMode = 'avg'
36.4131 	EXP 	window1: blendMode = 'avg'
36.4300 	EXP 	window1: blendMode = 'avg'
36.4461 	EXP 	window1: blendMode = 'avg'
36.4637 	EXP 	window1: blendMode = 'avg'
36.4797 	EXP 	window1: blendMode = 'avg'
36.4962 	EXP 	window1: blendMode = 'avg'
36.5136 	EXP 	window1: blendMode = 'avg'
36.5301 	EXP 	window1: blendMode = 'avg'
36.5461 	EXP 	window1: blendMode = 'avg'
36.5637 	EXP 	window1: blendMode = 'avg'
36.5804 	EXP 	window1: blendMode = 'avg'
36.5960 	EXP 	window1: blendMode = 'avg'
36.6225 	EXP 	window1: blendMode = 'avg'
36.6462 	EXP 	window1: blendMode = 'avg'
36.6636 	EXP 	window1: blendMode = 'avg'
36.6798 	EXP 	window1: blendMode = 'avg'
36.6962 	EXP 	window1: blendMode = 'avg'
36.7133 	EXP 	window1: blendMode = 'avg'
36.7309 	EXP 	window1: blendMode = 'avg'
36.7464 	EXP 	window1: blendMode = 'avg'
36.7635 	EXP 	window1: blendMode = 'avg'
36.7800 	EXP 	window1: blendMode = 'avg'
36.7962 	EXP 	window1: blendMode = 'avg'
36.8143 	EXP 	window1: blendMode = 'avg'
36.8306 	EXP 	window1: blendMode = 'avg'
36.8459 	EXP 	window1: blendMode = 'avg'
36.8644 	EXP 	window1: blendMode = 'avg'
36.8812 	EXP 	window1: blendMode = 'avg'
36.8962 	EXP 	window1: blendMode = 'avg'
36.9128 	EXP 	window1: blendMode = 'avg'
36.9297 	EXP 	window1: blendMode = 'avg'
36.9464 	EXP 	window1: blendMode = 'avg'
36.9640 	EXP 	window1: blendMode = 'avg'
36.9796 	EXP 	window1: blendMode = 'avg'
36.9961 	EXP 	window1: blendMode = 'avg'
37.0130 	EXP 	window1: blendMode = 'avg'
37.0298 	EXP 	window1: blendMode = 'avg'
37.0482 	EXP 	window1: blendMode = 'avg'
37.0635 	EXP 	window1: blendMode = 'avg'
37.0801 	EXP 	window1: blendMode = 'avg'
37.0960 	EXP 	window1: blendMode = 'avg'
37.1129 	EXP 	window1: blendMode = 'avg'
37.1304 	EXP 	window1: blendMode = 'avg'
37.1469 	EXP 	window1: blendMode = 'avg'
37.1637 	EXP 	window1: blendMode = 'avg'
37.1797 	EXP 	window1: blendMode = 'avg'
37.1967 	EXP 	window1: blendMode = 'avg'
37.2131 	EXP 	window1: blendMode = 'avg'
37.2302 	EXP 	window1: blendMode = 'avg'
37.2470 	EXP 	window1: blendMode = 'avg'
37.2639 	EXP 	window1: blendMode = 'avg'
37.2799 	EXP 	window1: blendMode = 'avg'
37.4962 	EXP 	window1: blendMode = 'avg'
37.5142 	EXP 	window1: blendMode = 'avg'
37.5315 	EXP 	window1: blendMode = 'avg'
37.5469 	EXP 	window1: blendMode = 'avg'
37.5639 	EXP 	window1: blendMode = 'avg'
37.5805 	EXP 	window1: blendMode = 'avg'
37.5963 	EXP 	window1: blendMode = 'avg'
37.6133 	EXP 	window1: blendMode = 'avg'
37.6303 	EXP 	window1: blendMode = 'avg'
37.6462 	EXP 	window1: blendMode = 'avg'
37.6631 	EXP 	window1: blendMode = 'avg'
37.6814 	EXP 	window1: blendMode = 'avg'
37.7142 	EXP 	window1: blendMode = 'avg'
37.7301 	EXP 	window1: blendMode = 'avg'
37.7468 	EXP 	window1: blendMode = 'avg'
37.7630 	EXP 	window1: blendMode = 'avg'
37.7801 	EXP 	window1: blendMode = 'avg'
37.7963 	EXP 	window1: blendMode = 'avg'
37.8150 	EXP 	window1: blendMode = 'avg'
37.8302 	EXP 	window1: blendMode = 'avg'
37.8463 	EXP 	window1: blendMode = 'avg'
37.8641 	EXP 	window1: blendMode = 'avg'
37.8799 	EXP 	window1: blendMode = 'avg'
37.8966 	EXP 	window1: blendMode = 'avg'
37.9131 	EXP 	window1: blendMode = 'avg'
37.9315 	EXP 	window1: blendMode = 'avg'
37.9461 	EXP 	window1: blendMode = 'avg'
37.9640 	EXP 	window1: blendMode = 'avg'
37.9798 	EXP 	window1: blendMode = 'avg'
37.9967 	EXP 	window1: blendMode = 'avg'
38.0147 	EXP 	window1: blendMode = 'avg'
38.0302 	EXP 	window1: blendMode = 'avg'
38.0465 	EXP 	window1: blendMode = 'avg'
38.0637 	EXP 	window1: blendMode = 'avg'
38.0798 	EXP 	window1: blendMode = 'avg'
38.0965 	EXP 	window1: blendMode = 'avg'
38.1135 	EXP 	window1: blendMode = 'avg'
38.1304 	EXP 	window1: blendMode = 'avg'
38.1464 	EXP 	window1: blendMode = 'avg'
38.1641 	EXP 	window1: blendMode = 'avg'
38.1806 	EXP 	window1: blendMode = 'avg'
38.1962 	EXP 	window1: blendMode = 'avg'
38.2136 	EXP 	window1: blendMode = 'avg'
38.2305 	EXP 	window1: blendMode = 'avg'
38.2464 	EXP 	window1: blendMode = 'avg'
38.2630 	EXP 	window1: blendMode = 'avg'
38.2804 	EXP 	window1: blendMode = 'avg'
38.2964 	EXP 	window1: blendMode = 'avg'
38.3135 	EXP 	window1: blendMode = 'avg'
38.3297 	EXP 	window1: blendMode = 'avg'
38.3462 	EXP 	window1: blendMode = 'avg'
38.3638 	EXP 	window1: blendMode = 'avg'
38.3797 	EXP 	window1: blendMode = 'avg'
38.3961 	EXP 	window1: blendMode = 'avg'
38.4131 	EXP 	window1: blendMode = 'avg'
38.4297 	EXP 	window1: blendMode = 'avg'
38.4469 	EXP 	window1: blendMode = 'avg'
38.4632 	EXP 	window1: blendMode = 'avg'
38.4800 	EXP 	window1: blendMode = 'avg'
38.4963 	EXP 	window1: blendMode = 'avg'
38.5132 	EXP 	window1: blendMode = 'avg'
38.5305 	EXP 	window1: blendMode = 'avg'
38.5463 	EXP 	window1: blendMode = 'avg'
38.5647 	EXP 	window1: blendMode = 'avg'
38.5807 	EXP 	window1: blendMode = 'avg'
38.5968 	EXP 	window1: blendMode = 'avg'
38.6154 	EXP 	window1: blendMode = 'avg'
38.6301 	EXP 	window1: blendMode = 'avg'
38.6454 	DATA 	Keypress: 5
38.6459 	EXP 	Sound  stopped
38.9598 	EXP 	Imported S_fam_seq_2.xlsx as conditions, 288 conditions, 1 params
38.9856 	EXP 	Created sequence: sequential, trialTypes=288, nReps=1, seed=None
38.9877 	EXP 	New trial (rep=0, index=0): {'letter': u'G.png'}
39.0783 	EXP 	instr5_text: autoDraw = False
39.0783 	EXP 	instr5_image: autoDraw = False
39.0783 	EXP 	fam_trials_image: size = array([ 0.70278184,  1.51041667])
39.0783 	EXP 	fam_trials_image: image = u'G.png'
39.0783 	EXP 	fam_trials_image: autoDraw = True
39.6529 	EXP 	New trial (rep=0, index=1): {'letter': u'J.png'}
39.7491 	EXP 	fam_trials_image: autoDraw = False
39.7491 	EXP 	fam_trials_blank: autoDraw = False
39.7491 	EXP 	fam_trials_image: size = array([ 0.70278184,  1.51041667])
39.7491 	EXP 	fam_trials_image: image = u'J.png'
39.7491 	EXP 	fam_trials_image: autoDraw = True
40.4651 	EXP 	fam_trials_image: autoDraw = False
40.4651 	EXP 	fam_trials_blank: autoDraw = True
40.6525 	EXP 	New trial (rep=0, index=2): {'letter': u'A.png'}
40.7340 	EXP 	fam_trials_image: autoDraw = False
40.7340 	EXP 	fam_trials_blank: autoDraw = False
40.7340 	EXP 	fam_trials_image: size = array([ 0.70278184,  1.51041667])
40.7340 	EXP 	fam_trials_image: image = u'A.png'
40.7340 	EXP 	fam_trials_image: autoDraw = True
41.4668 	EXP 	fam_trials_image: autoDraw = False
41.4668 	EXP 	fam_trials_blank: autoDraw = True
41.6542 	EXP 	New trial (rep=0, index=3): {'letter': u'F.png'}
41.7505 	EXP 	fam_trials_image: autoDraw = False
41.7505 	EXP 	fam_trials_blank: autoDraw = False
41.7505 	EXP 	fam_trials_image: size = array([ 0.70278184,  1.51041667])
41.7505 	EXP 	fam_trials_image: image = u'F.png'
41.7505 	EXP 	fam_trials_image: autoDraw = True
42.4660 	EXP 	fam_trials_image: autoDraw = False
42.4660 	EXP 	fam_trials_blank: autoDraw = True
42.6518 	EXP 	New trial (rep=0, index=4): {'letter': u'K.png'}
42.7163 	EXP 	fam_trials_image: autoDraw = False
42.7163 	EXP 	fam_trials_blank: autoDraw = False
42.7163 	EXP 	fam_trials_image: size = array([ 0.70278184,  1.51041667])
42.7163 	EXP 	fam_trials_image: image = u'K.png'
42.7163 	EXP 	fam_trials_image: autoDraw = True
43.4668 	EXP 	fam_trials_image: autoDraw = False
43.4668 	EXP 	fam_trials_blank: autoDraw = True
43.6527 	EXP 	New trial (rep=0, index=5): {'letter': u'C.png'}
43.7338 	EXP 	fam_trials_image: autoDraw = False
43.7338 	EXP 	fam_trials_blank: autoDraw = False
43.7338 	EXP 	fam_trials_image: size = array([ 0.70278184,  1.51041667])
43.7338 	EXP 	fam_trials_image: image = u'C.png'
43.7338 	EXP 	fam_trials_image: autoDraw = True
44.4669 	EXP 	fam_trials_image: autoDraw = False
44.4669 	EXP 	fam_trials_blank: autoDraw = True
44.6522 	EXP 	New trial (rep=0, index=6): {'letter': u'G.png'}
44.7335 	EXP 	fam_trials_image: autoDraw = False
44.7335 	EXP 	fam_trials_blank: autoDraw = False
44.7335 	EXP 	fam_trials_image: size = array([ 0.70278184,  1.51041667])
44.7335 	EXP 	fam_trials_image: image = u'G.png'
44.7335 	EXP 	fam_trials_image: autoDraw = True
45.4673 	EXP 	fam_trials_image: autoDraw = False
45.4673 	EXP 	fam_trials_blank: autoDraw = True
45.6535 	EXP 	New trial (rep=0, index=7): {'letter': u'J.png'}
45.7505 	EXP 	fam_trials_image: autoDraw = False
45.7505 	EXP 	fam_trials_blank: autoDraw = False
45.7505 	EXP 	fam_trials_image: size = array([ 0.70278184,  1.51041667])
45.7505 	EXP 	fam_trials_image: image = u'J.png'
45.7505 	EXP 	fam_trials_image: autoDraw = True
46.4670 	EXP 	fam_trials_image: autoDraw = False
46.4670 	EXP 	fam_trials_blank: autoDraw = True
46.6533 	EXP 	New trial (rep=0, index=8): {'letter': u'A.png'}
46.7338 	EXP 	fam_trials_image: autoDraw = False
46.7338 	EXP 	fam_trials_blank: autoDraw = False
46.7338 	EXP 	fam_trials_image: size = array([ 0.70278184,  1.51041667])
46.7338 	EXP 	fam_trials_image: image = u'A.png'
46.7338 	EXP 	fam_trials_image: autoDraw = True
47.4673 	EXP 	fam_trials_image: autoDraw = False
47.4673 	EXP 	fam_trials_blank: autoDraw = True
47.6534 	EXP 	New trial (rep=0, index=9): {'letter': u'L.png'}
47.7342 	EXP 	fam_trials_image: autoDraw = False
47.7342 	EXP 	fam_trials_blank: autoDraw = False
47.7342 	EXP 	fam_trials_image: size = array([ 0.70278184,  1.51041667])
47.7342 	EXP 	fam_trials_image: image = u'L.png'
47.7342 	EXP 	fam_trials_image: autoDraw = True
48.4680 	EXP 	fam_trials_image: autoDraw = False
48.4680 	EXP 	fam_trials_blank: autoDraw = True
48.6546 	EXP 	New trial (rep=0, index=10): {'letter': u'B.png'}
48.7345 	EXP 	fam_trials_image: autoDraw = False
48.7345 	EXP 	fam_trials_blank: autoDraw = False
48.7345 	EXP 	fam_trials_image: size = array([ 0.70278184,  1.51041667])
48.7345 	EXP 	fam_trials_image: image = u'B.png'
48.7345 	EXP 	fam_trials_image: autoDraw = True
49.2544 	DATA 	Keypress: escape
