8.4094 	EXP 	Created window1 = Window(allowGUI=False, allowStencil=False, autoLog=True, bitsMode=UNKNOWN, blendMode='avg', color=u'grey', colorSpace='named', fullscr=UNKNOWN, gamma=None, lms=UNKNOWN, monitor=<psychopy.monitors.calibTools.Monitor object at 0x0A8D7910>, multiSample=False, name='window1', numSamples=2, pos=[0, 0], screen=0, size=array([1920, 1080]), stereo=False, units=u'norm', useFBO=True, useRetina=False, viewOri=0.0, viewPos=None, viewScale=None, waitBlanking=True, winType='pyglet')
8.4094 	EXP 	window1: recordFrameIntervals = False
8.4925 	EXP 	window1: recordFrameIntervals = True
8.5196 	WARNING 	t of last frame was 10.38ms (=1/96)
8.5446 	WARNING 	t of last frame was 10.38ms (=1/96)
8.5944 	WARNING 	t of last frame was 10.17ms (=1/98)
8.6595 	EXP 	window1: recordFrameIntervals = False
8.7448 	EXP 	Created start_text = TextStim(alignHoriz='center', alignVert='center', antialias=True, autoLog=True, bold=False, color=u'black', colorSpace='named', contrast=1.0, depth=-1.0, flipHoriz=False, flipVert=False, font=u'Arial', fontFiles=[], height=0.1, italic=False, name='start_text', opacity=1.0, ori=0, pos=array([ 0.,  0.]), rgb=array([ 0.,  0.,  0.]), text=u"Are you ready? Let's get started!", units=u'norm', win=Window(...), wrapWidth=1)
8.9871 	EXP 	Created vreminder_image = ImageStim(autoLog=True, color=array([ 1.,  1.,  1.]), colorSpace='rgb', contrast=1.0, depth=0.0, flipHoriz=False, flipVert=False, image=u'Alien1.BMP', interpolate=True, mask=None, maskParams=None, name='vreminder_image', opacity=1.0, ori=0.0, pos=array([ 0. , -0.3]), size=array([ 0.3       ,  0.46851852]), texRes=128, units=u'norm', win=Window(...))
9.0156 	EXP 	Created vreminder_text = TextStim(alignHoriz='center', alignVert='center', antialias=True, autoLog=True, bold=False, color='black', colorSpace='named', contrast=1.0, depth=0.0, flipHoriz=False, flipVert=False, font='Arial', fontFiles=[], height=0.1, italic=False, name='vreminder_text', opacity=1.0, ori=0, pos=array([ 0. ,  0.4]), rgb=array([ 0.,  0.,  0.]), text=u'Press the button when you see this!', units=u'norm', win=Window(...), wrapWidth=1)
9.8858 	EXP 	Set  sound=C
10.1745 	EXP 	Set  sound=reminder.wav
10.1745 	EXP 	Sound  set volume 1.000
10.3431 	EXP 	Created lreminder_image = ImageStim(autoLog=True, color=array([ 1.,  1.,  1.]), colorSpace='rgb', contrast=1.0, depth=0.0, flipHoriz=False, flipVert=False, image='a.png', interpolate=True, mask=None, maskParams=None, name='lreminder_image', opacity=1.0, ori=0.0, pos=array([ 0. , -0.3]), size=array([ 0.5       ,  1.07407407]), texRes=128, units=u'norm', win=Window(...))
10.3525 	EXP 	Created lreminder_text = TextStim(alignHoriz='center', alignVert='center', antialias=True, autoLog=True, bold=False, color='black', colorSpace='named', contrast=1.0, depth=0.0, flipHoriz=False, flipVert=False, font='Arial', fontFiles=[], height=0.1, italic=False, name='lreminder_text', opacity=1.0, ori=0, pos=array([-0. ,  0.4]), rgb=array([ 0.,  0.,  0.]), text=u'Press the button when you see this!', units=u'norm', win=Window(...), wrapWidth=1)
10.3550 	EXP 	Set  sound=reminder.wav
10.3550 	EXP 	Sound  set volume 1.000
10.3569 	EXP 	Created l_block_trial_image = ImageStim(autoLog=True, color=array([ 1.,  1.,  1.]), colorSpace='rgb', contrast=1.0, depth=0.0, flipHoriz=False, flipVert=False, image='sin', interpolate=True, mask=None, maskParams=None, name='l_block_trial_image', opacity=1.0, ori=0.0, pos=array([ 0.,  0.]), size=array([ 0.5,  0.5]), texRes=128, units=u'norm', win=Window(...))
10.5427 	EXP 	Created l_block_trial_blank = ImageStim(autoLog=True, color=array([ 1.,  1.,  1.]), colorSpace='rgb', contrast=1.0, depth=-1.0, flipHoriz=False, flipVert=False, image=u'blanka.png', interpolate=True, mask=None, maskParams=None, name='l_block_trial_blank', opacity=1.0, ori=0.0, pos=array([ 0.,  0.]), size=array([ 0.5       ,  1.07407407]), texRes=128, units=u'norm', win=Window(...))
10.5449 	EXP 	Created v_block_trial_image = ImageStim(autoLog=True, color=array([ 1.,  1.,  1.]), colorSpace='rgb', contrast=1.0, depth=0.0, flipHoriz=False, flipVert=False, image='sin', interpolate=True, mask=None, maskParams=None, name='v_block_trial_image', opacity=1.0, ori=0.0, pos=array([ 0.,  0.]), size=array([ 0.5,  0.5]), texRes=128, units=u'norm', win=Window(...))
10.5833 	EXP 	Created blank_image = ImageStim(autoLog=True, color=array([ 1.,  1.,  1.]), colorSpace='rgb', contrast=1.0, depth=-2.0, flipHoriz=False, flipVert=False, image=u'blank.PNG', interpolate=True, mask=None, maskParams=None, name='blank_image', opacity=1.0, ori=0.0, pos=array([ 0.,  0.]), size=array([ 0.3       ,  0.26666667]), texRes=128, units=u'norm', win=Window(...))
10.5854 	EXP 	Created blank_block_trial_image = ImageStim(autoLog=True, color=array([ 1.,  1.,  1.]), colorSpace='rgb', contrast=1.0, depth=0.0, flipHoriz=False, flipVert=False, image='sin', interpolate=True, mask=None, maskParams=None, name='blank_block_trial_image', opacity=1.0, ori=0.0, pos=array([ 0.,  0.]), size=array([ 0.5,  0.5]), texRes=128, units=u'norm', win=Window(...))
10.5865 	EXP 	window1: blendMode = 'avg'
10.6536 	EXP 	start_text: autoDraw = True
10.6539 	EXP 	window1: blendMode = 'avg'
10.6560 	EXP 	window1: blendMode = 'avg'
10.6600 	EXP 	window1: blendMode = 'avg'
10.6683 	EXP 	window1: blendMode = 'avg'
10.6766 	EXP 	window1: blendMode = 'avg'
10.6851 	EXP 	window1: blendMode = 'avg'
10.6934 	EXP 	window1: blendMode = 'avg'
10.7016 	EXP 	window1: blendMode = 'avg'
10.7101 	EXP 	window1: blendMode = 'avg'
10.7183 	EXP 	window1: blendMode = 'avg'
10.7267 	EXP 	window1: blendMode = 'avg'
10.7351 	EXP 	window1: blendMode = 'avg'
10.7433 	EXP 	window1: blendMode = 'avg'
10.7517 	EXP 	window1: blendMode = 'avg'
10.7600 	EXP 	window1: blendMode = 'avg'
10.7683 	EXP 	window1: blendMode = 'avg'
10.7766 	EXP 	window1: blendMode = 'avg'
10.7850 	EXP 	window1: blendMode = 'avg'
10.7933 	EXP 	window1: blendMode = 'avg'
10.8017 	EXP 	window1: blendMode = 'avg'
10.8100 	EXP 	window1: blendMode = 'avg'
10.8184 	EXP 	window1: blendMode = 'avg'
10.8266 	EXP 	window1: blendMode = 'avg'
10.8350 	EXP 	window1: blendMode = 'avg'
10.8433 	EXP 	window1: blendMode = 'avg'
10.8564 	EXP 	window1: blendMode = 'avg'
10.8598 	EXP 	window1: blendMode = 'avg'
10.8683 	EXP 	window1: blendMode = 'avg'
10.8765 	EXP 	window1: blendMode = 'avg'
10.8850 	EXP 	window1: blendMode = 'avg'
10.8933 	EXP 	window1: blendMode = 'avg'
10.9015 	EXP 	window1: blendMode = 'avg'
10.9099 	EXP 	window1: blendMode = 'avg'
10.9183 	EXP 	window1: blendMode = 'avg'
10.9265 	EXP 	window1: blendMode = 'avg'
10.9348 	EXP 	window1: blendMode = 'avg'
10.9432 	EXP 	window1: blendMode = 'avg'
10.9515 	EXP 	window1: blendMode = 'avg'
10.9598 	EXP 	window1: blendMode = 'avg'
10.9682 	EXP 	window1: blendMode = 'avg'
10.9765 	EXP 	window1: blendMode = 'avg'
10.9848 	EXP 	window1: blendMode = 'avg'
10.9932 	EXP 	window1: blendMode = 'avg'
11.0015 	EXP 	window1: blendMode = 'avg'
11.0098 	EXP 	window1: blendMode = 'avg'
11.0182 	EXP 	window1: blendMode = 'avg'
11.0265 	EXP 	window1: blendMode = 'avg'
11.0348 	EXP 	window1: blendMode = 'avg'
11.0433 	EXP 	window1: blendMode = 'avg'
11.0515 	EXP 	window1: blendMode = 'avg'
11.0598 	EXP 	window1: blendMode = 'avg'
11.0682 	EXP 	window1: blendMode = 'avg'
11.0766 	EXP 	window1: blendMode = 'avg'
11.0848 	EXP 	window1: blendMode = 'avg'
11.0932 	EXP 	window1: blendMode = 'avg'
11.1015 	EXP 	window1: blendMode = 'avg'
11.1098 	EXP 	window1: blendMode = 'avg'
11.1182 	EXP 	window1: blendMode = 'avg'
11.1266 	EXP 	window1: blendMode = 'avg'
11.1349 	EXP 	window1: blendMode = 'avg'
11.1432 	EXP 	window1: blendMode = 'avg'
11.1517 	EXP 	window1: blendMode = 'avg'
11.1599 	EXP 	window1: blendMode = 'avg'
11.1683 	EXP 	window1: blendMode = 'avg'
11.1765 	EXP 	window1: blendMode = 'avg'
11.1849 	EXP 	window1: blendMode = 'avg'
11.1934 	EXP 	window1: blendMode = 'avg'
11.2016 	EXP 	window1: blendMode = 'avg'
11.2099 	EXP 	window1: blendMode = 'avg'
11.2182 	EXP 	window1: blendMode = 'avg'
11.2265 	EXP 	window1: blendMode = 'avg'
11.2349 	EXP 	window1: blendMode = 'avg'
11.2432 	EXP 	window1: blendMode = 'avg'
11.2517 	EXP 	window1: blendMode = 'avg'
11.2599 	EXP 	window1: blendMode = 'avg'
11.2682 	EXP 	window1: blendMode = 'avg'
11.2765 	EXP 	window1: blendMode = 'avg'
11.2849 	EXP 	window1: blendMode = 'avg'
11.2932 	EXP 	window1: blendMode = 'avg'
11.3015 	EXP 	window1: blendMode = 'avg'
11.3099 	EXP 	window1: blendMode = 'avg'
11.3182 	EXP 	window1: blendMode = 'avg'
11.3265 	EXP 	window1: blendMode = 'avg'
11.3349 	EXP 	window1: blendMode = 'avg'
11.3432 	EXP 	window1: blendMode = 'avg'
11.3516 	EXP 	window1: blendMode = 'avg'
11.3599 	EXP 	window1: blendMode = 'avg'
11.3683 	EXP 	window1: blendMode = 'avg'
11.3765 	EXP 	window1: blendMode = 'avg'
11.3849 	EXP 	window1: blendMode = 'avg'
11.3932 	EXP 	window1: blendMode = 'avg'
11.4016 	EXP 	window1: blendMode = 'avg'
11.4099 	EXP 	window1: blendMode = 'avg'
11.4183 	EXP 	window1: blendMode = 'avg'
11.4265 	EXP 	window1: blendMode = 'avg'
11.4349 	EXP 	window1: blendMode = 'avg'
11.4432 	EXP 	window1: blendMode = 'avg'
11.4516 	EXP 	window1: blendMode = 'avg'
11.4599 	EXP 	window1: blendMode = 'avg'
11.4683 	EXP 	window1: blendMode = 'avg'
11.4766 	EXP 	window1: blendMode = 'avg'
11.4849 	EXP 	window1: blendMode = 'avg'
11.4933 	EXP 	window1: blendMode = 'avg'
11.5016 	EXP 	window1: blendMode = 'avg'
11.5099 	EXP 	window1: blendMode = 'avg'
11.5182 	EXP 	window1: blendMode = 'avg'
11.5266 	EXP 	window1: blendMode = 'avg'
11.5349 	DATA 	Keypress: 5
11.5355 	EXP 	window1: blendMode = 'avg'
11.5359 	EXP 	Sound  started
11.5431 	EXP 	start_text: autoDraw = False
11.5433 	EXP 	window1: blendMode = 'avg'
11.5516 	EXP 	window1: blendMode = 'avg'
11.5599 	EXP 	window1: blendMode = 'avg'
11.5683 	EXP 	window1: blendMode = 'avg'
11.5766 	EXP 	window1: blendMode = 'avg'
11.5849 	EXP 	window1: blendMode = 'avg'
11.5933 	EXP 	window1: blendMode = 'avg'
11.6017 	EXP 	window1: blendMode = 'avg'
11.6100 	EXP 	window1: blendMode = 'avg'
11.6183 	EXP 	window1: blendMode = 'avg'
11.6268 	EXP 	window1: blendMode = 'avg'
11.6352 	EXP 	window1: blendMode = 'avg'
11.6433 	EXP 	window1: blendMode = 'avg'
11.6516 	EXP 	window1: blendMode = 'avg'
11.6600 	EXP 	window1: blendMode = 'avg'
11.6970 	EXP 	window1: blendMode = 'avg'
11.6981 	EXP 	window1: blendMode = 'avg'
11.7017 	EXP 	window1: blendMode = 'avg'
11.7101 	EXP 	window1: blendMode = 'avg'
11.7183 	EXP 	window1: blendMode = 'avg'
11.7266 	EXP 	window1: blendMode = 'avg'
11.7350 	EXP 	window1: blendMode = 'avg'
11.7433 	EXP 	window1: blendMode = 'avg'
11.7516 	EXP 	window1: blendMode = 'avg'
11.7600 	EXP 	window1: blendMode = 'avg'
11.7683 	EXP 	window1: blendMode = 'avg'
11.7766 	EXP 	window1: blendMode = 'avg'
11.7850 	EXP 	window1: blendMode = 'avg'
11.7933 	EXP 	window1: blendMode = 'avg'
11.8017 	EXP 	window1: blendMode = 'avg'
11.8100 	EXP 	window1: blendMode = 'avg'
11.8183 	EXP 	window1: blendMode = 'avg'
11.8266 	EXP 	window1: blendMode = 'avg'
11.8350 	EXP 	window1: blendMode = 'avg'
11.8433 	EXP 	window1: blendMode = 'avg'
11.8516 	EXP 	window1: blendMode = 'avg'
11.8600 	EXP 	window1: blendMode = 'avg'
11.8683 	EXP 	window1: blendMode = 'avg'
11.8767 	EXP 	window1: blendMode = 'avg'
11.8850 	EXP 	window1: blendMode = 'avg'
11.8933 	EXP 	window1: blendMode = 'avg'
11.9017 	EXP 	window1: blendMode = 'avg'
11.9100 	EXP 	window1: blendMode = 'avg'
11.9184 	EXP 	window1: blendMode = 'avg'
11.9266 	EXP 	window1: blendMode = 'avg'
11.9350 	EXP 	window1: blendMode = 'avg'
11.9434 	EXP 	window1: blendMode = 'avg'
11.9517 	EXP 	window1: blendMode = 'avg'
11.9600 	EXP 	window1: blendMode = 'avg'
11.9683 	EXP 	window1: blendMode = 'avg'
11.9766 	EXP 	window1: blendMode = 'avg'
11.9851 	EXP 	window1: blendMode = 'avg'
11.9933 	EXP 	window1: blendMode = 'avg'
12.0017 	EXP 	window1: blendMode = 'avg'
12.0100 	EXP 	window1: blendMode = 'avg'
12.0183 	EXP 	window1: blendMode = 'avg'
12.0267 	EXP 	window1: blendMode = 'avg'
12.0350 	EXP 	window1: blendMode = 'avg'
12.0434 	EXP 	window1: blendMode = 'avg'
12.0517 	EXP 	window1: blendMode = 'avg'
12.0600 	EXP 	window1: blendMode = 'avg'
12.0683 	EXP 	window1: blendMode = 'avg'
12.0766 	EXP 	window1: blendMode = 'avg'
12.0850 	EXP 	window1: blendMode = 'avg'
12.0933 	EXP 	window1: blendMode = 'avg'
12.1017 	EXP 	window1: blendMode = 'avg'
12.1100 	EXP 	window1: blendMode = 'avg'
12.1184 	EXP 	window1: blendMode = 'avg'
12.1267 	EXP 	window1: blendMode = 'avg'
12.1351 	EXP 	window1: blendMode = 'avg'
12.1434 	EXP 	window1: blendMode = 'avg'
12.1518 	EXP 	window1: blendMode = 'avg'
12.1600 	EXP 	window1: blendMode = 'avg'
12.1685 	EXP 	window1: blendMode = 'avg'
12.1767 	EXP 	window1: blendMode = 'avg'
12.1850 	EXP 	window1: blendMode = 'avg'
12.1934 	EXP 	window1: blendMode = 'avg'
12.2017 	EXP 	window1: blendMode = 'avg'
12.2102 	EXP 	window1: blendMode = 'avg'
12.2184 	EXP 	window1: blendMode = 'avg'
12.2267 	EXP 	window1: blendMode = 'avg'
12.2350 	EXP 	window1: blendMode = 'avg'
12.2434 	EXP 	window1: blendMode = 'avg'
12.2518 	EXP 	window1: blendMode = 'avg'
12.2601 	EXP 	window1: blendMode = 'avg'
12.2684 	EXP 	window1: blendMode = 'avg'
12.2768 	EXP 	window1: blendMode = 'avg'
12.2851 	EXP 	window1: blendMode = 'avg'
12.2934 	EXP 	window1: blendMode = 'avg'
12.3017 	EXP 	window1: blendMode = 'avg'
12.3101 	EXP 	window1: blendMode = 'avg'
12.3184 	EXP 	window1: blendMode = 'avg'
12.3267 	EXP 	window1: blendMode = 'avg'
12.3351 	EXP 	window1: blendMode = 'avg'
12.3434 	EXP 	window1: blendMode = 'avg'
12.3518 	EXP 	window1: blendMode = 'avg'
12.3601 	EXP 	window1: blendMode = 'avg'
12.3684 	EXP 	window1: blendMode = 'avg'
12.3767 	EXP 	window1: blendMode = 'avg'
12.3851 	EXP 	window1: blendMode = 'avg'
12.3934 	EXP 	window1: blendMode = 'avg'
12.4017 	EXP 	window1: blendMode = 'avg'
12.4101 	EXP 	window1: blendMode = 'avg'
12.4184 	EXP 	window1: blendMode = 'avg'
12.4268 	EXP 	window1: blendMode = 'avg'
12.4352 	EXP 	window1: blendMode = 'avg'
12.4435 	EXP 	window1: blendMode = 'avg'
12.4518 	EXP 	window1: blendMode = 'avg'
12.4602 	EXP 	window1: blendMode = 'avg'
12.4684 	EXP 	window1: blendMode = 'avg'
12.4768 	EXP 	window1: blendMode = 'avg'
12.4851 	EXP 	window1: blendMode = 'avg'
12.4934 	EXP 	window1: blendMode = 'avg'
12.5018 	EXP 	window1: blendMode = 'avg'
12.5101 	EXP 	window1: blendMode = 'avg'
12.5184 	EXP 	window1: blendMode = 'avg'
12.5267 	EXP 	window1: blendMode = 'avg'
12.5351 	EXP 	window1: blendMode = 'avg'
12.5434 	EXP 	window1: blendMode = 'avg'
12.5518 	EXP 	window1: blendMode = 'avg'
12.5604 	EXP 	window1: blendMode = 'avg'
12.5687 	EXP 	window1: blendMode = 'avg'
12.5768 	EXP 	window1: blendMode = 'avg'
12.5851 	EXP 	window1: blendMode = 'avg'
12.5934 	EXP 	window1: blendMode = 'avg'
12.6018 	EXP 	window1: blendMode = 'avg'
12.6101 	EXP 	window1: blendMode = 'avg'
12.6184 	EXP 	window1: blendMode = 'avg'
12.6268 	EXP 	window1: blendMode = 'avg'
12.6351 	EXP 	window1: blendMode = 'avg'
12.6434 	EXP 	window1: blendMode = 'avg'
12.6518 	EXP 	window1: blendMode = 'avg'
12.6601 	EXP 	window1: blendMode = 'avg'
12.6686 	EXP 	window1: blendMode = 'avg'
12.6768 	EXP 	window1: blendMode = 'avg'
12.6851 	EXP 	window1: blendMode = 'avg'
12.6935 	EXP 	window1: blendMode = 'avg'
12.7018 	EXP 	window1: blendMode = 'avg'
12.7103 	EXP 	window1: blendMode = 'avg'
12.7186 	EXP 	window1: blendMode = 'avg'
12.7268 	EXP 	window1: blendMode = 'avg'
12.7351 	EXP 	window1: blendMode = 'avg'
12.7435 	EXP 	window1: blendMode = 'avg'
12.7518 	EXP 	window1: blendMode = 'avg'
12.7601 	EXP 	window1: blendMode = 'avg'
12.7685 	EXP 	window1: blendMode = 'avg'
12.7768 	EXP 	window1: blendMode = 'avg'
12.7851 	EXP 	window1: blendMode = 'avg'
12.7935 	EXP 	window1: blendMode = 'avg'
12.8018 	EXP 	window1: blendMode = 'avg'
12.8102 	EXP 	window1: blendMode = 'avg'
12.8185 	EXP 	window1: blendMode = 'avg'
12.8268 	EXP 	window1: blendMode = 'avg'
12.8351 	EXP 	window1: blendMode = 'avg'
12.8435 	EXP 	window1: blendMode = 'avg'
12.8518 	EXP 	window1: blendMode = 'avg'
12.8601 	EXP 	window1: blendMode = 'avg'
12.8685 	EXP 	window1: blendMode = 'avg'
12.8768 	EXP 	window1: blendMode = 'avg'
12.8851 	EXP 	window1: blendMode = 'avg'
12.8935 	EXP 	window1: blendMode = 'avg'
12.9019 	EXP 	window1: blendMode = 'avg'
12.9102 	EXP 	window1: blendMode = 'avg'
12.9186 	EXP 	window1: blendMode = 'avg'
12.9268 	EXP 	window1: blendMode = 'avg'
12.9352 	EXP 	window1: blendMode = 'avg'
12.9435 	EXP 	window1: blendMode = 'avg'
12.9518 	EXP 	window1: blendMode = 'avg'
12.9602 	EXP 	window1: blendMode = 'avg'
12.9685 	EXP 	window1: blendMode = 'avg'
12.9768 	EXP 	window1: blendMode = 'avg'
12.9852 	EXP 	window1: blendMode = 'avg'
12.9935 	EXP 	window1: blendMode = 'avg'
13.0018 	EXP 	window1: blendMode = 'avg'
13.0102 	EXP 	window1: blendMode = 'avg'
13.0185 	EXP 	window1: blendMode = 'avg'
13.0268 	EXP 	window1: blendMode = 'avg'
13.0352 	EXP 	window1: blendMode = 'avg'
13.0436 	EXP 	window1: blendMode = 'avg'
13.0519 	EXP 	window1: blendMode = 'avg'
13.0602 	EXP 	window1: blendMode = 'avg'
13.0685 	EXP 	window1: blendMode = 'avg'
13.0769 	EXP 	window1: blendMode = 'avg'
13.0852 	EXP 	window1: blendMode = 'avg'
13.0935 	EXP 	window1: blendMode = 'avg'
13.1019 	EXP 	window1: blendMode = 'avg'
13.1102 	EXP 	window1: blendMode = 'avg'
13.1186 	EXP 	window1: blendMode = 'avg'
13.1269 	EXP 	window1: blendMode = 'avg'
13.1352 	EXP 	window1: blendMode = 'avg'
13.1435 	EXP 	window1: blendMode = 'avg'
13.1519 	EXP 	window1: blendMode = 'avg'
13.1602 	EXP 	window1: blendMode = 'avg'
13.1685 	EXP 	window1: blendMode = 'avg'
13.1769 	EXP 	window1: blendMode = 'avg'
13.1852 	EXP 	window1: blendMode = 'avg'
13.1935 	EXP 	window1: blendMode = 'avg'
13.2019 	EXP 	window1: blendMode = 'avg'
13.2102 	EXP 	window1: blendMode = 'avg'
13.2187 	EXP 	window1: blendMode = 'avg'
13.2270 	EXP 	window1: blendMode = 'avg'
13.2352 	EXP 	window1: blendMode = 'avg'
13.2436 	EXP 	window1: blendMode = 'avg'
13.2519 	EXP 	window1: blendMode = 'avg'
13.2603 	EXP 	window1: blendMode = 'avg'
13.2686 	EXP 	window1: blendMode = 'avg'
13.2769 	EXP 	window1: blendMode = 'avg'
13.2852 	EXP 	window1: blendMode = 'avg'
13.2936 	EXP 	window1: blendMode = 'avg'
13.3021 	EXP 	window1: blendMode = 'avg'
13.3021 	EXP 	Sound  stopped
13.4201 	EXP 	Imported visual_run1_5.xlsx as conditions, 48 conditions, 6 params
13.4207 	EXP 	Created sequence: sequential, trialTypes=48, nReps=1, seed=None
13.4213 	EXP 	New trial (rep=0, index=0): {'word': 1, 'location': 1, 'image': u'M.png', 'repetition': 10, 'trialnum': 97, 'condition': u'S'}
13.6354 	EXP 	l_block_trial_image: size = array([ 0.5       ,  1.07407407])
13.6354 	EXP 	l_block_trial_image: image = u'M.png'
13.6354 	EXP 	l_block_trial_image: autoDraw = True
14.2269 	EXP 	l_block_trial_image: autoDraw = False
14.2269 	EXP 	l_block_trial_blank: autoDraw = True
14.3106 	EXP 	New trial (rep=0, index=1): {'word': 1, 'location': 2, 'image': u'K.png', 'repetition': 10, 'trialnum': 98, 'condition': u'S'}
14.4643 	EXP 	l_block_trial_image: autoDraw = False
14.4643 	EXP 	l_block_trial_blank: autoDraw = False
14.4643 	EXP 	l_block_trial_image: size = array([ 0.5       ,  1.07407407])
14.4643 	EXP 	l_block_trial_image: image = u'K.png'
14.4643 	EXP 	l_block_trial_image: autoDraw = True
15.1104 	EXP 	l_block_trial_blank: autoDraw = True
15.1187 	EXP 	l_block_trial_image: autoDraw = False
15.3108 	EXP 	New trial (rep=0, index=2): {'word': 1, 'location': 3, 'image': u'B.png', 'repetition': 10, 'trialnum': 99, 'condition': u'S'}
15.4485 	EXP 	l_block_trial_image: autoDraw = False
15.4485 	EXP 	l_block_trial_blank: autoDraw = False
15.4485 	EXP 	l_block_trial_image: size = array([ 0.5       ,  1.07407407])
15.4485 	EXP 	l_block_trial_image: image = u'B.png'
15.4485 	EXP 	l_block_trial_image: autoDraw = True
16.1106 	EXP 	l_block_trial_blank: autoDraw = True
16.1189 	EXP 	l_block_trial_image: autoDraw = False
16.3026 	EXP 	New trial (rep=0, index=3): {'word': 2, 'location': 1, 'image': u'A.png', 'repetition': 8, 'trialnum': 100, 'condition': u'S'}
16.3156 	EXP 	l_block_trial_image: autoDraw = False
16.3156 	EXP 	l_block_trial_blank: autoDraw = False
16.3156 	EXP 	l_block_trial_image: size = array([ 0.5       ,  1.07407407])
16.3156 	EXP 	l_block_trial_image: image = u'A.png'
16.3156 	EXP 	l_block_trial_image: autoDraw = True
17.1024 	EXP 	l_block_trial_blank: autoDraw = True
17.1107 	EXP 	l_block_trial_image: autoDraw = False
17.3033 	EXP 	New trial (rep=0, index=4): {'word': 2, 'location': 2, 'image': u'J.png', 'repetition': 8, 'trialnum': 101, 'condition': u'S'}
17.4591 	EXP 	l_block_trial_image: autoDraw = False
17.4591 	EXP 	l_block_trial_blank: autoDraw = False
17.4591 	EXP 	l_block_trial_image: size = array([ 0.5       ,  1.07407407])
17.4591 	EXP 	l_block_trial_image: image = u'J.png'
17.4591 	EXP 	l_block_trial_image: autoDraw = True
18.1026 	EXP 	l_block_trial_blank: autoDraw = True
18.1109 	EXP 	l_block_trial_image: autoDraw = False
18.3030 	EXP 	New trial (rep=0, index=5): {'word': 2, 'location': 3, 'image': u'F.png', 'repetition': 8, 'trialnum': 102, 'condition': u'S'}
18.4366 	EXP 	l_block_trial_image: autoDraw = False
18.4366 	EXP 	l_block_trial_blank: autoDraw = False
18.4366 	EXP 	l_block_trial_image: size = array([ 0.5       ,  1.07407407])
18.4366 	EXP 	l_block_trial_image: image = u'F.png'
18.4366 	EXP 	l_block_trial_image: autoDraw = True
19.1028 	EXP 	l_block_trial_blank: autoDraw = True
19.1111 	EXP 	l_block_trial_image: autoDraw = False
19.3033 	EXP 	New trial (rep=0, index=6): {'word': 4, 'location': 1, 'image': u'E.png', 'repetition': 9, 'trialnum': 103, 'condition': u'S'}
19.4725 	EXP 	l_block_trial_image: autoDraw = False
19.4725 	EXP 	l_block_trial_blank: autoDraw = False
19.4725 	EXP 	l_block_trial_image: size = array([ 0.5       ,  1.07407407])
19.4725 	EXP 	l_block_trial_image: image = u'E.png'
19.4725 	EXP 	l_block_trial_image: autoDraw = True
19.8033 	DATA 	Keypress: escape
