11.6041 	EXP 	Created window1 = Window(allowGUI=False, allowStencil=False, autoLog=True, bitsMode=UNKNOWN, blendMode='avg', color=u'grey', colorSpace='named', fullscr=UNKNOWN, gamma=None, lms=UNKNOWN, monitor=<psychopy.monitors.calibTools.Monitor object at 0x1FD115B0>, multiSample=False, name='window1', numSamples=2, pos=[0, 0], screen=0, size=array([1920, 1080]), stereo=False, units=u'norm', useFBO=True, useRetina=False, viewOri=0.0, viewPos=None, viewScale=None, waitBlanking=True, winType='pyglet')
11.6041 	EXP 	window1: recordFrameIntervals = False
11.6873 	EXP 	window1: recordFrameIntervals = True
11.7790 	EXP 	window1: recordFrameIntervals = False
11.8522 	EXP 	Created start_text = TextStim(alignHoriz='center', alignVert='center', antialias=True, autoLog=True, bold=False, color=u'black', colorSpace='named', contrast=1.0, depth=-1.0, flipHoriz=False, flipVert=False, font=u'Arial', fontFiles=[], height=0.1, italic=False, name='start_text', opacity=1.0, ori=0, pos=array([ 0.,  0.]), rgb=array([ 0.,  0.,  0.]), text=u"Are you ready? Let's get started!", units=u'norm', win=Window(...), wrapWidth=1)
11.8606 	EXP 	Created vreminder_image = ImageStim(autoLog=True, color=array([ 1.,  1.,  1.]), colorSpace='rgb', contrast=1.0, depth=0.0, flipHoriz=False, flipVert=False, image=u'Alien1.BMP', interpolate=True, mask=None, maskParams=None, name='vreminder_image', opacity=1.0, ori=0.0, pos=array([ 0. , -0.3]), size=array([ 0.3       ,  0.45740741]), texRes=128, units=u'norm', win=Window(...))
11.8681 	EXP 	Created vreminder_text = TextStim(alignHoriz='center', alignVert='center', antialias=True, autoLog=True, bold=False, color='black', colorSpace='named', contrast=1.0, depth=0.0, flipHoriz=False, flipVert=False, font='Arial', fontFiles=[], height=0.1, italic=False, name='vreminder_text', opacity=1.0, ori=0, pos=array([ 0. ,  0.4]), rgb=array([ 0.,  0.,  0.]), text=u'Press the button when you see this!', units=u'norm', win=Window(...), wrapWidth=1)
12.6027 	EXP 	Set  sound=C
12.6076 	EXP 	Set  sound=reminder.wav
12.6076 	EXP 	Sound  set volume 1.000
12.6315 	EXP 	Created lreminder_image = ImageStim(autoLog=True, color=array([ 1.,  1.,  1.]), colorSpace='rgb', contrast=1.0, depth=0.0, flipHoriz=False, flipVert=False, image='a.png', interpolate=True, mask=None, maskParams=None, name='lreminder_image', opacity=1.0, ori=0.0, pos=array([ 0. , -0.3]), size=array([ 0.5       ,  1.07407407]), texRes=128, units=u'norm', win=Window(...))
12.6362 	EXP 	Created lreminder_text = TextStim(alignHoriz='center', alignVert='center', antialias=True, autoLog=True, bold=False, color='black', colorSpace='named', contrast=1.0, depth=0.0, flipHoriz=False, flipVert=False, font='Arial', fontFiles=[], height=0.1, italic=False, name='lreminder_text', opacity=1.0, ori=0, pos=array([-0. ,  0.4]), rgb=array([ 0.,  0.,  0.]), text=u'Press the button when you see this!', units=u'norm', win=Window(...), wrapWidth=1)
12.6390 	EXP 	Set  sound=reminder.wav
12.6390 	EXP 	Sound  set volume 1.000
12.6410 	EXP 	Created l_block_trial_image = ImageStim(autoLog=True, color=array([ 1.,  1.,  1.]), colorSpace='rgb', contrast=1.0, depth=0.0, flipHoriz=False, flipVert=False, image='sin', interpolate=True, mask=None, maskParams=None, name='l_block_trial_image', opacity=1.0, ori=0.0, pos=array([ 0.,  0.]), size=array([ 0.5,  0.5]), texRes=128, units=u'norm', win=Window(...))
12.6646 	EXP 	Created l_block_trial_blank = ImageStim(autoLog=True, color=array([ 1.,  1.,  1.]), colorSpace='rgb', contrast=1.0, depth=-1.0, flipHoriz=False, flipVert=False, image=u'blanka.png', interpolate=True, mask=None, maskParams=None, name='l_block_trial_blank', opacity=1.0, ori=0.0, pos=array([ 0.,  0.]), size=array([ 0.5       ,  1.07407407]), texRes=128, units=u'norm', win=Window(...))
12.6664 	EXP 	Created v_block_trial_image = ImageStim(autoLog=True, color=array([ 1.,  1.,  1.]), colorSpace='rgb', contrast=1.0, depth=0.0, flipHoriz=False, flipVert=False, image='sin', interpolate=True, mask=None, maskParams=None, name='v_block_trial_image', opacity=1.0, ori=0.0, pos=array([ 0.,  0.]), size=array([ 0.5,  0.5]), texRes=128, units=u'norm', win=Window(...))
12.6704 	EXP 	Created blank_image = ImageStim(autoLog=True, color=array([ 1.,  1.,  1.]), colorSpace='rgb', contrast=1.0, depth=-2.0, flipHoriz=False, flipVert=False, image=u'blank.PNG', interpolate=True, mask=None, maskParams=None, name='blank_image', opacity=1.0, ori=0.0, pos=array([ 0.,  0.]), size=array([ 0.3       ,  0.26666667]), texRes=128, units=u'norm', win=Window(...))
12.6719 	EXP 	Created blank_block_trial_image = ImageStim(autoLog=True, color=array([ 1.,  1.,  1.]), colorSpace='rgb', contrast=1.0, depth=0.0, flipHoriz=False, flipVert=False, image='sin', interpolate=True, mask=None, maskParams=None, name='blank_block_trial_image', opacity=1.0, ori=0.0, pos=array([ 0.,  0.]), size=array([ 0.5,  0.5]), texRes=128, units=u'norm', win=Window(...))
12.6728 	EXP 	window1: blendMode = 'avg'
12.6973 	EXP 	start_text: autoDraw = True
12.6976 	EXP 	window1: blendMode = 'avg'
12.6996 	EXP 	window1: blendMode = 'avg'
12.7043 	EXP 	window1: blendMode = 'avg'
12.7127 	EXP 	window1: blendMode = 'avg'
12.7210 	EXP 	window1: blendMode = 'avg'
12.7294 	EXP 	window1: blendMode = 'avg'
12.7377 	EXP 	window1: blendMode = 'avg'
12.7461 	EXP 	window1: blendMode = 'avg'
12.7544 	EXP 	window1: blendMode = 'avg'
12.7627 	EXP 	window1: blendMode = 'avg'
12.7713 	EXP 	window1: blendMode = 'avg'
12.7794 	EXP 	window1: blendMode = 'avg'
12.7877 	EXP 	window1: blendMode = 'avg'
12.7961 	EXP 	window1: blendMode = 'avg'
12.8044 	EXP 	window1: blendMode = 'avg'
12.8128 	EXP 	window1: blendMode = 'avg'
12.8210 	EXP 	window1: blendMode = 'avg'
12.8294 	EXP 	window1: blendMode = 'avg'
12.8378 	EXP 	window1: blendMode = 'avg'
12.8493 	EXP 	window1: blendMode = 'avg'
12.8544 	EXP 	window1: blendMode = 'avg'
12.8627 	EXP 	window1: blendMode = 'avg'
12.8773 	EXP 	window1: blendMode = 'avg'
12.8846 	EXP 	window1: blendMode = 'avg'
12.8875 	EXP 	window1: blendMode = 'avg'
12.8959 	EXP 	window1: blendMode = 'avg'
12.9043 	EXP 	window1: blendMode = 'avg'
12.9126 	EXP 	window1: blendMode = 'avg'
12.9209 	EXP 	window1: blendMode = 'avg'
12.9293 	EXP 	window1: blendMode = 'avg'
12.9376 	EXP 	window1: blendMode = 'avg'
12.9459 	EXP 	window1: blendMode = 'avg'
12.9543 	EXP 	window1: blendMode = 'avg'
12.9626 	EXP 	window1: blendMode = 'avg'
12.9710 	EXP 	window1: blendMode = 'avg'
12.9793 	EXP 	window1: blendMode = 'avg'
12.9877 	EXP 	window1: blendMode = 'avg'
12.9960 	EXP 	window1: blendMode = 'avg'
13.0042 	EXP 	window1: blendMode = 'avg'
13.0126 	EXP 	window1: blendMode = 'avg'
13.0211 	EXP 	window1: blendMode = 'avg'
13.0293 	EXP 	window1: blendMode = 'avg'
13.0376 	EXP 	window1: blendMode = 'avg'
13.0459 	EXP 	window1: blendMode = 'avg'
13.0543 	EXP 	window1: blendMode = 'avg'
13.0626 	EXP 	window1: blendMode = 'avg'
13.0710 	EXP 	window1: blendMode = 'avg'
13.0793 	EXP 	window1: blendMode = 'avg'
13.0876 	EXP 	window1: blendMode = 'avg'
13.0960 	EXP 	window1: blendMode = 'avg'
13.1043 	EXP 	window1: blendMode = 'avg'
13.1126 	EXP 	window1: blendMode = 'avg'
13.1210 	EXP 	window1: blendMode = 'avg'
13.1293 	EXP 	window1: blendMode = 'avg'
13.1377 	EXP 	window1: blendMode = 'avg'
13.1460 	EXP 	window1: blendMode = 'avg'
13.1543 	EXP 	window1: blendMode = 'avg'
13.1626 	EXP 	window1: blendMode = 'avg'
13.1711 	EXP 	window1: blendMode = 'avg'
13.1794 	EXP 	window1: blendMode = 'avg'
13.1877 	EXP 	window1: blendMode = 'avg'
13.1960 	EXP 	window1: blendMode = 'avg'
13.2043 	EXP 	window1: blendMode = 'avg'
13.2127 	EXP 	window1: blendMode = 'avg'
13.2211 	EXP 	window1: blendMode = 'avg'
13.2293 	EXP 	window1: blendMode = 'avg'
13.2377 	EXP 	window1: blendMode = 'avg'
13.2460 	EXP 	window1: blendMode = 'avg'
13.2543 	EXP 	window1: blendMode = 'avg'
13.2627 	EXP 	window1: blendMode = 'avg'
13.2711 	EXP 	window1: blendMode = 'avg'
13.2795 	EXP 	window1: blendMode = 'avg'
13.2879 	EXP 	window1: blendMode = 'avg'
13.2960 	EXP 	window1: blendMode = 'avg'
13.3043 	EXP 	window1: blendMode = 'avg'
13.3127 	EXP 	window1: blendMode = 'avg'
13.3210 	EXP 	window1: blendMode = 'avg'
13.3293 	EXP 	window1: blendMode = 'avg'
13.3377 	EXP 	window1: blendMode = 'avg'
13.3460 	EXP 	window1: blendMode = 'avg'
13.3543 	EXP 	window1: blendMode = 'avg'
13.3627 	EXP 	window1: blendMode = 'avg'
13.3710 	EXP 	window1: blendMode = 'avg'
13.3794 	EXP 	window1: blendMode = 'avg'
13.3877 	EXP 	window1: blendMode = 'avg'
13.3960 	EXP 	window1: blendMode = 'avg'
13.4043 	EXP 	window1: blendMode = 'avg'
13.4127 	EXP 	window1: blendMode = 'avg'
13.4210 	EXP 	window1: blendMode = 'avg'
13.4293 	EXP 	window1: blendMode = 'avg'
13.4377 	EXP 	window1: blendMode = 'avg'
13.4460 	EXP 	window1: blendMode = 'avg'
13.4543 	EXP 	window1: blendMode = 'avg'
13.4627 	EXP 	window1: blendMode = 'avg'
13.4710 	EXP 	window1: blendMode = 'avg'
13.4793 	EXP 	window1: blendMode = 'avg'
13.4877 	EXP 	window1: blendMode = 'avg'
13.4960 	EXP 	window1: blendMode = 'avg'
13.5043 	EXP 	window1: blendMode = 'avg'
13.5127 	EXP 	window1: blendMode = 'avg'
13.5210 	EXP 	window1: blendMode = 'avg'
13.5294 	EXP 	window1: blendMode = 'avg'
13.5377 	EXP 	window1: blendMode = 'avg'
13.5460 	EXP 	window1: blendMode = 'avg'
13.5543 	EXP 	window1: blendMode = 'avg'
13.5627 	EXP 	window1: blendMode = 'avg'
13.5710 	EXP 	window1: blendMode = 'avg'
13.5794 	EXP 	window1: blendMode = 'avg'
13.5878 	EXP 	window1: blendMode = 'avg'
13.5962 	EXP 	window1: blendMode = 'avg'
13.6044 	EXP 	window1: blendMode = 'avg'
13.6128 	EXP 	window1: blendMode = 'avg'
13.6211 	EXP 	window1: blendMode = 'avg'
13.6294 	EXP 	window1: blendMode = 'avg'
13.6378 	EXP 	window1: blendMode = 'avg'
13.6461 	EXP 	window1: blendMode = 'avg'
13.6544 	EXP 	window1: blendMode = 'avg'
13.6628 	EXP 	window1: blendMode = 'avg'
13.6712 	EXP 	window1: blendMode = 'avg'
13.6794 	EXP 	window1: blendMode = 'avg'
13.6881 	EXP 	window1: blendMode = 'avg'
13.6965 	EXP 	window1: blendMode = 'avg'
13.7047 	EXP 	window1: blendMode = 'avg'
13.7128 	EXP 	window1: blendMode = 'avg'
13.7211 	EXP 	window1: blendMode = 'avg'
13.7294 	EXP 	window1: blendMode = 'avg'
13.7377 	EXP 	window1: blendMode = 'avg'
13.7461 	EXP 	window1: blendMode = 'avg'
13.7544 	EXP 	window1: blendMode = 'avg'
13.7627 	EXP 	window1: blendMode = 'avg'
13.7711 	EXP 	window1: blendMode = 'avg'
13.7794 	EXP 	window1: blendMode = 'avg'
13.7878 	EXP 	window1: blendMode = 'avg'
13.7961 	EXP 	window1: blendMode = 'avg'
13.8044 	EXP 	window1: blendMode = 'avg'
13.8128 	EXP 	window1: blendMode = 'avg'
13.8211 	EXP 	window1: blendMode = 'avg'
13.8294 	EXP 	window1: blendMode = 'avg'
13.8377 	EXP 	window1: blendMode = 'avg'
13.8461 	EXP 	window1: blendMode = 'avg'
13.8544 	EXP 	window1: blendMode = 'avg'
13.8627 	EXP 	window1: blendMode = 'avg'
13.8711 	EXP 	window1: blendMode = 'avg'
13.8794 	EXP 	window1: blendMode = 'avg'
13.8878 	EXP 	window1: blendMode = 'avg'
13.8961 	EXP 	window1: blendMode = 'avg'
13.9045 	EXP 	window1: blendMode = 'avg'
13.9128 	EXP 	window1: blendMode = 'avg'
13.9211 	EXP 	window1: blendMode = 'avg'
13.9294 	EXP 	window1: blendMode = 'avg'
13.9378 	DATA 	Keypress: space
13.9380 	EXP 	window1: blendMode = 'avg'
13.9461 	EXP 	window1: blendMode = 'avg'
13.9544 	EXP 	window1: blendMode = 'avg'
13.9628 	EXP 	window1: blendMode = 'avg'
13.9711 	EXP 	window1: blendMode = 'avg'
13.9795 	EXP 	window1: blendMode = 'avg'
13.9878 	EXP 	window1: blendMode = 'avg'
13.9962 	EXP 	window1: blendMode = 'avg'
14.0044 	EXP 	window1: blendMode = 'avg'
14.0128 	EXP 	window1: blendMode = 'avg'
14.0211 	EXP 	window1: blendMode = 'avg'
14.0295 	EXP 	window1: blendMode = 'avg'
14.0380 	EXP 	window1: blendMode = 'avg'
14.0461 	EXP 	window1: blendMode = 'avg'
14.0545 	EXP 	window1: blendMode = 'avg'
14.0628 	EXP 	window1: blendMode = 'avg'
14.0711 	EXP 	window1: blendMode = 'avg'
14.0795 	EXP 	window1: blendMode = 'avg'
14.0878 	EXP 	window1: blendMode = 'avg'
14.0962 	EXP 	window1: blendMode = 'avg'
14.1045 	EXP 	window1: blendMode = 'avg'
14.1128 	EXP 	window1: blendMode = 'avg'
14.1211 	EXP 	window1: blendMode = 'avg'
14.1295 	EXP 	window1: blendMode = 'avg'
14.1378 	EXP 	window1: blendMode = 'avg'
14.1461 	EXP 	window1: blendMode = 'avg'
14.1545 	EXP 	window1: blendMode = 'avg'
14.1628 	EXP 	window1: blendMode = 'avg'
14.1712 	EXP 	window1: blendMode = 'avg'
14.1796 	EXP 	window1: blendMode = 'avg'
14.1879 	EXP 	window1: blendMode = 'avg'
14.1962 	EXP 	window1: blendMode = 'avg'
14.2045 	EXP 	window1: blendMode = 'avg'
14.2128 	EXP 	window1: blendMode = 'avg'
14.2213 	EXP 	window1: blendMode = 'avg'
14.2295 	EXP 	window1: blendMode = 'avg'
14.2378 	EXP 	window1: blendMode = 'avg'
14.2462 	EXP 	window1: blendMode = 'avg'
14.2545 	EXP 	window1: blendMode = 'avg'
14.2628 	EXP 	window1: blendMode = 'avg'
14.2711 	EXP 	window1: blendMode = 'avg'
14.2795 	EXP 	window1: blendMode = 'avg'
14.2879 	EXP 	window1: blendMode = 'avg'
14.2962 	EXP 	window1: blendMode = 'avg'
14.3045 	EXP 	window1: blendMode = 'avg'
14.3128 	EXP 	window1: blendMode = 'avg'
14.3212 	EXP 	window1: blendMode = 'avg'
14.3295 	EXP 	window1: blendMode = 'avg'
14.3379 	EXP 	window1: blendMode = 'avg'
14.3462 	EXP 	window1: blendMode = 'avg'
14.3545 	EXP 	window1: blendMode = 'avg'
14.3628 	EXP 	window1: blendMode = 'avg'
14.3712 	EXP 	window1: blendMode = 'avg'
14.3795 	EXP 	window1: blendMode = 'avg'
14.3879 	EXP 	window1: blendMode = 'avg'
14.3962 	EXP 	window1: blendMode = 'avg'
14.4045 	EXP 	window1: blendMode = 'avg'
14.4129 	EXP 	window1: blendMode = 'avg'
14.4212 	EXP 	window1: blendMode = 'avg'
14.4295 	EXP 	window1: blendMode = 'avg'
14.4379 	EXP 	window1: blendMode = 'avg'
14.4462 	EXP 	window1: blendMode = 'avg'
14.4545 	EXP 	window1: blendMode = 'avg'
14.4629 	EXP 	window1: blendMode = 'avg'
14.4712 	EXP 	window1: blendMode = 'avg'
14.4795 	EXP 	window1: blendMode = 'avg'
14.4879 	EXP 	window1: blendMode = 'avg'
14.4962 	EXP 	window1: blendMode = 'avg'
14.5045 	EXP 	window1: blendMode = 'avg'
14.5129 	EXP 	window1: blendMode = 'avg'
14.5212 	EXP 	window1: blendMode = 'avg'
14.5296 	EXP 	window1: blendMode = 'avg'
14.5379 	EXP 	window1: blendMode = 'avg'
14.5462 	EXP 	window1: blendMode = 'avg'
14.5545 	EXP 	window1: blendMode = 'avg'
14.5629 	EXP 	window1: blendMode = 'avg'
14.5712 	EXP 	window1: blendMode = 'avg'
14.5795 	EXP 	window1: blendMode = 'avg'
14.5880 	EXP 	window1: blendMode = 'avg'
14.5963 	EXP 	window1: blendMode = 'avg'
14.6046 	EXP 	window1: blendMode = 'avg'
14.6129 	EXP 	window1: blendMode = 'avg'
14.6212 	EXP 	window1: blendMode = 'avg'
14.6296 	EXP 	window1: blendMode = 'avg'
14.6379 	EXP 	window1: blendMode = 'avg'
14.6462 	EXP 	window1: blendMode = 'avg'
14.6546 	EXP 	window1: blendMode = 'avg'
14.6629 	EXP 	window1: blendMode = 'avg'
14.6712 	EXP 	window1: blendMode = 'avg'
14.6797 	EXP 	window1: blendMode = 'avg'
14.6879 	EXP 	window1: blendMode = 'avg'
14.6963 	EXP 	window1: blendMode = 'avg'
14.7046 	EXP 	window1: blendMode = 'avg'
14.7129 	EXP 	window1: blendMode = 'avg'
14.7213 	EXP 	window1: blendMode = 'avg'
14.7296 	EXP 	window1: blendMode = 'avg'
14.7379 	EXP 	window1: blendMode = 'avg'
14.7463 	EXP 	window1: blendMode = 'avg'
14.7546 	EXP 	window1: blendMode = 'avg'
14.7629 	EXP 	window1: blendMode = 'avg'
14.7713 	EXP 	window1: blendMode = 'avg'
14.7796 	EXP 	window1: blendMode = 'avg'
14.7879 	EXP 	window1: blendMode = 'avg'
14.7963 	EXP 	window1: blendMode = 'avg'
14.8046 	EXP 	window1: blendMode = 'avg'
14.8130 	EXP 	window1: blendMode = 'avg'
14.8213 	EXP 	window1: blendMode = 'avg'
14.8296 	EXP 	window1: blendMode = 'avg'
14.8380 	EXP 	window1: blendMode = 'avg'
14.8463 	EXP 	window1: blendMode = 'avg'
14.8546 	EXP 	window1: blendMode = 'avg'
14.8629 	EXP 	window1: blendMode = 'avg'
14.8713 	EXP 	window1: blendMode = 'avg'
14.8796 	EXP 	window1: blendMode = 'avg'
14.8880 	EXP 	window1: blendMode = 'avg'
14.8963 	EXP 	window1: blendMode = 'avg'
14.9046 	EXP 	window1: blendMode = 'avg'
14.9129 	EXP 	window1: blendMode = 'avg'
14.9213 	EXP 	window1: blendMode = 'avg'
14.9296 	EXP 	window1: blendMode = 'avg'
14.9380 	EXP 	window1: blendMode = 'avg'
14.9463 	EXP 	window1: blendMode = 'avg'
14.9546 	EXP 	window1: blendMode = 'avg'
14.9630 	EXP 	window1: blendMode = 'avg'
14.9713 	EXP 	window1: blendMode = 'avg'
14.9797 	EXP 	window1: blendMode = 'avg'
14.9880 	EXP 	window1: blendMode = 'avg'
14.9963 	EXP 	window1: blendMode = 'avg'
15.0046 	EXP 	window1: blendMode = 'avg'
15.0130 	EXP 	window1: blendMode = 'avg'
15.0213 	DATA 	Keypress: 5
15.0219 	EXP 	window1: blendMode = 'avg'
15.0223 	EXP 	Sound  started
15.0295 	EXP 	start_text: autoDraw = False
15.0297 	EXP 	window1: blendMode = 'avg'
15.0380 	EXP 	window1: blendMode = 'avg'
15.0463 	EXP 	window1: blendMode = 'avg'
15.0546 	EXP 	window1: blendMode = 'avg'
15.0630 	EXP 	window1: blendMode = 'avg'
15.0713 	EXP 	window1: blendMode = 'avg'
15.0796 	EXP 	window1: blendMode = 'avg'
15.0880 	EXP 	window1: blendMode = 'avg'
15.0963 	EXP 	window1: blendMode = 'avg'
15.1046 	EXP 	window1: blendMode = 'avg'
15.1130 	EXP 	window1: blendMode = 'avg'
15.1213 	EXP 	window1: blendMode = 'avg'
15.1296 	EXP 	window1: blendMode = 'avg'
15.1380 	EXP 	window1: blendMode = 'avg'
15.1463 	EXP 	window1: blendMode = 'avg'
15.1546 	EXP 	window1: blendMode = 'avg'
15.1630 	EXP 	window1: blendMode = 'avg'
15.1713 	EXP 	window1: blendMode = 'avg'
15.1798 	EXP 	window1: blendMode = 'avg'
15.1880 	EXP 	window1: blendMode = 'avg'
15.1963 	EXP 	window1: blendMode = 'avg'
15.2047 	EXP 	window1: blendMode = 'avg'
15.2130 	EXP 	window1: blendMode = 'avg'
15.2213 	EXP 	window1: blendMode = 'avg'
15.2297 	EXP 	window1: blendMode = 'avg'
15.2380 	EXP 	window1: blendMode = 'avg'
15.2463 	EXP 	window1: blendMode = 'avg'
15.2547 	EXP 	window1: blendMode = 'avg'
15.2630 	EXP 	window1: blendMode = 'avg'
15.2713 	EXP 	window1: blendMode = 'avg'
15.2797 	EXP 	window1: blendMode = 'avg'
15.2880 	EXP 	window1: blendMode = 'avg'
15.2963 	EXP 	window1: blendMode = 'avg'
15.3047 	EXP 	window1: blendMode = 'avg'
15.3130 	EXP 	window1: blendMode = 'avg'
15.3213 	EXP 	window1: blendMode = 'avg'
15.3297 	EXP 	window1: blendMode = 'avg'
15.3380 	EXP 	window1: blendMode = 'avg'
15.3464 	EXP 	window1: blendMode = 'avg'
15.3547 	EXP 	window1: blendMode = 'avg'
15.3630 	EXP 	window1: blendMode = 'avg'
15.3713 	EXP 	window1: blendMode = 'avg'
15.3797 	EXP 	window1: blendMode = 'avg'
15.3880 	EXP 	window1: blendMode = 'avg'
15.3964 	EXP 	window1: blendMode = 'avg'
15.4047 	EXP 	window1: blendMode = 'avg'
15.4130 	EXP 	window1: blendMode = 'avg'
15.4214 	EXP 	window1: blendMode = 'avg'
15.4297 	EXP 	window1: blendMode = 'avg'
15.4381 	EXP 	window1: blendMode = 'avg'
15.4464 	EXP 	window1: blendMode = 'avg'
15.4547 	EXP 	window1: blendMode = 'avg'
15.4630 	EXP 	window1: blendMode = 'avg'
15.4714 	EXP 	window1: blendMode = 'avg'
15.4797 	EXP 	window1: blendMode = 'avg'
15.4880 	EXP 	window1: blendMode = 'avg'
15.4964 	EXP 	window1: blendMode = 'avg'
15.5047 	EXP 	window1: blendMode = 'avg'
15.5130 	EXP 	window1: blendMode = 'avg'
15.5214 	EXP 	window1: blendMode = 'avg'
15.5297 	EXP 	window1: blendMode = 'avg'
15.5381 	EXP 	window1: blendMode = 'avg'
15.5464 	EXP 	window1: blendMode = 'avg'
15.5547 	EXP 	window1: blendMode = 'avg'
15.5631 	EXP 	window1: blendMode = 'avg'
15.5714 	EXP 	window1: blendMode = 'avg'
15.5798 	EXP 	window1: blendMode = 'avg'
15.5881 	EXP 	window1: blendMode = 'avg'
15.5964 	EXP 	window1: blendMode = 'avg'
15.6047 	EXP 	window1: blendMode = 'avg'
15.6131 	EXP 	window1: blendMode = 'avg'
15.6214 	EXP 	window1: blendMode = 'avg'
15.6297 	EXP 	window1: blendMode = 'avg'
15.6382 	EXP 	window1: blendMode = 'avg'
15.6464 	EXP 	window1: blendMode = 'avg'
15.6547 	EXP 	window1: blendMode = 'avg'
15.6631 	EXP 	window1: blendMode = 'avg'
15.6714 	EXP 	window1: blendMode = 'avg'
15.6799 	EXP 	window1: blendMode = 'avg'
15.6881 	EXP 	window1: blendMode = 'avg'
15.6964 	EXP 	window1: blendMode = 'avg'
15.7047 	EXP 	window1: blendMode = 'avg'
15.7131 	EXP 	window1: blendMode = 'avg'
15.7214 	EXP 	window1: blendMode = 'avg'
15.7298 	EXP 	window1: blendMode = 'avg'
15.7381 	EXP 	window1: blendMode = 'avg'
15.7465 	EXP 	window1: blendMode = 'avg'
15.7548 	EXP 	window1: blendMode = 'avg'
15.7631 	EXP 	window1: blendMode = 'avg'
15.7714 	EXP 	window1: blendMode = 'avg'
15.7798 	EXP 	window1: blendMode = 'avg'
15.7881 	EXP 	window1: blendMode = 'avg'
15.7964 	EXP 	window1: blendMode = 'avg'
15.8047 	EXP 	window1: blendMode = 'avg'
15.8131 	EXP 	window1: blendMode = 'avg'
15.8214 	EXP 	window1: blendMode = 'avg'
15.8298 	EXP 	window1: blendMode = 'avg'
15.8381 	EXP 	window1: blendMode = 'avg'
15.8465 	EXP 	window1: blendMode = 'avg'
15.8548 	EXP 	window1: blendMode = 'avg'
15.8631 	EXP 	window1: blendMode = 'avg'
15.8714 	EXP 	window1: blendMode = 'avg'
15.8798 	EXP 	window1: blendMode = 'avg'
15.8881 	EXP 	window1: blendMode = 'avg'
15.8964 	EXP 	window1: blendMode = 'avg'
15.9048 	EXP 	window1: blendMode = 'avg'
15.9131 	EXP 	window1: blendMode = 'avg'
15.9215 	EXP 	window1: blendMode = 'avg'
15.9298 	EXP 	window1: blendMode = 'avg'
15.9381 	EXP 	window1: blendMode = 'avg'
15.9465 	EXP 	window1: blendMode = 'avg'
15.9833 	EXP 	window1: blendMode = 'avg'
15.9840 	EXP 	window1: blendMode = 'avg'
15.9882 	EXP 	window1: blendMode = 'avg'
15.9965 	EXP 	window1: blendMode = 'avg'
16.0048 	EXP 	window1: blendMode = 'avg'
16.0131 	EXP 	window1: blendMode = 'avg'
16.0215 	EXP 	window1: blendMode = 'avg'
16.0298 	EXP 	window1: blendMode = 'avg'
16.0382 	EXP 	window1: blendMode = 'avg'
16.0465 	EXP 	window1: blendMode = 'avg'
16.0549 	EXP 	window1: blendMode = 'avg'
16.0631 	EXP 	window1: blendMode = 'avg'
16.0715 	EXP 	window1: blendMode = 'avg'
16.0798 	EXP 	window1: blendMode = 'avg'
16.0882 	EXP 	window1: blendMode = 'avg'
16.0965 	EXP 	window1: blendMode = 'avg'
16.1048 	EXP 	window1: blendMode = 'avg'
16.1132 	EXP 	window1: blendMode = 'avg'
16.1215 	EXP 	window1: blendMode = 'avg'
16.1298 	EXP 	window1: blendMode = 'avg'
16.1382 	EXP 	window1: blendMode = 'avg'
16.1465 	EXP 	window1: blendMode = 'avg'
16.1548 	EXP 	window1: blendMode = 'avg'
16.1632 	EXP 	window1: blendMode = 'avg'
16.1715 	EXP 	window1: blendMode = 'avg'
16.1798 	EXP 	window1: blendMode = 'avg'
16.1883 	EXP 	window1: blendMode = 'avg'
16.1965 	EXP 	window1: blendMode = 'avg'
16.2048 	EXP 	window1: blendMode = 'avg'
16.2132 	EXP 	window1: blendMode = 'avg'
16.2215 	EXP 	window1: blendMode = 'avg'
16.2299 	EXP 	window1: blendMode = 'avg'
16.2382 	EXP 	window1: blendMode = 'avg'
16.2465 	EXP 	window1: blendMode = 'avg'
16.2548 	EXP 	window1: blendMode = 'avg'
16.2632 	EXP 	window1: blendMode = 'avg'
16.2715 	EXP 	window1: blendMode = 'avg'
16.2799 	EXP 	window1: blendMode = 'avg'
16.2882 	EXP 	window1: blendMode = 'avg'
16.2965 	EXP 	window1: blendMode = 'avg'
16.3048 	EXP 	window1: blendMode = 'avg'
16.3132 	EXP 	window1: blendMode = 'avg'
16.3215 	EXP 	window1: blendMode = 'avg'
16.3300 	EXP 	window1: blendMode = 'avg'
16.3382 	EXP 	window1: blendMode = 'avg'
16.3465 	EXP 	window1: blendMode = 'avg'
16.3549 	EXP 	window1: blendMode = 'avg'
16.3632 	EXP 	window1: blendMode = 'avg'
16.3715 	EXP 	window1: blendMode = 'avg'
16.3799 	EXP 	window1: blendMode = 'avg'
16.3884 	EXP 	window1: blendMode = 'avg'
16.3966 	EXP 	window1: blendMode = 'avg'
16.4049 	EXP 	window1: blendMode = 'avg'
16.4132 	EXP 	window1: blendMode = 'avg'
16.4216 	EXP 	window1: blendMode = 'avg'
16.4299 	EXP 	window1: blendMode = 'avg'
16.4382 	EXP 	window1: blendMode = 'avg'
16.4466 	EXP 	window1: blendMode = 'avg'
16.4549 	EXP 	window1: blendMode = 'avg'
16.4633 	EXP 	window1: blendMode = 'avg'
16.4716 	EXP 	window1: blendMode = 'avg'
16.4799 	EXP 	window1: blendMode = 'avg'
16.4882 	EXP 	window1: blendMode = 'avg'
16.4966 	EXP 	window1: blendMode = 'avg'
16.5049 	EXP 	window1: blendMode = 'avg'
16.5133 	EXP 	window1: blendMode = 'avg'
16.5216 	EXP 	window1: blendMode = 'avg'
16.5299 	EXP 	window1: blendMode = 'avg'
16.5382 	EXP 	window1: blendMode = 'avg'
16.5466 	EXP 	window1: blendMode = 'avg'
16.5549 	EXP 	window1: blendMode = 'avg'
16.5633 	EXP 	window1: blendMode = 'avg'
16.5716 	EXP 	window1: blendMode = 'avg'
16.5800 	EXP 	window1: blendMode = 'avg'
16.5883 	EXP 	window1: blendMode = 'avg'
16.5966 	EXP 	window1: blendMode = 'avg'
16.6049 	EXP 	window1: blendMode = 'avg'
16.6132 	EXP 	window1: blendMode = 'avg'
16.6216 	EXP 	window1: blendMode = 'avg'
16.6299 	EXP 	window1: blendMode = 'avg'
16.6383 	EXP 	window1: blendMode = 'avg'
16.6466 	EXP 	window1: blendMode = 'avg'
16.6549 	EXP 	window1: blendMode = 'avg'
16.6633 	EXP 	window1: blendMode = 'avg'
16.6716 	EXP 	window1: blendMode = 'avg'
16.6799 	EXP 	window1: blendMode = 'avg'
16.6884 	EXP 	window1: blendMode = 'avg'
16.6966 	EXP 	window1: blendMode = 'avg'
16.7049 	EXP 	window1: blendMode = 'avg'
16.7133 	EXP 	window1: blendMode = 'avg'
16.7216 	EXP 	window1: blendMode = 'avg'
16.7300 	EXP 	window1: blendMode = 'avg'
16.7383 	EXP 	window1: blendMode = 'avg'
16.7466 	EXP 	window1: blendMode = 'avg'
16.7549 	EXP 	window1: blendMode = 'avg'
16.7633 	EXP 	window1: blendMode = 'avg'
16.7716 	EXP 	window1: blendMode = 'avg'
16.7800 	EXP 	window1: blendMode = 'avg'
16.7883 	EXP 	window1: blendMode = 'avg'
16.7966 	EXP 	window1: blendMode = 'avg'
16.8049 	EXP 	window1: blendMode = 'avg'
16.8133 	EXP 	window1: blendMode = 'avg'
16.8216 	EXP 	window1: blendMode = 'avg'
16.8300 	EXP 	window1: blendMode = 'avg'
16.8383 	EXP 	window1: blendMode = 'avg'
16.8466 	EXP 	window1: blendMode = 'avg'
16.8550 	EXP 	window1: blendMode = 'avg'
16.8633 	EXP 	window1: blendMode = 'avg'
16.8716 	EXP 	window1: blendMode = 'avg'
16.8800 	EXP 	window1: blendMode = 'avg'
16.8883 	EXP 	window1: blendMode = 'avg'
16.8967 	EXP 	window1: blendMode = 'avg'
16.9050 	EXP 	window1: blendMode = 'avg'
16.9133 	EXP 	window1: blendMode = 'avg'
16.9216 	EXP 	window1: blendMode = 'avg'
16.9300 	EXP 	window1: blendMode = 'avg'
16.9383 	EXP 	window1: blendMode = 'avg'
16.9466 	EXP 	window1: blendMode = 'avg'
16.9551 	EXP 	window1: blendMode = 'avg'
16.9633 	EXP 	window1: blendMode = 'avg'
16.9716 	EXP 	window1: blendMode = 'avg'
16.9800 	EXP 	window1: blendMode = 'avg'
16.9883 	EXP 	window1: blendMode = 'avg'
16.9967 	EXP 	window1: blendMode = 'avg'
17.0050 	EXP 	window1: blendMode = 'avg'
17.0133 	EXP 	window1: blendMode = 'avg'
17.0216 	EXP 	window1: blendMode = 'avg'
17.0300 	EXP 	window1: blendMode = 'avg'
17.0383 	EXP 	window1: blendMode = 'avg'
17.0467 	EXP 	window1: blendMode = 'avg'
17.0550 	EXP 	window1: blendMode = 'avg'
17.0633 	EXP 	window1: blendMode = 'avg'
17.0717 	EXP 	window1: blendMode = 'avg'
17.0800 	EXP 	window1: blendMode = 'avg'
17.0883 	EXP 	window1: blendMode = 'avg'
17.0967 	EXP 	window1: blendMode = 'avg'
17.1050 	EXP 	window1: blendMode = 'avg'
17.1133 	EXP 	window1: blendMode = 'avg'
17.1217 	EXP 	window1: blendMode = 'avg'
17.1300 	EXP 	window1: blendMode = 'avg'
17.1384 	EXP 	window1: blendMode = 'avg'
17.1467 	EXP 	window1: blendMode = 'avg'
17.1550 	EXP 	window1: blendMode = 'avg'
17.1634 	EXP 	window1: blendMode = 'avg'
17.1717 	EXP 	window1: blendMode = 'avg'
17.1801 	EXP 	window1: blendMode = 'avg'
17.1885 	EXP 	window1: blendMode = 'avg'
17.1967 	EXP 	window1: blendMode = 'avg'
17.2051 	EXP 	window1: blendMode = 'avg'
17.2134 	EXP 	window1: blendMode = 'avg'
17.2217 	EXP 	window1: blendMode = 'avg'
17.2300 	EXP 	window1: blendMode = 'avg'
17.2384 	EXP 	window1: blendMode = 'avg'
17.2467 	EXP 	window1: blendMode = 'avg'
17.2550 	EXP 	window1: blendMode = 'avg'
17.2634 	EXP 	window1: blendMode = 'avg'
17.2717 	EXP 	window1: blendMode = 'avg'
17.2801 	EXP 	window1: blendMode = 'avg'
17.2884 	EXP 	window1: blendMode = 'avg'
17.2967 	EXP 	window1: blendMode = 'avg'
17.3050 	EXP 	window1: blendMode = 'avg'
17.3134 	EXP 	window1: blendMode = 'avg'
17.3217 	EXP 	window1: blendMode = 'avg'
17.3301 	EXP 	window1: blendMode = 'avg'
17.3384 	EXP 	window1: blendMode = 'avg'
17.3467 	EXP 	window1: blendMode = 'avg'
17.3550 	EXP 	window1: blendMode = 'avg'
17.3634 	EXP 	window1: blendMode = 'avg'
17.3717 	EXP 	window1: blendMode = 'avg'
17.3801 	EXP 	window1: blendMode = 'avg'
17.3885 	EXP 	window1: blendMode = 'avg'
17.3967 	EXP 	window1: blendMode = 'avg'
17.4050 	EXP 	window1: blendMode = 'avg'
17.4134 	EXP 	window1: blendMode = 'avg'
17.4220 	EXP 	window1: blendMode = 'avg'
17.4301 	EXP 	window1: blendMode = 'avg'
17.4302 	EXP 	Sound  stopped
17.4419 	EXP 	Imported visual_run1_1.xlsx as conditions, 24 conditions, 6 params
17.4421 	EXP 	Created sequence: sequential, trialTypes=24, nReps=1, seed=None
17.4424 	EXP 	New trial (rep=0, index=0): {'word': 1, 'location': 1, 'image': u'M.png', 'repetition': 1, 'trialnum': 1, 'condition': u'S'}
17.4624 	EXP 	l_block_trial_image: size = array([ 0.5       ,  1.07407407])
17.4624 	EXP 	l_block_trial_image: image = u'M.png'
17.4624 	EXP 	l_block_trial_image: autoDraw = True
18.2467 	EXP 	l_block_trial_image: autoDraw = False
18.2467 	EXP 	l_block_trial_blank: autoDraw = True
18.4389 	EXP 	New trial (rep=0, index=1): {'word': 1, 'location': 2, 'image': u'K.png', 'repetition': 1, 'trialnum': 2, 'condition': u'S'}
18.4484 	EXP 	l_block_trial_image: autoDraw = False
18.4484 	EXP 	l_block_trial_blank: autoDraw = False
18.4484 	EXP 	l_block_trial_image: size = array([ 0.5       ,  1.07407407])
18.4484 	EXP 	l_block_trial_image: image = u'K.png'
18.4484 	EXP 	l_block_trial_image: autoDraw = True
19.2386 	EXP 	l_block_trial_blank: autoDraw = True
19.2469 	EXP 	l_block_trial_image: autoDraw = False
19.4306 	EXP 	New trial (rep=0, index=2): {'word': 1, 'location': 3, 'image': u'B.png', 'repetition': 1, 'trialnum': 3, 'condition': u'S'}
19.4410 	EXP 	l_block_trial_image: autoDraw = False
19.4410 	EXP 	l_block_trial_blank: autoDraw = False
19.4410 	EXP 	l_block_trial_image: size = array([ 0.5       ,  1.07407407])
19.4410 	EXP 	l_block_trial_image: image = u'B.png'
19.4410 	EXP 	l_block_trial_image: autoDraw = True
20.2304 	EXP 	l_block_trial_blank: autoDraw = True
20.2388 	EXP 	l_block_trial_image: autoDraw = False
20.4308 	EXP 	New trial (rep=0, index=3): {'word': 2, 'location': 1, 'image': u'A1.png', 'repetition': 1, 'trialnum': 4, 'condition': u'S'}
20.4399 	EXP 	l_block_trial_image: autoDraw = False
20.4399 	EXP 	l_block_trial_blank: autoDraw = False
20.4399 	EXP 	l_block_trial_image: size = array([ 0.5       ,  1.07407407])
20.4399 	EXP 	l_block_trial_image: image = u'A1.png'
20.4399 	EXP 	l_block_trial_image: autoDraw = True
21.2306 	EXP 	l_block_trial_blank: autoDraw = True
21.2389 	EXP 	l_block_trial_image: autoDraw = False
21.4310 	EXP 	New trial (rep=0, index=4): {'word': 2, 'location': 2, 'image': u'J.png', 'repetition': 1, 'trialnum': 5, 'condition': u'S'}
21.4405 	EXP 	l_block_trial_image: autoDraw = False
21.4405 	EXP 	l_block_trial_blank: autoDraw = False
21.4405 	EXP 	l_block_trial_image: size = array([ 0.5       ,  1.07407407])
21.4405 	EXP 	l_block_trial_image: image = u'J.png'
21.4405 	EXP 	l_block_trial_image: autoDraw = True
22.2308 	EXP 	l_block_trial_blank: autoDraw = True
22.2391 	EXP 	l_block_trial_image: autoDraw = False
22.4311 	EXP 	New trial (rep=0, index=5): {'word': 2, 'location': 3, 'image': u'F.png', 'repetition': 1, 'trialnum': 6, 'condition': u'S'}
22.4407 	EXP 	l_block_trial_image: autoDraw = False
22.4407 	EXP 	l_block_trial_blank: autoDraw = False
22.4407 	EXP 	l_block_trial_image: size = array([ 0.5       ,  1.07407407])
22.4407 	EXP 	l_block_trial_image: image = u'F.png'
22.4407 	EXP 	l_block_trial_image: autoDraw = True
23.2309 	EXP 	l_block_trial_blank: autoDraw = True
23.2393 	EXP 	l_block_trial_image: autoDraw = False
23.4313 	EXP 	New trial (rep=0, index=6): {'word': 3, 'location': 1, 'image': u'D.png', 'repetition': 1, 'trialnum': 7, 'condition': u'S'}
23.4408 	EXP 	l_block_trial_image: autoDraw = False
23.4408 	EXP 	l_block_trial_blank: autoDraw = False
23.4408 	EXP 	l_block_trial_image: size = array([ 0.5       ,  1.07407407])
23.4408 	EXP 	l_block_trial_image: image = u'D.png'
23.4408 	EXP 	l_block_trial_image: autoDraw = True
24.2311 	EXP 	l_block_trial_blank: autoDraw = True
24.2395 	EXP 	l_block_trial_image: autoDraw = False
24.4315 	EXP 	New trial (rep=0, index=7): {'word': 3, 'location': 2, 'image': u'G.png', 'repetition': 1, 'trialnum': 8, 'condition': u'S'}
24.4410 	EXP 	l_block_trial_image: autoDraw = False
24.4410 	EXP 	l_block_trial_blank: autoDraw = False
24.4410 	EXP 	l_block_trial_image: size = array([ 0.5       ,  1.07407407])
24.4410 	EXP 	l_block_trial_image: image = u'G.png'
24.4410 	EXP 	l_block_trial_image: autoDraw = True
25.2313 	EXP 	l_block_trial_blank: autoDraw = True
25.2396 	EXP 	l_block_trial_image: autoDraw = False
25.4317 	EXP 	New trial (rep=0, index=8): {'word': 3, 'location': 3, 'image': u'C.png', 'repetition': 1, 'trialnum': 9, 'condition': u'S'}
25.4412 	EXP 	l_block_trial_image: autoDraw = False
25.4412 	EXP 	l_block_trial_blank: autoDraw = False
25.4412 	EXP 	l_block_trial_image: size = array([ 0.5       ,  1.07407407])
25.4412 	EXP 	l_block_trial_image: image = u'C.png'
25.4412 	EXP 	l_block_trial_image: autoDraw = True
26.2315 	EXP 	l_block_trial_blank: autoDraw = True
26.2398 	EXP 	l_block_trial_image: autoDraw = False
26.4319 	EXP 	New trial (rep=0, index=9): {'word': 1, 'location': 1, 'image': u'M.png', 'repetition': 2, 'trialnum': 10, 'condition': u'S'}
26.4413 	EXP 	l_block_trial_image: autoDraw = False
26.4413 	EXP 	l_block_trial_blank: autoDraw = False
26.4413 	EXP 	l_block_trial_image: size = array([ 0.5       ,  1.07407407])
26.4413 	EXP 	l_block_trial_image: image = u'M.png'
26.4413 	EXP 	l_block_trial_image: autoDraw = True
27.2318 	EXP 	l_block_trial_blank: autoDraw = True
27.2400 	EXP 	l_block_trial_image: autoDraw = False
27.4321 	EXP 	New trial (rep=0, index=10): {'word': 1, 'location': 2, 'image': u'K.png', 'repetition': 2, 'trialnum': 11, 'condition': u'S'}
27.4416 	EXP 	l_block_trial_image: autoDraw = False
27.4416 	EXP 	l_block_trial_blank: autoDraw = False
27.4416 	EXP 	l_block_trial_image: size = array([ 0.5       ,  1.07407407])
27.4416 	EXP 	l_block_trial_image: image = u'K.png'
27.4416 	EXP 	l_block_trial_image: autoDraw = True
28.2319 	EXP 	l_block_trial_blank: autoDraw = True
28.2402 	EXP 	l_block_trial_image: autoDraw = False
28.4323 	EXP 	New trial (rep=0, index=11): {'word': 1, 'location': 3, 'image': u'B.png', 'repetition': 2, 'trialnum': 12, 'condition': u'S'}
28.4418 	EXP 	l_block_trial_image: autoDraw = False
28.4418 	EXP 	l_block_trial_blank: autoDraw = False
28.4418 	EXP 	l_block_trial_image: size = array([ 0.5       ,  1.07407407])
28.4418 	EXP 	l_block_trial_image: image = u'B.png'
28.4418 	EXP 	l_block_trial_image: autoDraw = True
29.2320 	EXP 	l_block_trial_blank: autoDraw = True
29.2404 	EXP 	l_block_trial_image: autoDraw = False
29.4325 	EXP 	New trial (rep=0, index=12): {'word': 4, 'location': 1, 'image': u'E.png', 'repetition': 1, 'trialnum': 13, 'condition': u'S'}
29.4420 	EXP 	l_block_trial_image: autoDraw = False
29.4420 	EXP 	l_block_trial_blank: autoDraw = False
29.4420 	EXP 	l_block_trial_image: size = array([ 0.5       ,  1.07407407])
29.4420 	EXP 	l_block_trial_image: image = u'E.png'
29.4420 	EXP 	l_block_trial_image: autoDraw = True
30.2322 	EXP 	l_block_trial_blank: autoDraw = True
30.2406 	EXP 	l_block_trial_image: autoDraw = False
30.4326 	EXP 	New trial (rep=0, index=13): {'word': 4, 'location': 2, 'image': u'L.png', 'repetition': 1, 'trialnum': 14, 'condition': u'S'}
30.4422 	EXP 	l_block_trial_image: autoDraw = False
30.4422 	EXP 	l_block_trial_blank: autoDraw = False
30.4422 	EXP 	l_block_trial_image: size = array([ 0.5       ,  1.07407407])
30.4422 	EXP 	l_block_trial_image: image = u'L.png'
30.4422 	EXP 	l_block_trial_image: autoDraw = True
31.2324 	EXP 	l_block_trial_blank: autoDraw = True
31.2407 	EXP 	l_block_trial_image: autoDraw = False
31.4328 	EXP 	New trial (rep=0, index=14): {'word': 4, 'location': 3, 'image': u'H.png', 'repetition': 1, 'trialnum': 15, 'condition': u'S'}
31.4424 	EXP 	l_block_trial_image: autoDraw = False
31.4424 	EXP 	l_block_trial_blank: autoDraw = False
31.4424 	EXP 	l_block_trial_image: size = array([ 0.5       ,  1.07407407])
31.4424 	EXP 	l_block_trial_image: image = u'H.png'
31.4424 	EXP 	l_block_trial_image: autoDraw = True
32.2326 	EXP 	l_block_trial_blank: autoDraw = True
32.2409 	EXP 	l_block_trial_image: autoDraw = False
32.4330 	EXP 	New trial (rep=0, index=15): {'word': 2, 'location': 1, 'image': u'A1.png', 'repetition': 2, 'trialnum': 16, 'condition': u'S'}
32.4421 	EXP 	l_block_trial_image: autoDraw = False
32.4421 	EXP 	l_block_trial_blank: autoDraw = False
32.4421 	EXP 	l_block_trial_image: size = array([ 0.5       ,  1.07407407])
32.4421 	EXP 	l_block_trial_image: image = u'A1.png'
32.4421 	EXP 	l_block_trial_image: autoDraw = True
33.2328 	EXP 	l_block_trial_blank: autoDraw = True
33.2411 	EXP 	l_block_trial_image: autoDraw = False
33.4332 	EXP 	New trial (rep=0, index=16): {'word': 2, 'location': 2, 'image': u'J.png', 'repetition': 2, 'trialnum': 17, 'condition': u'S'}
33.4426 	EXP 	l_block_trial_image: autoDraw = False
33.4426 	EXP 	l_block_trial_blank: autoDraw = False
33.4426 	EXP 	l_block_trial_image: size = array([ 0.5       ,  1.07407407])
33.4426 	EXP 	l_block_trial_image: image = u'J.png'
33.4426 	EXP 	l_block_trial_image: autoDraw = True
34.2330 	EXP 	l_block_trial_blank: autoDraw = True
34.2413 	EXP 	l_block_trial_image: autoDraw = False
34.3332 	DATA 	Keypress: escape
